<?xml version="1.0" encoding="UTF-8" standalone="yes"?><!DOCTYPE report PUBLIC "-//JACOCO//DTD Report 1.1//EN" "report.dtd"><report name="Emissary"><sessioninfo id="Connors-MBP.localdomain-991a9661" start="1735784263275" dump="1735784284746"/><sessioninfo id="Connors-MBP.localdomain-78b5f31f" start="1735784263275" dump="1735784284987"/><sessioninfo id="Connors-MBP.localdomain-c1f6cfc4" start="1735784263269" dump="1735784285538"/><sessioninfo id="Connors-MBP.localdomain-134d6ba2" start="1735784263262" dump="1735784285614"/><sessioninfo id="Connors-MBP.localdomain-8f5aa74c" start="1735784263272" dump="1735784290244"/></report>