<?xml version="1.0" encoding="UTF-8" standalone="yes"?><!DOCTYPE report PUBLIC "-//JACOCO//DTD Report 1.1//EN" "report.dtd"><report name="Emissary"><sessioninfo id="Connors-MacBook-Pro.local-e041743" start="1744883068908" dump="1744883086659"/><sessioninfo id="Connors-MacBook-Pro.local-f889a306" start="1744883068905" dump="1744883087230"/><sessioninfo id="Connors-MacBook-Pro.local-b405f7b6" start="1744883068894" dump="1744883087516"/><sessioninfo id="Connors-MacBook-Pro.local-a02f506b" start="1744883068900" dump="1744883088982"/><sessioninfo id="Connors-MacBook-Pro.local-a3a71fff" start="1744883068894" dump="1744883090638"/></report>