<?xml version="1.0" encoding="UTF-8"?>
<testsuite xmlns:xsi="http://www.w3.org/2001/XMLSchema-instance" xsi:noNamespaceSchemaLocation="https://maven.apache.org/surefire/maven-surefire-plugin/xsd/surefire-test-report-3.0.xsd" version="3.0" name="emissary.util.DependencyCheckTest" time="0.056" tests="5" errors="0" skipped="0" failures="0">
  <properties>
[...]
</properties>
  <testcase name="testExecutableDoesNotExist" classname="emissary.util.DependencyCheckTest" time="0.013">
    <system-out><![CDATA[2023-12-12 00:43:53,282 [using logback-test.xml]  INFO emissary.command.BaseCommand - sample.dat HTML_ESCAPE.HTMLESCAPE.TRANSFORM.http://localhost:8001/HtmlEscapePlace - PROJECT_BASE is set to /Users/connor/Projects/work/emissary/target 
2023-12-12 00:43:53,282 [using logback-test.xml]  INFO emissary.command.BaseCommand - sample.dat HTML_ESCAPE.HTMLESCAPE.TRANSFORM.http://localhost:8001/HtmlEscapePlace - Setting emissary.config.dir to /Users/connor/Projects/work/emissary/target/config 
2023-12-12 00:43:53,282 [using logback-test.xml]  INFO emissary.command.BaseCommand - sample.dat HTML_ESCAPE.HTMLESCAPE.TRANSFORM.http://localhost:8001/HtmlEscapePlace - Setting emissary.bin.dir to /Users/connor/Projects/work/emissary/target/bin 
2023-12-12 00:43:53,282 [using logback-test.xml]  INFO emissary.command.BaseCommand - sample.dat HTML_ESCAPE.HTMLESCAPE.TRANSFORM.http://localhost:8001/HtmlEscapePlace - Setting emissary.output.root to /Users/connor/Projects/work/emissary/target/localoutput 
2023-12-12 00:43:53,282 [using logback-test.xml]  INFO emissary.command.BaseCommand - sample.dat HTML_ESCAPE.HTMLESCAPE.TRANSFORM.http://localhost:8001/HtmlEscapePlace - Emissary error dir set to /Users/connor/Projects/work/emissary/target/localerror 
2023-12-12 00:43:53,282 [using logback-test.xml]  INFO emissary.command.BaseCommand - sample.dat HTML_ESCAPE.HTMLESCAPE.TRANSFORM.http://localhost:8001/HtmlEscapePlace - Setting emissary.node.name to localhost 
2023-12-12 00:43:53,282 [using logback-test.xml]  INFO emissary.command.BaseCommand - sample.dat HTML_ESCAPE.HTMLESCAPE.TRANSFORM.http://localhost:8001/HtmlEscapePlace - Setting emissary.node.port to 8001 
2023-12-12 00:43:53,282 [using logback-test.xml]  INFO emissary.command.BaseCommand - sample.dat HTML_ESCAPE.HTMLESCAPE.TRANSFORM.http://localhost:8001/HtmlEscapePlace - Setting emissary.node.scheme to http 
2023-12-12 00:43:53,282 [using logback-test.xml]  WARN emissary.command.BaseCommand - sample.dat HTML_ESCAPE.HTMLESCAPE.TRANSFORM.http://localhost:8001/HtmlEscapePlace - Not using /Users/connor/Projects/work/emissary/target/config/logback.xml, staying with test config file:/Users/connor/Projects/work/emissary/target/test-classes/logback-test.xml
2023-12-12 00:43:53,284 [using logback-test.xml]  INFO emissary.command.BaseCommand - sample.dat HTML_ESCAPE.HTMLESCAPE.TRANSFORM.http://localhost:8001/HtmlEscapePlace - Overriding current emissary.config.flavor null to CLUSTER 
2023-12-12 00:43:53,284 [using logback-test.xml]  INFO emissary.command.BaseCommand - sample.dat HTML_ESCAPE.HTMLESCAPE.TRANSFORM.http://localhost:8001/HtmlEscapePlace - PROJECT_BASE is set to /Users/connor/Projects/work/emissary/target 
2023-12-12 00:43:53,284 [using logback-test.xml]  INFO emissary.command.BaseCommand - sample.dat HTML_ESCAPE.HTMLESCAPE.TRANSFORM.http://localhost:8001/HtmlEscapePlace - Setting emissary.config.dir to /Users/connor/Projects/work/emissary/target/config 
2023-12-12 00:43:53,284 [using logback-test.xml]  INFO emissary.command.BaseCommand - sample.dat HTML_ESCAPE.HTMLESCAPE.TRANSFORM.http://localhost:8001/HtmlEscapePlace - Setting emissary.bin.dir to /Users/connor/Projects/work/emissary/target/bin 
2023-12-12 00:43:53,284 [using logback-test.xml]  INFO emissary.command.BaseCommand - sample.dat HTML_ESCAPE.HTMLESCAPE.TRANSFORM.http://localhost:8001/HtmlEscapePlace - Setting emissary.output.root to /Users/connor/Projects/work/emissary/target/localoutput 
2023-12-12 00:43:53,284 [using logback-test.xml]  INFO emissary.command.BaseCommand - sample.dat HTML_ESCAPE.HTMLESCAPE.TRANSFORM.http://localhost:8001/HtmlEscapePlace - Emissary error dir set to /Users/connor/Projects/work/emissary/target/localerror 
2023-12-12 00:43:53,284 [using logback-test.xml]  INFO emissary.command.BaseCommand - sample.dat HTML_ESCAPE.HTMLESCAPE.TRANSFORM.http://localhost:8001/HtmlEscapePlace - Setting emissary.config.flavor to CLUSTER 
2023-12-12 00:43:53,284 [using logback-test.xml]  INFO emissary.command.BaseCommand - sample.dat HTML_ESCAPE.HTMLESCAPE.TRANSFORM.http://localhost:8001/HtmlEscapePlace - Setting emissary.node.name to localhost 
2023-12-12 00:43:53,284 [using logback-test.xml]  INFO emissary.command.BaseCommand - sample.dat HTML_ESCAPE.HTMLESCAPE.TRANSFORM.http://localhost:8001/HtmlEscapePlace - Setting emissary.node.port to 8001 
2023-12-12 00:43:53,284 [using logback-test.xml]  INFO emissary.command.BaseCommand - sample.dat HTML_ESCAPE.HTMLESCAPE.TRANSFORM.http://localhost:8001/HtmlEscapePlace - Setting emissary.node.scheme to http 
2023-12-12 00:43:53,284 [using logback-test.xml]  WARN emissary.command.BaseCommand - sample.dat HTML_ESCAPE.HTMLESCAPE.TRANSFORM.http://localhost:8001/HtmlEscapePlace - Not using /Users/connor/Projects/work/emissary/target/config/logback.xml, staying with test config file:/Users/connor/Projects/work/emissary/target/test-classes/logback-test.xml
2023-12-12 00:43:53,284 [using logback-test.xml]  INFO emissary.command.BaseCommand - sample.dat HTML_ESCAPE.HTMLESCAPE.TRANSFORM.http://localhost:8001/HtmlEscapePlace - Overriding current emissary.config.flavor CLUSTER to CLUSTER 
2023-12-12 00:43:53,293 [using logback-test.xml] DEBUG emissary.config.ConfigUtil - sample.dat HTML_ESCAPE.HTMLESCAPE.TRANSFORM.http://localhost:8001/HtmlEscapePlace - Configured configDirProperty /Users/connor/Projects/work/emissary/target/config
]]></system-out>
  </testcase>
  <testcase name="testDependencyReport" classname="emissary.util.DependencyCheckTest" time="0.013">
    <system-out><![CDATA[2023-12-12 00:43:53,300 [using logback-test.xml]  INFO emissary.command.BaseCommand - sample.dat HTML_ESCAPE.HTMLESCAPE.TRANSFORM.http://localhost:8001/HtmlEscapePlace - PROJECT_BASE is set to /Users/connor/Projects/work/emissary/target 
2023-12-12 00:43:53,300 [using logback-test.xml]  INFO emissary.command.BaseCommand - sample.dat HTML_ESCAPE.HTMLESCAPE.TRANSFORM.http://localhost:8001/HtmlEscapePlace - Setting emissary.config.dir to /Users/connor/Projects/work/emissary/target/config 
2023-12-12 00:43:53,300 [using logback-test.xml]  INFO emissary.command.BaseCommand - sample.dat HTML_ESCAPE.HTMLESCAPE.TRANSFORM.http://localhost:8001/HtmlEscapePlace - Setting emissary.bin.dir to /Users/connor/Projects/work/emissary/target/bin 
2023-12-12 00:43:53,300 [using logback-test.xml]  INFO emissary.command.BaseCommand - sample.dat HTML_ESCAPE.HTMLESCAPE.TRANSFORM.http://localhost:8001/HtmlEscapePlace - Setting emissary.output.root to /Users/connor/Projects/work/emissary/target/localoutput 
2023-12-12 00:43:53,300 [using logback-test.xml]  INFO emissary.command.BaseCommand - sample.dat HTML_ESCAPE.HTMLESCAPE.TRANSFORM.http://localhost:8001/HtmlEscapePlace - Emissary error dir set to /Users/connor/Projects/work/emissary/target/localerror 
2023-12-12 00:43:53,300 [using logback-test.xml]  INFO emissary.command.BaseCommand - sample.dat HTML_ESCAPE.HTMLESCAPE.TRANSFORM.http://localhost:8001/HtmlEscapePlace - Setting emissary.node.name to localhost 
2023-12-12 00:43:53,300 [using logback-test.xml]  INFO emissary.command.BaseCommand - sample.dat HTML_ESCAPE.HTMLESCAPE.TRANSFORM.http://localhost:8001/HtmlEscapePlace - Setting emissary.node.port to 8001 
2023-12-12 00:43:53,300 [using logback-test.xml]  INFO emissary.command.BaseCommand - sample.dat HTML_ESCAPE.HTMLESCAPE.TRANSFORM.http://localhost:8001/HtmlEscapePlace - Setting emissary.node.scheme to http 
2023-12-12 00:43:53,300 [using logback-test.xml]  WARN emissary.command.BaseCommand - sample.dat HTML_ESCAPE.HTMLESCAPE.TRANSFORM.http://localhost:8001/HtmlEscapePlace - Not using /Users/connor/Projects/work/emissary/target/config/logback.xml, staying with test config file:/Users/connor/Projects/work/emissary/target/test-classes/logback-test.xml
2023-12-12 00:43:53,302 [using logback-test.xml]  INFO emissary.command.BaseCommand - sample.dat HTML_ESCAPE.HTMLESCAPE.TRANSFORM.http://localhost:8001/HtmlEscapePlace - Overriding current emissary.config.flavor null to CLUSTER 
2023-12-12 00:43:53,302 [using logback-test.xml]  INFO emissary.command.BaseCommand - sample.dat HTML_ESCAPE.HTMLESCAPE.TRANSFORM.http://localhost:8001/HtmlEscapePlace - PROJECT_BASE is set to /Users/connor/Projects/work/emissary/target 
2023-12-12 00:43:53,302 [using logback-test.xml]  INFO emissary.command.BaseCommand - sample.dat HTML_ESCAPE.HTMLESCAPE.TRANSFORM.http://localhost:8001/HtmlEscapePlace - Setting emissary.config.dir to /Users/connor/Projects/work/emissary/target/config 
2023-12-12 00:43:53,302 [using logback-test.xml]  INFO emissary.command.BaseCommand - sample.dat HTML_ESCAPE.HTMLESCAPE.TRANSFORM.http://localhost:8001/HtmlEscapePlace - Setting emissary.bin.dir to /Users/connor/Projects/work/emissary/target/bin 
2023-12-12 00:43:53,302 [using logback-test.xml]  INFO emissary.command.BaseCommand - sample.dat HTML_ESCAPE.HTMLESCAPE.TRANSFORM.http://localhost:8001/HtmlEscapePlace - Setting emissary.output.root to /Users/connor/Projects/work/emissary/target/localoutput 
2023-12-12 00:43:53,302 [using logback-test.xml]  INFO emissary.command.BaseCommand - sample.dat HTML_ESCAPE.HTMLESCAPE.TRANSFORM.http://localhost:8001/HtmlEscapePlace - Emissary error dir set to /Users/connor/Projects/work/emissary/target/localerror 
2023-12-12 00:43:53,302 [using logback-test.xml]  INFO emissary.command.BaseCommand - sample.dat HTML_ESCAPE.HTMLESCAPE.TRANSFORM.http://localhost:8001/HtmlEscapePlace - Setting emissary.config.flavor to CLUSTER 
2023-12-12 00:43:53,302 [using logback-test.xml]  INFO emissary.command.BaseCommand - sample.dat HTML_ESCAPE.HTMLESCAPE.TRANSFORM.http://localhost:8001/HtmlEscapePlace - Setting emissary.node.name to localhost 
2023-12-12 00:43:53,302 [using logback-test.xml]  INFO emissary.command.BaseCommand - sample.dat HTML_ESCAPE.HTMLESCAPE.TRANSFORM.http://localhost:8001/HtmlEscapePlace - Setting emissary.node.port to 8001 
2023-12-12 00:43:53,302 [using logback-test.xml]  INFO emissary.command.BaseCommand - sample.dat HTML_ESCAPE.HTMLESCAPE.TRANSFORM.http://localhost:8001/HtmlEscapePlace - Setting emissary.node.scheme to http 
2023-12-12 00:43:53,302 [using logback-test.xml]  WARN emissary.command.BaseCommand - sample.dat HTML_ESCAPE.HTMLESCAPE.TRANSFORM.http://localhost:8001/HtmlEscapePlace - Not using /Users/connor/Projects/work/emissary/target/config/logback.xml, staying with test config file:/Users/connor/Projects/work/emissary/target/test-classes/logback-test.xml
2023-12-12 00:43:53,303 [using logback-test.xml]  INFO emissary.command.BaseCommand - sample.dat HTML_ESCAPE.HTMLESCAPE.TRANSFORM.http://localhost:8001/HtmlEscapePlace - Overriding current emissary.config.flavor CLUSTER to CLUSTER 
2023-12-12 00:43:53,314 [using logback-test.xml] DEBUG emissary.config.ConfigUtil - sample.dat HTML_ESCAPE.HTMLESCAPE.TRANSFORM.http://localhost:8001/HtmlEscapePlace - Configured configDirProperty /Users/connor/Projects/work/emissary/target/config
]]></system-out>
  </testcase>
  <testcase name="testFileDoesNotExists" classname="emissary.util.DependencyCheckTest" time="0.001">
    <system-out><![CDATA[2023-12-12 00:43:53,318 [using logback-test.xml]  INFO emissary.command.BaseCommand - sample.dat HTML_ESCAPE.HTMLESCAPE.TRANSFORM.http://localhost:8001/HtmlEscapePlace - PROJECT_BASE is set to /Users/connor/Projects/work/emissary/target 
2023-12-12 00:43:53,318 [using logback-test.xml]  INFO emissary.command.BaseCommand - sample.dat HTML_ESCAPE.HTMLESCAPE.TRANSFORM.http://localhost:8001/HtmlEscapePlace - Setting emissary.config.dir to /Users/connor/Projects/work/emissary/target/config 
2023-12-12 00:43:53,318 [using logback-test.xml]  INFO emissary.command.BaseCommand - sample.dat HTML_ESCAPE.HTMLESCAPE.TRANSFORM.http://localhost:8001/HtmlEscapePlace - Setting emissary.bin.dir to /Users/connor/Projects/work/emissary/target/bin 
2023-12-12 00:43:53,318 [using logback-test.xml]  INFO emissary.command.BaseCommand - sample.dat HTML_ESCAPE.HTMLESCAPE.TRANSFORM.http://localhost:8001/HtmlEscapePlace - Setting emissary.output.root to /Users/connor/Projects/work/emissary/target/localoutput 
2023-12-12 00:43:53,318 [using logback-test.xml]  INFO emissary.command.BaseCommand - sample.dat HTML_ESCAPE.HTMLESCAPE.TRANSFORM.http://localhost:8001/HtmlEscapePlace - Emissary error dir set to /Users/connor/Projects/work/emissary/target/localerror 
2023-12-12 00:43:53,318 [using logback-test.xml]  INFO emissary.command.BaseCommand - sample.dat HTML_ESCAPE.HTMLESCAPE.TRANSFORM.http://localhost:8001/HtmlEscapePlace - Setting emissary.node.name to localhost 
2023-12-12 00:43:53,318 [using logback-test.xml]  INFO emissary.command.BaseCommand - sample.dat HTML_ESCAPE.HTMLESCAPE.TRANSFORM.http://localhost:8001/HtmlEscapePlace - Setting emissary.node.port to 8001 
2023-12-12 00:43:53,318 [using logback-test.xml]  INFO emissary.command.BaseCommand - sample.dat HTML_ESCAPE.HTMLESCAPE.TRANSFORM.http://localhost:8001/HtmlEscapePlace - Setting emissary.node.scheme to http 
2023-12-12 00:43:53,318 [using logback-test.xml]  WARN emissary.command.BaseCommand - sample.dat HTML_ESCAPE.HTMLESCAPE.TRANSFORM.http://localhost:8001/HtmlEscapePlace - Not using /Users/connor/Projects/work/emissary/target/config/logback.xml, staying with test config file:/Users/connor/Projects/work/emissary/target/test-classes/logback-test.xml
2023-12-12 00:43:53,320 [using logback-test.xml]  INFO emissary.command.BaseCommand - sample.dat HTML_ESCAPE.HTMLESCAPE.TRANSFORM.http://localhost:8001/HtmlEscapePlace - Overriding current emissary.config.flavor null to CLUSTER 
2023-12-12 00:43:53,320 [using logback-test.xml]  INFO emissary.command.BaseCommand - sample.dat HTML_ESCAPE.HTMLESCAPE.TRANSFORM.http://localhost:8001/HtmlEscapePlace - PROJECT_BASE is set to /Users/connor/Projects/work/emissary/target 
2023-12-12 00:43:53,320 [using logback-test.xml]  INFO emissary.command.BaseCommand - sample.dat HTML_ESCAPE.HTMLESCAPE.TRANSFORM.http://localhost:8001/HtmlEscapePlace - Setting emissary.config.dir to /Users/connor/Projects/work/emissary/target/config 
2023-12-12 00:43:53,320 [using logback-test.xml]  INFO emissary.command.BaseCommand - sample.dat HTML_ESCAPE.HTMLESCAPE.TRANSFORM.http://localhost:8001/HtmlEscapePlace - Setting emissary.bin.dir to /Users/connor/Projects/work/emissary/target/bin 
2023-12-12 00:43:53,320 [using logback-test.xml]  INFO emissary.command.BaseCommand - sample.dat HTML_ESCAPE.HTMLESCAPE.TRANSFORM.http://localhost:8001/HtmlEscapePlace - Setting emissary.output.root to /Users/connor/Projects/work/emissary/target/localoutput 
2023-12-12 00:43:53,320 [using logback-test.xml]  INFO emissary.command.BaseCommand - sample.dat HTML_ESCAPE.HTMLESCAPE.TRANSFORM.http://localhost:8001/HtmlEscapePlace - Emissary error dir set to /Users/connor/Projects/work/emissary/target/localerror 
2023-12-12 00:43:53,320 [using logback-test.xml]  INFO emissary.command.BaseCommand - sample.dat HTML_ESCAPE.HTMLESCAPE.TRANSFORM.http://localhost:8001/HtmlEscapePlace - Setting emissary.config.flavor to CLUSTER 
2023-12-12 00:43:53,320 [using logback-test.xml]  INFO emissary.command.BaseCommand - sample.dat HTML_ESCAPE.HTMLESCAPE.TRANSFORM.http://localhost:8001/HtmlEscapePlace - Setting emissary.node.name to localhost 
2023-12-12 00:43:53,320 [using logback-test.xml]  INFO emissary.command.BaseCommand - sample.dat HTML_ESCAPE.HTMLESCAPE.TRANSFORM.http://localhost:8001/HtmlEscapePlace - Setting emissary.node.port to 8001 
2023-12-12 00:43:53,320 [using logback-test.xml]  INFO emissary.command.BaseCommand - sample.dat HTML_ESCAPE.HTMLESCAPE.TRANSFORM.http://localhost:8001/HtmlEscapePlace - Setting emissary.node.scheme to http 
2023-12-12 00:43:53,320 [using logback-test.xml]  WARN emissary.command.BaseCommand - sample.dat HTML_ESCAPE.HTMLESCAPE.TRANSFORM.http://localhost:8001/HtmlEscapePlace - Not using /Users/connor/Projects/work/emissary/target/config/logback.xml, staying with test config file:/Users/connor/Projects/work/emissary/target/test-classes/logback-test.xml
2023-12-12 00:43:53,321 [using logback-test.xml]  INFO emissary.command.BaseCommand - sample.dat HTML_ESCAPE.HTMLESCAPE.TRANSFORM.http://localhost:8001/HtmlEscapePlace - Overriding current emissary.config.flavor CLUSTER to CLUSTER 
2023-12-12 00:43:53,321 [using logback-test.xml] DEBUG emissary.config.ConfigUtil - sample.dat HTML_ESCAPE.HTMLESCAPE.TRANSFORM.http://localhost:8001/HtmlEscapePlace - Configured configDirProperty /Users/connor/Projects/work/emissary/target/config
]]></system-out>
  </testcase>
  <testcase name="testDirectoryDoesNotExists" classname="emissary.util.DependencyCheckTest" time="0.001">
    <system-out><![CDATA[2023-12-12 00:43:53,324 [using logback-test.xml]  INFO emissary.command.BaseCommand - sample.dat HTML_ESCAPE.HTMLESCAPE.TRANSFORM.http://localhost:8001/HtmlEscapePlace - PROJECT_BASE is set to /Users/connor/Projects/work/emissary/target 
2023-12-12 00:43:53,324 [using logback-test.xml]  INFO emissary.command.BaseCommand - sample.dat HTML_ESCAPE.HTMLESCAPE.TRANSFORM.http://localhost:8001/HtmlEscapePlace - Setting emissary.config.dir to /Users/connor/Projects/work/emissary/target/config 
2023-12-12 00:43:53,324 [using logback-test.xml]  INFO emissary.command.BaseCommand - sample.dat HTML_ESCAPE.HTMLESCAPE.TRANSFORM.http://localhost:8001/HtmlEscapePlace - Setting emissary.bin.dir to /Users/connor/Projects/work/emissary/target/bin 
2023-12-12 00:43:53,324 [using logback-test.xml]  INFO emissary.command.BaseCommand - sample.dat HTML_ESCAPE.HTMLESCAPE.TRANSFORM.http://localhost:8001/HtmlEscapePlace - Setting emissary.output.root to /Users/connor/Projects/work/emissary/target/localoutput 
2023-12-12 00:43:53,324 [using logback-test.xml]  INFO emissary.command.BaseCommand - sample.dat HTML_ESCAPE.HTMLESCAPE.TRANSFORM.http://localhost:8001/HtmlEscapePlace - Emissary error dir set to /Users/connor/Projects/work/emissary/target/localerror 
2023-12-12 00:43:53,324 [using logback-test.xml]  INFO emissary.command.BaseCommand - sample.dat HTML_ESCAPE.HTMLESCAPE.TRANSFORM.http://localhost:8001/HtmlEscapePlace - Setting emissary.node.name to localhost 
2023-12-12 00:43:53,324 [using logback-test.xml]  INFO emissary.command.BaseCommand - sample.dat HTML_ESCAPE.HTMLESCAPE.TRANSFORM.http://localhost:8001/HtmlEscapePlace - Setting emissary.node.port to 8001 
2023-12-12 00:43:53,324 [using logback-test.xml]  INFO emissary.command.BaseCommand - sample.dat HTML_ESCAPE.HTMLESCAPE.TRANSFORM.http://localhost:8001/HtmlEscapePlace - Setting emissary.node.scheme to http 
2023-12-12 00:43:53,324 [using logback-test.xml]  WARN emissary.command.BaseCommand - sample.dat HTML_ESCAPE.HTMLESCAPE.TRANSFORM.http://localhost:8001/HtmlEscapePlace - Not using /Users/connor/Projects/work/emissary/target/config/logback.xml, staying with test config file:/Users/connor/Projects/work/emissary/target/test-classes/logback-test.xml
2023-12-12 00:43:53,325 [using logback-test.xml]  INFO emissary.command.BaseCommand - sample.dat HTML_ESCAPE.HTMLESCAPE.TRANSFORM.http://localhost:8001/HtmlEscapePlace - Overriding current emissary.config.flavor null to CLUSTER 
2023-12-12 00:43:53,325 [using logback-test.xml]  INFO emissary.command.BaseCommand - sample.dat HTML_ESCAPE.HTMLESCAPE.TRANSFORM.http://localhost:8001/HtmlEscapePlace - PROJECT_BASE is set to /Users/connor/Projects/work/emissary/target 
2023-12-12 00:43:53,325 [using logback-test.xml]  INFO emissary.command.BaseCommand - sample.dat HTML_ESCAPE.HTMLESCAPE.TRANSFORM.http://localhost:8001/HtmlEscapePlace - Setting emissary.config.dir to /Users/connor/Projects/work/emissary/target/config 
2023-12-12 00:43:53,325 [using logback-test.xml]  INFO emissary.command.BaseCommand - sample.dat HTML_ESCAPE.HTMLESCAPE.TRANSFORM.http://localhost:8001/HtmlEscapePlace - Setting emissary.bin.dir to /Users/connor/Projects/work/emissary/target/bin 
2023-12-12 00:43:53,325 [using logback-test.xml]  INFO emissary.command.BaseCommand - sample.dat HTML_ESCAPE.HTMLESCAPE.TRANSFORM.http://localhost:8001/HtmlEscapePlace - Setting emissary.output.root to /Users/connor/Projects/work/emissary/target/localoutput 
2023-12-12 00:43:53,325 [using logback-test.xml]  INFO emissary.command.BaseCommand - sample.dat HTML_ESCAPE.HTMLESCAPE.TRANSFORM.http://localhost:8001/HtmlEscapePlace - Emissary error dir set to /Users/connor/Projects/work/emissary/target/localerror 
2023-12-12 00:43:53,325 [using logback-test.xml]  INFO emissary.command.BaseCommand - sample.dat HTML_ESCAPE.HTMLESCAPE.TRANSFORM.http://localhost:8001/HtmlEscapePlace - Setting emissary.config.flavor to CLUSTER 
2023-12-12 00:43:53,325 [using logback-test.xml]  INFO emissary.command.BaseCommand - sample.dat HTML_ESCAPE.HTMLESCAPE.TRANSFORM.http://localhost:8001/HtmlEscapePlace - Setting emissary.node.name to localhost 
2023-12-12 00:43:53,325 [using logback-test.xml]  INFO emissary.command.BaseCommand - sample.dat HTML_ESCAPE.HTMLESCAPE.TRANSFORM.http://localhost:8001/HtmlEscapePlace - Setting emissary.node.port to 8001 
2023-12-12 00:43:53,325 [using logback-test.xml]  INFO emissary.command.BaseCommand - sample.dat HTML_ESCAPE.HTMLESCAPE.TRANSFORM.http://localhost:8001/HtmlEscapePlace - Setting emissary.node.scheme to http 
2023-12-12 00:43:53,325 [using logback-test.xml]  WARN emissary.command.BaseCommand - sample.dat HTML_ESCAPE.HTMLESCAPE.TRANSFORM.http://localhost:8001/HtmlEscapePlace - Not using /Users/connor/Projects/work/emissary/target/config/logback.xml, staying with test config file:/Users/connor/Projects/work/emissary/target/test-classes/logback-test.xml
2023-12-12 00:43:53,325 [using logback-test.xml]  INFO emissary.command.BaseCommand - sample.dat HTML_ESCAPE.HTMLESCAPE.TRANSFORM.http://localhost:8001/HtmlEscapePlace - Overriding current emissary.config.flavor CLUSTER to CLUSTER 
2023-12-12 00:43:53,326 [using logback-test.xml] DEBUG emissary.config.ConfigUtil - sample.dat HTML_ESCAPE.HTMLESCAPE.TRANSFORM.http://localhost:8001/HtmlEscapePlace - Configured configDirProperty /Users/connor/Projects/work/emissary/target/config
]]></system-out>
  </testcase>
  <testcase name="testExecutableExist" classname="emissary.util.DependencyCheckTest" time="0.007">
    <system-out><![CDATA[2023-12-12 00:43:53,327 [using logback-test.xml]  INFO emissary.command.BaseCommand - sample.dat HTML_ESCAPE.HTMLESCAPE.TRANSFORM.http://localhost:8001/HtmlEscapePlace - PROJECT_BASE is set to /Users/connor/Projects/work/emissary/target 
2023-12-12 00:43:53,328 [using logback-test.xml]  INFO emissary.command.BaseCommand - sample.dat HTML_ESCAPE.HTMLESCAPE.TRANSFORM.http://localhost:8001/HtmlEscapePlace - Setting emissary.config.dir to /Users/connor/Projects/work/emissary/target/config 
2023-12-12 00:43:53,328 [using logback-test.xml]  INFO emissary.command.BaseCommand - sample.dat HTML_ESCAPE.HTMLESCAPE.TRANSFORM.http://localhost:8001/HtmlEscapePlace - Setting emissary.bin.dir to /Users/connor/Projects/work/emissary/target/bin 
2023-12-12 00:43:53,328 [using logback-test.xml]  INFO emissary.command.BaseCommand - sample.dat HTML_ESCAPE.HTMLESCAPE.TRANSFORM.http://localhost:8001/HtmlEscapePlace - Setting emissary.output.root to /Users/connor/Projects/work/emissary/target/localoutput 
2023-12-12 00:43:53,328 [using logback-test.xml]  INFO emissary.command.BaseCommand - sample.dat HTML_ESCAPE.HTMLESCAPE.TRANSFORM.http://localhost:8001/HtmlEscapePlace - Emissary error dir set to /Users/connor/Projects/work/emissary/target/localerror 
2023-12-12 00:43:53,328 [using logback-test.xml]  INFO emissary.command.BaseCommand - sample.dat HTML_ESCAPE.HTMLESCAPE.TRANSFORM.http://localhost:8001/HtmlEscapePlace - Setting emissary.node.name to localhost 
2023-12-12 00:43:53,328 [using logback-test.xml]  INFO emissary.command.BaseCommand - sample.dat HTML_ESCAPE.HTMLESCAPE.TRANSFORM.http://localhost:8001/HtmlEscapePlace - Setting emissary.node.port to 8001 
2023-12-12 00:43:53,328 [using logback-test.xml]  INFO emissary.command.BaseCommand - sample.dat HTML_ESCAPE.HTMLESCAPE.TRANSFORM.http://localhost:8001/HtmlEscapePlace - Setting emissary.node.scheme to http 
2023-12-12 00:43:53,328 [using logback-test.xml]  WARN emissary.command.BaseCommand - sample.dat HTML_ESCAPE.HTMLESCAPE.TRANSFORM.http://localhost:8001/HtmlEscapePlace - Not using /Users/connor/Projects/work/emissary/target/config/logback.xml, staying with test config file:/Users/connor/Projects/work/emissary/target/test-classes/logback-test.xml
2023-12-12 00:43:53,328 [using logback-test.xml]  INFO emissary.command.BaseCommand - sample.dat HTML_ESCAPE.HTMLESCAPE.TRANSFORM.http://localhost:8001/HtmlEscapePlace - Overriding current emissary.config.flavor null to CLUSTER 
2023-12-12 00:43:53,328 [using logback-test.xml]  INFO emissary.command.BaseCommand - sample.dat HTML_ESCAPE.HTMLESCAPE.TRANSFORM.http://localhost:8001/HtmlEscapePlace - PROJECT_BASE is set to /Users/connor/Projects/work/emissary/target 
2023-12-12 00:43:53,328 [using logback-test.xml]  INFO emissary.command.BaseCommand - sample.dat HTML_ESCAPE.HTMLESCAPE.TRANSFORM.http://localhost:8001/HtmlEscapePlace - Setting emissary.config.dir to /Users/connor/Projects/work/emissary/target/config 
2023-12-12 00:43:53,328 [using logback-test.xml]  INFO emissary.command.BaseCommand - sample.dat HTML_ESCAPE.HTMLESCAPE.TRANSFORM.http://localhost:8001/HtmlEscapePlace - Setting emissary.bin.dir to /Users/connor/Projects/work/emissary/target/bin 
2023-12-12 00:43:53,328 [using logback-test.xml]  INFO emissary.command.BaseCommand - sample.dat HTML_ESCAPE.HTMLESCAPE.TRANSFORM.http://localhost:8001/HtmlEscapePlace - Setting emissary.output.root to /Users/connor/Projects/work/emissary/target/localoutput 
2023-12-12 00:43:53,328 [using logback-test.xml]  INFO emissary.command.BaseCommand - sample.dat HTML_ESCAPE.HTMLESCAPE.TRANSFORM.http://localhost:8001/HtmlEscapePlace - Emissary error dir set to /Users/connor/Projects/work/emissary/target/localerror 
2023-12-12 00:43:53,328 [using logback-test.xml]  INFO emissary.command.BaseCommand - sample.dat HTML_ESCAPE.HTMLESCAPE.TRANSFORM.http://localhost:8001/HtmlEscapePlace - Setting emissary.config.flavor to CLUSTER 
2023-12-12 00:43:53,328 [using logback-test.xml]  INFO emissary.command.BaseCommand - sample.dat HTML_ESCAPE.HTMLESCAPE.TRANSFORM.http://localhost:8001/HtmlEscapePlace - Setting emissary.node.name to localhost 
2023-12-12 00:43:53,328 [using logback-test.xml]  INFO emissary.command.BaseCommand - sample.dat HTML_ESCAPE.HTMLESCAPE.TRANSFORM.http://localhost:8001/HtmlEscapePlace - Setting emissary.node.port to 8001 
2023-12-12 00:43:53,328 [using logback-test.xml]  INFO emissary.command.BaseCommand - sample.dat HTML_ESCAPE.HTMLESCAPE.TRANSFORM.http://localhost:8001/HtmlEscapePlace - Setting emissary.node.scheme to http 
2023-12-12 00:43:53,328 [using logback-test.xml]  WARN emissary.command.BaseCommand - sample.dat HTML_ESCAPE.HTMLESCAPE.TRANSFORM.http://localhost:8001/HtmlEscapePlace - Not using /Users/connor/Projects/work/emissary/target/config/logback.xml, staying with test config file:/Users/connor/Projects/work/emissary/target/test-classes/logback-test.xml
2023-12-12 00:43:53,329 [using logback-test.xml]  INFO emissary.command.BaseCommand - sample.dat HTML_ESCAPE.HTMLESCAPE.TRANSFORM.http://localhost:8001/HtmlEscapePlace - Overriding current emissary.config.flavor CLUSTER to CLUSTER 
2023-12-12 00:43:53,334 [using logback-test.xml] DEBUG emissary.config.ConfigUtil - sample.dat HTML_ESCAPE.HTMLESCAPE.TRANSFORM.http://localhost:8001/HtmlEscapePlace - Configured configDirProperty /Users/connor/Projects/work/emissary/target/config
]]></system-out>
  </testcase>
</testsuite>