<?xml version="1.0" encoding="UTF-8"?>
<testsuite xmlns:xsi="http://www.w3.org/2001/XMLSchema-instance" xsi:noNamespaceSchemaLocation="https://maven.apache.org/surefire/maven-surefire-plugin/xsd/surefire-test-report-3.0.xsd" version="3.0" name="emissary.place.ServiceProviderPlaceTest" time="0.236" tests="22" errors="0" skipped="0" failures="0">
  <properties>
[...]
</properties>
  <testcase name="testMBeanInteration" classname="emissary.place.ServiceProviderPlaceTest" time="0.003">
    <system-out><![CDATA[2023-12-12 00:43:52,545 [using logback-test.xml]  INFO emissary.command.BaseCommand - sample.dat HTML_ESCAPE.HTMLESCAPE.TRANSFORM.http://localhost:8001/HtmlEscapePlace - PROJECT_BASE is set to /Users/connor/Projects/work/emissary/target 
2023-12-12 00:43:52,545 [using logback-test.xml]  INFO emissary.command.BaseCommand - sample.dat HTML_ESCAPE.HTMLESCAPE.TRANSFORM.http://localhost:8001/HtmlEscapePlace - Setting emissary.config.dir to /Users/connor/Projects/work/emissary/target/config 
2023-12-12 00:43:52,545 [using logback-test.xml]  INFO emissary.command.BaseCommand - sample.dat HTML_ESCAPE.HTMLESCAPE.TRANSFORM.http://localhost:8001/HtmlEscapePlace - Setting emissary.bin.dir to /Users/connor/Projects/work/emissary/target/bin 
2023-12-12 00:43:52,545 [using logback-test.xml]  INFO emissary.command.BaseCommand - sample.dat HTML_ESCAPE.HTMLESCAPE.TRANSFORM.http://localhost:8001/HtmlEscapePlace - Setting emissary.output.root to /Users/connor/Projects/work/emissary/target/localoutput 
2023-12-12 00:43:52,545 [using logback-test.xml]  INFO emissary.command.BaseCommand - sample.dat HTML_ESCAPE.HTMLESCAPE.TRANSFORM.http://localhost:8001/HtmlEscapePlace - Emissary error dir set to /Users/connor/Projects/work/emissary/target/localerror 
2023-12-12 00:43:52,545 [using logback-test.xml]  INFO emissary.command.BaseCommand - sample.dat HTML_ESCAPE.HTMLESCAPE.TRANSFORM.http://localhost:8001/HtmlEscapePlace - Setting emissary.node.name to localhost 
2023-12-12 00:43:52,545 [using logback-test.xml]  INFO emissary.command.BaseCommand - sample.dat HTML_ESCAPE.HTMLESCAPE.TRANSFORM.http://localhost:8001/HtmlEscapePlace - Setting emissary.node.port to 8001 
2023-12-12 00:43:52,545 [using logback-test.xml]  INFO emissary.command.BaseCommand - sample.dat HTML_ESCAPE.HTMLESCAPE.TRANSFORM.http://localhost:8001/HtmlEscapePlace - Setting emissary.node.scheme to http 
2023-12-12 00:43:52,545 [using logback-test.xml]  WARN emissary.command.BaseCommand - sample.dat HTML_ESCAPE.HTMLESCAPE.TRANSFORM.http://localhost:8001/HtmlEscapePlace - Not using /Users/connor/Projects/work/emissary/target/config/logback.xml, staying with test config file:/Users/connor/Projects/work/emissary/target/test-classes/logback-test.xml
2023-12-12 00:43:52,547 [using logback-test.xml]  INFO emissary.command.BaseCommand - sample.dat HTML_ESCAPE.HTMLESCAPE.TRANSFORM.http://localhost:8001/HtmlEscapePlace - Overriding current emissary.config.flavor null to CLUSTER 
2023-12-12 00:43:52,547 [using logback-test.xml]  INFO emissary.command.BaseCommand - sample.dat HTML_ESCAPE.HTMLESCAPE.TRANSFORM.http://localhost:8001/HtmlEscapePlace - PROJECT_BASE is set to /Users/connor/Projects/work/emissary/target 
2023-12-12 00:43:52,547 [using logback-test.xml]  INFO emissary.command.BaseCommand - sample.dat HTML_ESCAPE.HTMLESCAPE.TRANSFORM.http://localhost:8001/HtmlEscapePlace - Setting emissary.config.dir to /Users/connor/Projects/work/emissary/target/config 
2023-12-12 00:43:52,547 [using logback-test.xml]  INFO emissary.command.BaseCommand - sample.dat HTML_ESCAPE.HTMLESCAPE.TRANSFORM.http://localhost:8001/HtmlEscapePlace - Setting emissary.bin.dir to /Users/connor/Projects/work/emissary/target/bin 
2023-12-12 00:43:52,547 [using logback-test.xml]  INFO emissary.command.BaseCommand - sample.dat HTML_ESCAPE.HTMLESCAPE.TRANSFORM.http://localhost:8001/HtmlEscapePlace - Setting emissary.output.root to /Users/connor/Projects/work/emissary/target/localoutput 
2023-12-12 00:43:52,547 [using logback-test.xml]  INFO emissary.command.BaseCommand - sample.dat HTML_ESCAPE.HTMLESCAPE.TRANSFORM.http://localhost:8001/HtmlEscapePlace - Emissary error dir set to /Users/connor/Projects/work/emissary/target/localerror 
2023-12-12 00:43:52,547 [using logback-test.xml]  INFO emissary.command.BaseCommand - sample.dat HTML_ESCAPE.HTMLESCAPE.TRANSFORM.http://localhost:8001/HtmlEscapePlace - Setting emissary.config.flavor to CLUSTER 
2023-12-12 00:43:52,547 [using logback-test.xml]  INFO emissary.command.BaseCommand - sample.dat HTML_ESCAPE.HTMLESCAPE.TRANSFORM.http://localhost:8001/HtmlEscapePlace - Setting emissary.node.name to localhost 
2023-12-12 00:43:52,547 [using logback-test.xml]  INFO emissary.command.BaseCommand - sample.dat HTML_ESCAPE.HTMLESCAPE.TRANSFORM.http://localhost:8001/HtmlEscapePlace - Setting emissary.node.port to 8001 
2023-12-12 00:43:52,547 [using logback-test.xml]  INFO emissary.command.BaseCommand - sample.dat HTML_ESCAPE.HTMLESCAPE.TRANSFORM.http://localhost:8001/HtmlEscapePlace - Setting emissary.node.scheme to http 
2023-12-12 00:43:52,547 [using logback-test.xml]  WARN emissary.command.BaseCommand - sample.dat HTML_ESCAPE.HTMLESCAPE.TRANSFORM.http://localhost:8001/HtmlEscapePlace - Not using /Users/connor/Projects/work/emissary/target/config/logback.xml, staying with test config file:/Users/connor/Projects/work/emissary/target/test-classes/logback-test.xml
2023-12-12 00:43:52,549 [using logback-test.xml]  INFO emissary.command.BaseCommand - sample.dat HTML_ESCAPE.HTMLESCAPE.TRANSFORM.http://localhost:8001/HtmlEscapePlace - Overriding current emissary.config.flavor CLUSTER to CLUSTER 
2023-12-12 00:43:52,549 [using logback-test.xml] DEBUG emissary.config.ConfigUtil - sample.dat HTML_ESCAPE.HTMLESCAPE.TRANSFORM.http://localhost:8001/HtmlEscapePlace - Attempting flavor merge on <none>-CLUSTER
2023-12-12 00:43:52,549 [using logback-test.xml] DEBUG emissary.config.ConfigUtil - sample.dat HTML_ESCAPE.HTMLESCAPE.TRANSFORM.http://localhost:8001/HtmlEscapePlace - Loading config for (string) <none>-CLUSTER
2023-12-12 00:43:52,549 [using logback-test.xml] DEBUG emissary.config.ConfigUtil - sample.dat HTML_ESCAPE.HTMLESCAPE.TRANSFORM.http://localhost:8001/HtmlEscapePlace - No file config found using new style <none>-CLUSTER
2023-12-12 00:43:52,549 [using logback-test.xml] DEBUG emissary.config.ConfigUtil - sample.dat HTML_ESCAPE.HTMLESCAPE.TRANSFORM.http://localhost:8001/HtmlEscapePlace - No config data as resource for <none>-CLUSTER
2023-12-12 00:43:52,549 [using logback-test.xml] DEBUG emissary.config.ConfigUtil - sample.dat HTML_ESCAPE.HTMLESCAPE.TRANSFORM.http://localhost:8001/HtmlEscapePlace - No file config found using old style <none>-CLUSTER.cfg
2023-12-12 00:43:52,549 [using logback-test.xml] DEBUG emissary.config.ConfigUtil - sample.dat HTML_ESCAPE.HTMLESCAPE.TRANSFORM.http://localhost:8001/HtmlEscapePlace - Unable to opt import flavor config <none>-CLUSTER
2023-12-12 00:43:52,550 [using logback-test.xml] DEBUG emissary.config.ConfigUtil - sample.dat HTML_ESCAPE.HTMLESCAPE.TRANSFORM.http://localhost:8001/HtmlEscapePlace - Attempting flavor merge on <none>-CLUSTER
2023-12-12 00:43:52,550 [using logback-test.xml] DEBUG emissary.config.ConfigUtil - sample.dat HTML_ESCAPE.HTMLESCAPE.TRANSFORM.http://localhost:8001/HtmlEscapePlace - Loading config for (string) <none>-CLUSTER
2023-12-12 00:43:52,550 [using logback-test.xml] DEBUG emissary.config.ConfigUtil - sample.dat HTML_ESCAPE.HTMLESCAPE.TRANSFORM.http://localhost:8001/HtmlEscapePlace - No file config found using new style <none>-CLUSTER
2023-12-12 00:43:52,550 [using logback-test.xml] DEBUG emissary.config.ConfigUtil - sample.dat HTML_ESCAPE.HTMLESCAPE.TRANSFORM.http://localhost:8001/HtmlEscapePlace - No config data as resource for <none>-CLUSTER
2023-12-12 00:43:52,550 [using logback-test.xml] DEBUG emissary.config.ConfigUtil - sample.dat HTML_ESCAPE.HTMLESCAPE.TRANSFORM.http://localhost:8001/HtmlEscapePlace - No file config found using old style <none>-CLUSTER.cfg
2023-12-12 00:43:52,550 [using logback-test.xml] DEBUG emissary.config.ConfigUtil - sample.dat HTML_ESCAPE.HTMLESCAPE.TRANSFORM.http://localhost:8001/HtmlEscapePlace - Unable to opt import flavor config <none>-CLUSTER
2023-12-12 00:43:52,551 [using logback-test.xml] ERROR emissary.place.ServiceProviderPlaceTest$PlaceTest - sample.dat HTML_ESCAPE.HTMLESCAPE.TRANSFORM.http://localhost:8001/HtmlEscapePlace - Exception occurred while trying to lookup resource
emissary.core.NamespaceException: Not found: ResourceWatcher
	at emissary.core.Namespace.lookup(Namespace.java:60)
	at emissary.core.ResourceWatcher.lookup(ResourceWatcher.java:100)
	at emissary.place.ServiceProviderPlace.getPlaceStats(ServiceProviderPlace.java:1074)
	at emissary.place.ServiceProviderPlaceTest.testMBeanInteration(ServiceProviderPlaceTest.java:290)
	at java.base/jdk.internal.reflect.NativeMethodAccessorImpl.invoke0(Native Method)
	at java.base/jdk.internal.reflect.NativeMethodAccessorImpl.invoke(NativeMethodAccessorImpl.java:77)
	at java.base/jdk.internal.reflect.DelegatingMethodAccessorImpl.invoke(DelegatingMethodAccessorImpl.java:43)
	at java.base/java.lang.reflect.Method.invoke(Method.java:568)
	at org.junit.platform.commons.util.ReflectionUtils.invokeMethod(ReflectionUtils.java:725)
	at org.junit.jupiter.engine.execution.MethodInvocation.proceed(MethodInvocation.java:60)
	at org.junit.jupiter.engine.execution.InvocationInterceptorChain$ValidatingInvocation.proceed(InvocationInterceptorChain.java:131)
	at org.junit.jupiter.engine.extension.TimeoutExtension.intercept(TimeoutExtension.java:149)
	at org.junit.jupiter.engine.extension.TimeoutExtension.interceptTestableMethod(TimeoutExtension.java:140)
	at org.junit.jupiter.engine.extension.TimeoutExtension.interceptTestMethod(TimeoutExtension.java:84)
	at org.junit.jupiter.engine.execution.ExecutableInvoker$ReflectiveInterceptorCall.lambda$ofVoidMethod$0(ExecutableInvoker.java:115)
	at org.junit.jupiter.engine.execution.ExecutableInvoker.lambda$invoke$0(ExecutableInvoker.java:105)
	at org.junit.jupiter.engine.execution.InvocationInterceptorChain$InterceptedInvocation.proceed(InvocationInterceptorChain.java:106)
	at org.junit.jupiter.engine.execution.InvocationInterceptorChain.proceed(InvocationInterceptorChain.java:64)
	at org.junit.jupiter.engine.execution.InvocationInterceptorChain.chainAndInvoke(InvocationInterceptorChain.java:45)
	at org.junit.jupiter.engine.execution.InvocationInterceptorChain.invoke(InvocationInterceptorChain.java:37)
	at org.junit.jupiter.engine.execution.ExecutableInvoker.invoke(ExecutableInvoker.java:104)
	at org.junit.jupiter.engine.execution.ExecutableInvoker.invoke(ExecutableInvoker.java:98)
	at org.junit.jupiter.engine.descriptor.TestMethodTestDescriptor.lambda$invokeTestMethod$7(TestMethodTestDescriptor.java:214)
	at org.junit.platform.engine.support.hierarchical.ThrowableCollector.execute(ThrowableCollector.java:73)
	at org.junit.jupiter.engine.descriptor.TestMethodTestDescriptor.invokeTestMethod(TestMethodTestDescriptor.java:210)
	at org.junit.jupiter.engine.descriptor.TestMethodTestDescriptor.execute(TestMethodTestDescriptor.java:135)
	at org.junit.jupiter.engine.descriptor.TestMethodTestDescriptor.execute(TestMethodTestDescriptor.java:66)
	at org.junit.platform.engine.support.hierarchical.NodeTestTask.lambda$executeRecursively$6(NodeTestTask.java:151)
	at org.junit.platform.engine.support.hierarchical.ThrowableCollector.execute(ThrowableCollector.java:73)
	at org.junit.platform.engine.support.hierarchical.NodeTestTask.lambda$executeRecursively$8(NodeTestTask.java:141)
	at org.junit.platform.engine.support.hierarchical.Node.around(Node.java:137)
	at org.junit.platform.engine.support.hierarchical.NodeTestTask.lambda$executeRecursively$9(NodeTestTask.java:139)
	at org.junit.platform.engine.support.hierarchical.ThrowableCollector.execute(ThrowableCollector.java:73)
	at org.junit.platform.engine.support.hierarchical.NodeTestTask.executeRecursively(NodeTestTask.java:138)
	at org.junit.platform.engine.support.hierarchical.NodeTestTask.execute(NodeTestTask.java:95)
	at java.base/java.util.ArrayList.forEach(ArrayList.java:1511)
	at org.junit.platform.engine.support.hierarchical.SameThreadHierarchicalTestExecutorService.invokeAll(SameThreadHierarchicalTestExecutorService.java:41)
	at org.junit.platform.engine.support.hierarchical.NodeTestTask.lambda$executeRecursively$6(NodeTestTask.java:155)
	at org.junit.platform.engine.support.hierarchical.ThrowableCollector.execute(ThrowableCollector.java:73)
	at org.junit.platform.engine.support.hierarchical.NodeTestTask.lambda$executeRecursively$8(NodeTestTask.java:141)
	at org.junit.platform.engine.support.hierarchical.Node.around(Node.java:137)
	at org.junit.platform.engine.support.hierarchical.NodeTestTask.lambda$executeRecursively$9(NodeTestTask.java:139)
	at org.junit.platform.engine.support.hierarchical.ThrowableCollector.execute(ThrowableCollector.java:73)
	at org.junit.platform.engine.support.hierarchical.NodeTestTask.executeRecursively(NodeTestTask.java:138)
	at org.junit.platform.engine.support.hierarchical.NodeTestTask.execute(NodeTestTask.java:95)
	at java.base/java.util.ArrayList.forEach(ArrayList.java:1511)
	at org.junit.platform.engine.support.hierarchical.SameThreadHierarchicalTestExecutorService.invokeAll(SameThreadHierarchicalTestExecutorService.java:41)
	at org.junit.platform.engine.support.hierarchical.NodeTestTask.lambda$executeRecursively$6(NodeTestTask.java:155)
	at org.junit.platform.engine.support.hierarchical.ThrowableCollector.execute(ThrowableCollector.java:73)
	at org.junit.platform.engine.support.hierarchical.NodeTestTask.lambda$executeRecursively$8(NodeTestTask.java:141)
	at org.junit.platform.engine.support.hierarchical.Node.around(Node.java:137)
	at org.junit.platform.engine.support.hierarchical.NodeTestTask.lambda$executeRecursively$9(NodeTestTask.java:139)
	at org.junit.platform.engine.support.hierarchical.ThrowableCollector.execute(ThrowableCollector.java:73)
	at org.junit.platform.engine.support.hierarchical.NodeTestTask.executeRecursively(NodeTestTask.java:138)
	at org.junit.platform.engine.support.hierarchical.NodeTestTask.execute(NodeTestTask.java:95)
	at org.junit.platform.engine.support.hierarchical.SameThreadHierarchicalTestExecutorService.submit(SameThreadHierarchicalTestExecutorService.java:35)
	at org.junit.platform.engine.support.hierarchical.HierarchicalTestExecutor.execute(HierarchicalTestExecutor.java:57)
	at org.junit.platform.engine.support.hierarchical.HierarchicalTestEngine.execute(HierarchicalTestEngine.java:54)
	at org.junit.platform.launcher.core.EngineExecutionOrchestrator.execute(EngineExecutionOrchestrator.java:107)
	at org.junit.platform.launcher.core.EngineExecutionOrchestrator.execute(EngineExecutionOrchestrator.java:88)
	at org.junit.platform.launcher.core.EngineExecutionOrchestrator.lambda$execute$0(EngineExecutionOrchestrator.java:54)
	at org.junit.platform.launcher.core.EngineExecutionOrchestrator.withInterceptedStreams(EngineExecutionOrchestrator.java:67)
	at org.junit.platform.launcher.core.EngineExecutionOrchestrator.execute(EngineExecutionOrchestrator.java:52)
	at org.junit.platform.launcher.core.DefaultLauncher.execute(DefaultLauncher.java:114)
	at org.junit.platform.launcher.core.DefaultLauncher.execute(DefaultLauncher.java:86)
	at org.junit.platform.launcher.core.DefaultLauncherSession$DelegatingLauncher.execute(DefaultLauncherSession.java:86)
	at org.apache.maven.surefire.junitplatform.LazyLauncher.execute(LazyLauncher.java:50)
	at org.apache.maven.surefire.junitplatform.JUnitPlatformProvider.lambda$execute$1(JUnitPlatformProvider.java:191)
	at java.base/java.util.Iterator.forEachRemaining(Iterator.java:133)
	at org.apache.maven.surefire.junitplatform.JUnitPlatformProvider.execute(JUnitPlatformProvider.java:186)
	at org.apache.maven.surefire.junitplatform.JUnitPlatformProvider.invokeAllTests(JUnitPlatformProvider.java:148)
	at org.apache.maven.surefire.junitplatform.JUnitPlatformProvider.invoke(JUnitPlatformProvider.java:118)
	at org.apache.maven.surefire.booter.ForkedBooter.runSuitesInProcess(ForkedBooter.java:385)
	at org.apache.maven.surefire.booter.ForkedBooter.execute(ForkedBooter.java:162)
	at org.apache.maven.surefire.booter.ForkedBooter.run(ForkedBooter.java:507)
	at org.apache.maven.surefire.booter.ForkedBooter.main(ForkedBooter.java:495)
2023-12-12 00:43:52,551 [using logback-test.xml]  INFO emissary.place.ServiceProviderPlaceTest$PlaceTest - sample.dat HTML_ESCAPE.HTMLESCAPE.TRANSFORM.http://localhost:8001/HtmlEscapePlace - Dumping Places Stats for http://example.com:8001/PlaceTest:
2023-12-12 00:43:52,551 [using logback-test.xml]  INFO emissary.place.ServiceProviderPlaceTest$PlaceTest - sample.dat HTML_ESCAPE.HTMLESCAPE.TRANSFORM.http://localhost:8001/HtmlEscapePlace - ===============
2023-12-12 00:43:52,551 [using logback-test.xml] ERROR emissary.place.ServiceProviderPlaceTest$PlaceTest - sample.dat HTML_ESCAPE.HTMLESCAPE.TRANSFORM.http://localhost:8001/HtmlEscapePlace - Exception occurred while trying to lookup resource
emissary.core.NamespaceException: Not found: ResourceWatcher
	at emissary.core.Namespace.lookup(Namespace.java:60)
	at emissary.core.ResourceWatcher.lookup(ResourceWatcher.java:100)
	at emissary.place.ServiceProviderPlace.getPlaceStats(ServiceProviderPlace.java:1074)
	at emissary.place.ServiceProviderPlace.dumpPlaceStats(ServiceProviderPlace.java:1099)
	at emissary.place.ServiceProviderPlaceTest.testMBeanInteration(ServiceProviderPlaceTest.java:297)
	at java.base/jdk.internal.reflect.NativeMethodAccessorImpl.invoke0(Native Method)
	at java.base/jdk.internal.reflect.NativeMethodAccessorImpl.invoke(NativeMethodAccessorImpl.java:77)
	at java.base/jdk.internal.reflect.DelegatingMethodAccessorImpl.invoke(DelegatingMethodAccessorImpl.java:43)
	at java.base/java.lang.reflect.Method.invoke(Method.java:568)
	at org.junit.platform.commons.util.ReflectionUtils.invokeMethod(ReflectionUtils.java:725)
	at org.junit.jupiter.engine.execution.MethodInvocation.proceed(MethodInvocation.java:60)
	at org.junit.jupiter.engine.execution.InvocationInterceptorChain$ValidatingInvocation.proceed(InvocationInterceptorChain.java:131)
	at org.junit.jupiter.engine.extension.TimeoutExtension.intercept(TimeoutExtension.java:149)
	at org.junit.jupiter.engine.extension.TimeoutExtension.interceptTestableMethod(TimeoutExtension.java:140)
	at org.junit.jupiter.engine.extension.TimeoutExtension.interceptTestMethod(TimeoutExtension.java:84)
	at org.junit.jupiter.engine.execution.ExecutableInvoker$ReflectiveInterceptorCall.lambda$ofVoidMethod$0(ExecutableInvoker.java:115)
	at org.junit.jupiter.engine.execution.ExecutableInvoker.lambda$invoke$0(ExecutableInvoker.java:105)
	at org.junit.jupiter.engine.execution.InvocationInterceptorChain$InterceptedInvocation.proceed(InvocationInterceptorChain.java:106)
	at org.junit.jupiter.engine.execution.InvocationInterceptorChain.proceed(InvocationInterceptorChain.java:64)
	at org.junit.jupiter.engine.execution.InvocationInterceptorChain.chainAndInvoke(InvocationInterceptorChain.java:45)
	at org.junit.jupiter.engine.execution.InvocationInterceptorChain.invoke(InvocationInterceptorChain.java:37)
	at org.junit.jupiter.engine.execution.ExecutableInvoker.invoke(ExecutableInvoker.java:104)
	at org.junit.jupiter.engine.execution.ExecutableInvoker.invoke(ExecutableInvoker.java:98)
	at org.junit.jupiter.engine.descriptor.TestMethodTestDescriptor.lambda$invokeTestMethod$7(TestMethodTestDescriptor.java:214)
	at org.junit.platform.engine.support.hierarchical.ThrowableCollector.execute(ThrowableCollector.java:73)
	at org.junit.jupiter.engine.descriptor.TestMethodTestDescriptor.invokeTestMethod(TestMethodTestDescriptor.java:210)
	at org.junit.jupiter.engine.descriptor.TestMethodTestDescriptor.execute(TestMethodTestDescriptor.java:135)
	at org.junit.jupiter.engine.descriptor.TestMethodTestDescriptor.execute(TestMethodTestDescriptor.java:66)
	at org.junit.platform.engine.support.hierarchical.NodeTestTask.lambda$executeRecursively$6(NodeTestTask.java:151)
	at org.junit.platform.engine.support.hierarchical.ThrowableCollector.execute(ThrowableCollector.java:73)
	at org.junit.platform.engine.support.hierarchical.NodeTestTask.lambda$executeRecursively$8(NodeTestTask.java:141)
	at org.junit.platform.engine.support.hierarchical.Node.around(Node.java:137)
	at org.junit.platform.engine.support.hierarchical.NodeTestTask.lambda$executeRecursively$9(NodeTestTask.java:139)
	at org.junit.platform.engine.support.hierarchical.ThrowableCollector.execute(ThrowableCollector.java:73)
	at org.junit.platform.engine.support.hierarchical.NodeTestTask.executeRecursively(NodeTestTask.java:138)
	at org.junit.platform.engine.support.hierarchical.NodeTestTask.execute(NodeTestTask.java:95)
	at java.base/java.util.ArrayList.forEach(ArrayList.java:1511)
	at org.junit.platform.engine.support.hierarchical.SameThreadHierarchicalTestExecutorService.invokeAll(SameThreadHierarchicalTestExecutorService.java:41)
	at org.junit.platform.engine.support.hierarchical.NodeTestTask.lambda$executeRecursively$6(NodeTestTask.java:155)
	at org.junit.platform.engine.support.hierarchical.ThrowableCollector.execute(ThrowableCollector.java:73)
	at org.junit.platform.engine.support.hierarchical.NodeTestTask.lambda$executeRecursively$8(NodeTestTask.java:141)
	at org.junit.platform.engine.support.hierarchical.Node.around(Node.java:137)
	at org.junit.platform.engine.support.hierarchical.NodeTestTask.lambda$executeRecursively$9(NodeTestTask.java:139)
	at org.junit.platform.engine.support.hierarchical.ThrowableCollector.execute(ThrowableCollector.java:73)
	at org.junit.platform.engine.support.hierarchical.NodeTestTask.executeRecursively(NodeTestTask.java:138)
	at org.junit.platform.engine.support.hierarchical.NodeTestTask.execute(NodeTestTask.java:95)
	at java.base/java.util.ArrayList.forEach(ArrayList.java:1511)
	at org.junit.platform.engine.support.hierarchical.SameThreadHierarchicalTestExecutorService.invokeAll(SameThreadHierarchicalTestExecutorService.java:41)
	at org.junit.platform.engine.support.hierarchical.NodeTestTask.lambda$executeRecursively$6(NodeTestTask.java:155)
	at org.junit.platform.engine.support.hierarchical.ThrowableCollector.execute(ThrowableCollector.java:73)
	at org.junit.platform.engine.support.hierarchical.NodeTestTask.lambda$executeRecursively$8(NodeTestTask.java:141)
	at org.junit.platform.engine.support.hierarchical.Node.around(Node.java:137)
	at org.junit.platform.engine.support.hierarchical.NodeTestTask.lambda$executeRecursively$9(NodeTestTask.java:139)
	at org.junit.platform.engine.support.hierarchical.ThrowableCollector.execute(ThrowableCollector.java:73)
	at org.junit.platform.engine.support.hierarchical.NodeTestTask.executeRecursively(NodeTestTask.java:138)
	at org.junit.platform.engine.support.hierarchical.NodeTestTask.execute(NodeTestTask.java:95)
	at org.junit.platform.engine.support.hierarchical.SameThreadHierarchicalTestExecutorService.submit(SameThreadHierarchicalTestExecutorService.java:35)
	at org.junit.platform.engine.support.hierarchical.HierarchicalTestExecutor.execute(HierarchicalTestExecutor.java:57)
	at org.junit.platform.engine.support.hierarchical.HierarchicalTestEngine.execute(HierarchicalTestEngine.java:54)
	at org.junit.platform.launcher.core.EngineExecutionOrchestrator.execute(EngineExecutionOrchestrator.java:107)
	at org.junit.platform.launcher.core.EngineExecutionOrchestrator.execute(EngineExecutionOrchestrator.java:88)
	at org.junit.platform.launcher.core.EngineExecutionOrchestrator.lambda$execute$0(EngineExecutionOrchestrator.java:54)
	at org.junit.platform.launcher.core.EngineExecutionOrchestrator.withInterceptedStreams(EngineExecutionOrchestrator.java:67)
	at org.junit.platform.launcher.core.EngineExecutionOrchestrator.execute(EngineExecutionOrchestrator.java:52)
	at org.junit.platform.launcher.core.DefaultLauncher.execute(DefaultLauncher.java:114)
	at org.junit.platform.launcher.core.DefaultLauncher.execute(DefaultLauncher.java:86)
	at org.junit.platform.launcher.core.DefaultLauncherSession$DelegatingLauncher.execute(DefaultLauncherSession.java:86)
	at org.apache.maven.surefire.junitplatform.LazyLauncher.execute(LazyLauncher.java:50)
	at org.apache.maven.surefire.junitplatform.JUnitPlatformProvider.lambda$execute$1(JUnitPlatformProvider.java:191)
	at java.base/java.util.Iterator.forEachRemaining(Iterator.java:133)
	at org.apache.maven.surefire.junitplatform.JUnitPlatformProvider.execute(JUnitPlatformProvider.java:186)
	at org.apache.maven.surefire.junitplatform.JUnitPlatformProvider.invokeAllTests(JUnitPlatformProvider.java:148)
	at org.apache.maven.surefire.junitplatform.JUnitPlatformProvider.invoke(JUnitPlatformProvider.java:118)
	at org.apache.maven.surefire.booter.ForkedBooter.runSuitesInProcess(ForkedBooter.java:385)
	at org.apache.maven.surefire.booter.ForkedBooter.execute(ForkedBooter.java:162)
	at org.apache.maven.surefire.booter.ForkedBooter.run(ForkedBooter.java:507)
	at org.apache.maven.surefire.booter.ForkedBooter.main(ForkedBooter.java:495)
2023-12-12 00:43:52,551 [using logback-test.xml]  INFO emissary.place.ServiceProviderPlaceTest$PlaceTest - sample.dat HTML_ESCAPE.HTMLESCAPE.TRANSFORM.http://localhost:8001/HtmlEscapePlace - UNAVAILABLE
2023-12-12 00:43:52,551 [using logback-test.xml]  INFO emissary.place.ServiceProviderPlaceTest$PlaceTest - sample.dat HTML_ESCAPE.HTMLESCAPE.TRANSFORM.http://localhost:8001/HtmlEscapePlace - ===============
2023-12-12 00:43:52,551 [using logback-test.xml]  INFO emissary.place.ServiceProviderPlaceTest$PlaceTest - sample.dat HTML_ESCAPE.HTMLESCAPE.TRANSFORM.http://localhost:8001/HtmlEscapePlace - Dumping Running Config for http://example.com:8001/PlaceTest:
2023-12-12 00:43:52,552 [using logback-test.xml]  INFO emissary.place.ServiceProviderPlaceTest$PlaceTest - sample.dat HTML_ESCAPE.HTMLESCAPE.TRANSFORM.http://localhost:8001/HtmlEscapePlace - ===============
2023-12-12 00:43:52,552 [using logback-test.xml]  INFO emissary.place.ServiceProviderPlaceTest$PlaceTest - sample.dat HTML_ESCAPE.HTMLESCAPE.TRANSFORM.http://localhost:8001/HtmlEscapePlace - [Key: PLACE_NAME Value: PlaceTest, Key: SERVICE_NAME Value: TEST_SERVICE_NAME, Key: SERVICE_TYPE Value: ANALYZE, Key: SERVICE_DESCRIPTION Value: test place, Key: SERVICE_COST Value: 60, Key: SERVICE_QUALITY Value: 90, Key: PLACE_RESOURCE_LIMIT_MILLIS Value: 10, Key: SERVICE_PROXY Value: TEST_SERVICE_PROXY]
2023-12-12 00:43:52,552 [using logback-test.xml]  INFO emissary.place.ServiceProviderPlaceTest$PlaceTest - sample.dat HTML_ESCAPE.HTMLESCAPE.TRANSFORM.http://localhost:8001/HtmlEscapePlace - ===============
2023-12-12 00:43:52,552 [using logback-test.xml] DEBUG emissary.config.ConfigUtil - sample.dat HTML_ESCAPE.HTMLESCAPE.TRANSFORM.http://localhost:8001/HtmlEscapePlace - Configured configDirProperty /Users/connor/Projects/work/emissary/target/config
]]></system-out>
  </testcase>
  <testcase name="testKeyConfigPlaceNameCtor" classname="emissary.place.ServiceProviderPlaceTest" time="0.003">
    <system-out><![CDATA[2023-12-12 00:43:52,554 [using logback-test.xml]  INFO emissary.command.BaseCommand - sample.dat HTML_ESCAPE.HTMLESCAPE.TRANSFORM.http://localhost:8001/HtmlEscapePlace - PROJECT_BASE is set to /Users/connor/Projects/work/emissary/target 
2023-12-12 00:43:52,554 [using logback-test.xml]  INFO emissary.command.BaseCommand - sample.dat HTML_ESCAPE.HTMLESCAPE.TRANSFORM.http://localhost:8001/HtmlEscapePlace - Setting emissary.config.dir to /Users/connor/Projects/work/emissary/target/config 
2023-12-12 00:43:52,554 [using logback-test.xml]  INFO emissary.command.BaseCommand - sample.dat HTML_ESCAPE.HTMLESCAPE.TRANSFORM.http://localhost:8001/HtmlEscapePlace - Setting emissary.bin.dir to /Users/connor/Projects/work/emissary/target/bin 
2023-12-12 00:43:52,554 [using logback-test.xml]  INFO emissary.command.BaseCommand - sample.dat HTML_ESCAPE.HTMLESCAPE.TRANSFORM.http://localhost:8001/HtmlEscapePlace - Setting emissary.output.root to /Users/connor/Projects/work/emissary/target/localoutput 
2023-12-12 00:43:52,554 [using logback-test.xml]  INFO emissary.command.BaseCommand - sample.dat HTML_ESCAPE.HTMLESCAPE.TRANSFORM.http://localhost:8001/HtmlEscapePlace - Emissary error dir set to /Users/connor/Projects/work/emissary/target/localerror 
2023-12-12 00:43:52,554 [using logback-test.xml]  INFO emissary.command.BaseCommand - sample.dat HTML_ESCAPE.HTMLESCAPE.TRANSFORM.http://localhost:8001/HtmlEscapePlace - Setting emissary.node.name to localhost 
2023-12-12 00:43:52,554 [using logback-test.xml]  INFO emissary.command.BaseCommand - sample.dat HTML_ESCAPE.HTMLESCAPE.TRANSFORM.http://localhost:8001/HtmlEscapePlace - Setting emissary.node.port to 8001 
2023-12-12 00:43:52,554 [using logback-test.xml]  INFO emissary.command.BaseCommand - sample.dat HTML_ESCAPE.HTMLESCAPE.TRANSFORM.http://localhost:8001/HtmlEscapePlace - Setting emissary.node.scheme to http 
2023-12-12 00:43:52,554 [using logback-test.xml]  WARN emissary.command.BaseCommand - sample.dat HTML_ESCAPE.HTMLESCAPE.TRANSFORM.http://localhost:8001/HtmlEscapePlace - Not using /Users/connor/Projects/work/emissary/target/config/logback.xml, staying with test config file:/Users/connor/Projects/work/emissary/target/test-classes/logback-test.xml
2023-12-12 00:43:52,555 [using logback-test.xml]  INFO emissary.command.BaseCommand - sample.dat HTML_ESCAPE.HTMLESCAPE.TRANSFORM.http://localhost:8001/HtmlEscapePlace - Overriding current emissary.config.flavor null to CLUSTER 
2023-12-12 00:43:52,555 [using logback-test.xml]  INFO emissary.command.BaseCommand - sample.dat HTML_ESCAPE.HTMLESCAPE.TRANSFORM.http://localhost:8001/HtmlEscapePlace - PROJECT_BASE is set to /Users/connor/Projects/work/emissary/target 
2023-12-12 00:43:52,555 [using logback-test.xml]  INFO emissary.command.BaseCommand - sample.dat HTML_ESCAPE.HTMLESCAPE.TRANSFORM.http://localhost:8001/HtmlEscapePlace - Setting emissary.config.dir to /Users/connor/Projects/work/emissary/target/config 
2023-12-12 00:43:52,555 [using logback-test.xml]  INFO emissary.command.BaseCommand - sample.dat HTML_ESCAPE.HTMLESCAPE.TRANSFORM.http://localhost:8001/HtmlEscapePlace - Setting emissary.bin.dir to /Users/connor/Projects/work/emissary/target/bin 
2023-12-12 00:43:52,555 [using logback-test.xml]  INFO emissary.command.BaseCommand - sample.dat HTML_ESCAPE.HTMLESCAPE.TRANSFORM.http://localhost:8001/HtmlEscapePlace - Setting emissary.output.root to /Users/connor/Projects/work/emissary/target/localoutput 
2023-12-12 00:43:52,555 [using logback-test.xml]  INFO emissary.command.BaseCommand - sample.dat HTML_ESCAPE.HTMLESCAPE.TRANSFORM.http://localhost:8001/HtmlEscapePlace - Emissary error dir set to /Users/connor/Projects/work/emissary/target/localerror 
2023-12-12 00:43:52,555 [using logback-test.xml]  INFO emissary.command.BaseCommand - sample.dat HTML_ESCAPE.HTMLESCAPE.TRANSFORM.http://localhost:8001/HtmlEscapePlace - Setting emissary.config.flavor to CLUSTER 
2023-12-12 00:43:52,555 [using logback-test.xml]  INFO emissary.command.BaseCommand - sample.dat HTML_ESCAPE.HTMLESCAPE.TRANSFORM.http://localhost:8001/HtmlEscapePlace - Setting emissary.node.name to localhost 
2023-12-12 00:43:52,555 [using logback-test.xml]  INFO emissary.command.BaseCommand - sample.dat HTML_ESCAPE.HTMLESCAPE.TRANSFORM.http://localhost:8001/HtmlEscapePlace - Setting emissary.node.port to 8001 
2023-12-12 00:43:52,555 [using logback-test.xml]  INFO emissary.command.BaseCommand - sample.dat HTML_ESCAPE.HTMLESCAPE.TRANSFORM.http://localhost:8001/HtmlEscapePlace - Setting emissary.node.scheme to http 
2023-12-12 00:43:52,555 [using logback-test.xml]  WARN emissary.command.BaseCommand - sample.dat HTML_ESCAPE.HTMLESCAPE.TRANSFORM.http://localhost:8001/HtmlEscapePlace - Not using /Users/connor/Projects/work/emissary/target/config/logback.xml, staying with test config file:/Users/connor/Projects/work/emissary/target/test-classes/logback-test.xml
2023-12-12 00:43:52,556 [using logback-test.xml]  INFO emissary.command.BaseCommand - sample.dat HTML_ESCAPE.HTMLESCAPE.TRANSFORM.http://localhost:8001/HtmlEscapePlace - Overriding current emissary.config.flavor CLUSTER to CLUSTER 
2023-12-12 00:43:52,556 [using logback-test.xml] DEBUG emissary.config.ConfigUtil - sample.dat HTML_ESCAPE.HTMLESCAPE.TRANSFORM.http://localhost:8001/HtmlEscapePlace - Attempting flavor merge on <none>-CLUSTER
2023-12-12 00:43:52,556 [using logback-test.xml] DEBUG emissary.config.ConfigUtil - sample.dat HTML_ESCAPE.HTMLESCAPE.TRANSFORM.http://localhost:8001/HtmlEscapePlace - Loading config for (string) <none>-CLUSTER
2023-12-12 00:43:52,556 [using logback-test.xml] DEBUG emissary.config.ConfigUtil - sample.dat HTML_ESCAPE.HTMLESCAPE.TRANSFORM.http://localhost:8001/HtmlEscapePlace - No file config found using new style <none>-CLUSTER
2023-12-12 00:43:52,556 [using logback-test.xml] DEBUG emissary.config.ConfigUtil - sample.dat HTML_ESCAPE.HTMLESCAPE.TRANSFORM.http://localhost:8001/HtmlEscapePlace - No config data as resource for <none>-CLUSTER
2023-12-12 00:43:52,556 [using logback-test.xml] DEBUG emissary.config.ConfigUtil - sample.dat HTML_ESCAPE.HTMLESCAPE.TRANSFORM.http://localhost:8001/HtmlEscapePlace - No file config found using old style <none>-CLUSTER.cfg
2023-12-12 00:43:52,556 [using logback-test.xml] DEBUG emissary.config.ConfigUtil - sample.dat HTML_ESCAPE.HTMLESCAPE.TRANSFORM.http://localhost:8001/HtmlEscapePlace - Unable to opt import flavor config <none>-CLUSTER
2023-12-12 00:43:52,557 [using logback-test.xml] DEBUG emissary.config.ConfigUtil - sample.dat HTML_ESCAPE.HTMLESCAPE.TRANSFORM.http://localhost:8001/HtmlEscapePlace - Attempting flavor merge on <none>-CLUSTER
2023-12-12 00:43:52,557 [using logback-test.xml] DEBUG emissary.config.ConfigUtil - sample.dat HTML_ESCAPE.HTMLESCAPE.TRANSFORM.http://localhost:8001/HtmlEscapePlace - Loading config for (string) <none>-CLUSTER
2023-12-12 00:43:52,557 [using logback-test.xml] DEBUG emissary.config.ConfigUtil - sample.dat HTML_ESCAPE.HTMLESCAPE.TRANSFORM.http://localhost:8001/HtmlEscapePlace - No file config found using new style <none>-CLUSTER
2023-12-12 00:43:52,557 [using logback-test.xml] DEBUG emissary.config.ConfigUtil - sample.dat HTML_ESCAPE.HTMLESCAPE.TRANSFORM.http://localhost:8001/HtmlEscapePlace - No config data as resource for <none>-CLUSTER
2023-12-12 00:43:52,557 [using logback-test.xml] DEBUG emissary.config.ConfigUtil - sample.dat HTML_ESCAPE.HTMLESCAPE.TRANSFORM.http://localhost:8001/HtmlEscapePlace - No file config found using old style <none>-CLUSTER.cfg
2023-12-12 00:43:52,557 [using logback-test.xml] DEBUG emissary.config.ConfigUtil - sample.dat HTML_ESCAPE.HTMLESCAPE.TRANSFORM.http://localhost:8001/HtmlEscapePlace - Unable to opt import flavor config <none>-CLUSTER
2023-12-12 00:43:52,557 [using logback-test.xml] DEBUG emissary.config.ConfigUtil - sample.dat HTML_ESCAPE.HTMLESCAPE.TRANSFORM.http://localhost:8001/HtmlEscapePlace - Configured configDirProperty /Users/connor/Projects/work/emissary/target/config
]]></system-out>
  </testcase>
  <testcase name="testRequireOfCostParameter" classname="emissary.place.ServiceProviderPlaceTest" time="0.004">
    <system-out><![CDATA[2023-12-12 00:43:52,561 [using logback-test.xml]  INFO emissary.command.BaseCommand - sample.dat HTML_ESCAPE.HTMLESCAPE.TRANSFORM.http://localhost:8001/HtmlEscapePlace - PROJECT_BASE is set to /Users/connor/Projects/work/emissary/target 
2023-12-12 00:43:52,561 [using logback-test.xml]  INFO emissary.command.BaseCommand - sample.dat HTML_ESCAPE.HTMLESCAPE.TRANSFORM.http://localhost:8001/HtmlEscapePlace - Setting emissary.config.dir to /Users/connor/Projects/work/emissary/target/config 
2023-12-12 00:43:52,561 [using logback-test.xml]  INFO emissary.command.BaseCommand - sample.dat HTML_ESCAPE.HTMLESCAPE.TRANSFORM.http://localhost:8001/HtmlEscapePlace - Setting emissary.bin.dir to /Users/connor/Projects/work/emissary/target/bin 
2023-12-12 00:43:52,561 [using logback-test.xml]  INFO emissary.command.BaseCommand - sample.dat HTML_ESCAPE.HTMLESCAPE.TRANSFORM.http://localhost:8001/HtmlEscapePlace - Setting emissary.output.root to /Users/connor/Projects/work/emissary/target/localoutput 
2023-12-12 00:43:52,561 [using logback-test.xml]  INFO emissary.command.BaseCommand - sample.dat HTML_ESCAPE.HTMLESCAPE.TRANSFORM.http://localhost:8001/HtmlEscapePlace - Emissary error dir set to /Users/connor/Projects/work/emissary/target/localerror 
2023-12-12 00:43:52,561 [using logback-test.xml]  INFO emissary.command.BaseCommand - sample.dat HTML_ESCAPE.HTMLESCAPE.TRANSFORM.http://localhost:8001/HtmlEscapePlace - Setting emissary.node.name to localhost 
2023-12-12 00:43:52,561 [using logback-test.xml]  INFO emissary.command.BaseCommand - sample.dat HTML_ESCAPE.HTMLESCAPE.TRANSFORM.http://localhost:8001/HtmlEscapePlace - Setting emissary.node.port to 8001 
2023-12-12 00:43:52,561 [using logback-test.xml]  INFO emissary.command.BaseCommand - sample.dat HTML_ESCAPE.HTMLESCAPE.TRANSFORM.http://localhost:8001/HtmlEscapePlace - Setting emissary.node.scheme to http 
2023-12-12 00:43:52,561 [using logback-test.xml]  WARN emissary.command.BaseCommand - sample.dat HTML_ESCAPE.HTMLESCAPE.TRANSFORM.http://localhost:8001/HtmlEscapePlace - Not using /Users/connor/Projects/work/emissary/target/config/logback.xml, staying with test config file:/Users/connor/Projects/work/emissary/target/test-classes/logback-test.xml
2023-12-12 00:43:52,562 [using logback-test.xml]  INFO emissary.command.BaseCommand - sample.dat HTML_ESCAPE.HTMLESCAPE.TRANSFORM.http://localhost:8001/HtmlEscapePlace - Overriding current emissary.config.flavor null to CLUSTER 
2023-12-12 00:43:52,562 [using logback-test.xml]  INFO emissary.command.BaseCommand - sample.dat HTML_ESCAPE.HTMLESCAPE.TRANSFORM.http://localhost:8001/HtmlEscapePlace - PROJECT_BASE is set to /Users/connor/Projects/work/emissary/target 
2023-12-12 00:43:52,562 [using logback-test.xml]  INFO emissary.command.BaseCommand - sample.dat HTML_ESCAPE.HTMLESCAPE.TRANSFORM.http://localhost:8001/HtmlEscapePlace - Setting emissary.config.dir to /Users/connor/Projects/work/emissary/target/config 
2023-12-12 00:43:52,562 [using logback-test.xml]  INFO emissary.command.BaseCommand - sample.dat HTML_ESCAPE.HTMLESCAPE.TRANSFORM.http://localhost:8001/HtmlEscapePlace - Setting emissary.bin.dir to /Users/connor/Projects/work/emissary/target/bin 
2023-12-12 00:43:52,562 [using logback-test.xml]  INFO emissary.command.BaseCommand - sample.dat HTML_ESCAPE.HTMLESCAPE.TRANSFORM.http://localhost:8001/HtmlEscapePlace - Setting emissary.output.root to /Users/connor/Projects/work/emissary/target/localoutput 
2023-12-12 00:43:52,562 [using logback-test.xml]  INFO emissary.command.BaseCommand - sample.dat HTML_ESCAPE.HTMLESCAPE.TRANSFORM.http://localhost:8001/HtmlEscapePlace - Emissary error dir set to /Users/connor/Projects/work/emissary/target/localerror 
2023-12-12 00:43:52,562 [using logback-test.xml]  INFO emissary.command.BaseCommand - sample.dat HTML_ESCAPE.HTMLESCAPE.TRANSFORM.http://localhost:8001/HtmlEscapePlace - Setting emissary.config.flavor to CLUSTER 
2023-12-12 00:43:52,562 [using logback-test.xml]  INFO emissary.command.BaseCommand - sample.dat HTML_ESCAPE.HTMLESCAPE.TRANSFORM.http://localhost:8001/HtmlEscapePlace - Setting emissary.node.name to localhost 
2023-12-12 00:43:52,562 [using logback-test.xml]  INFO emissary.command.BaseCommand - sample.dat HTML_ESCAPE.HTMLESCAPE.TRANSFORM.http://localhost:8001/HtmlEscapePlace - Setting emissary.node.port to 8001 
2023-12-12 00:43:52,562 [using logback-test.xml]  INFO emissary.command.BaseCommand - sample.dat HTML_ESCAPE.HTMLESCAPE.TRANSFORM.http://localhost:8001/HtmlEscapePlace - Setting emissary.node.scheme to http 
2023-12-12 00:43:52,562 [using logback-test.xml]  WARN emissary.command.BaseCommand - sample.dat HTML_ESCAPE.HTMLESCAPE.TRANSFORM.http://localhost:8001/HtmlEscapePlace - Not using /Users/connor/Projects/work/emissary/target/config/logback.xml, staying with test config file:/Users/connor/Projects/work/emissary/target/test-classes/logback-test.xml
2023-12-12 00:43:52,563 [using logback-test.xml]  INFO emissary.command.BaseCommand - sample.dat HTML_ESCAPE.HTMLESCAPE.TRANSFORM.http://localhost:8001/HtmlEscapePlace - Overriding current emissary.config.flavor CLUSTER to CLUSTER 
2023-12-12 00:43:52,564 [using logback-test.xml] DEBUG emissary.config.ConfigUtil - sample.dat HTML_ESCAPE.HTMLESCAPE.TRANSFORM.http://localhost:8001/HtmlEscapePlace - Attempting flavor merge on <none>-CLUSTER
2023-12-12 00:43:52,564 [using logback-test.xml] DEBUG emissary.config.ConfigUtil - sample.dat HTML_ESCAPE.HTMLESCAPE.TRANSFORM.http://localhost:8001/HtmlEscapePlace - Loading config for (string) <none>-CLUSTER
2023-12-12 00:43:52,564 [using logback-test.xml] DEBUG emissary.config.ConfigUtil - sample.dat HTML_ESCAPE.HTMLESCAPE.TRANSFORM.http://localhost:8001/HtmlEscapePlace - No file config found using new style <none>-CLUSTER
2023-12-12 00:43:52,564 [using logback-test.xml] DEBUG emissary.config.ConfigUtil - sample.dat HTML_ESCAPE.HTMLESCAPE.TRANSFORM.http://localhost:8001/HtmlEscapePlace - No config data as resource for <none>-CLUSTER
2023-12-12 00:43:52,564 [using logback-test.xml] DEBUG emissary.config.ConfigUtil - sample.dat HTML_ESCAPE.HTMLESCAPE.TRANSFORM.http://localhost:8001/HtmlEscapePlace - No file config found using old style <none>-CLUSTER.cfg
2023-12-12 00:43:52,564 [using logback-test.xml] DEBUG emissary.config.ConfigUtil - sample.dat HTML_ESCAPE.HTMLESCAPE.TRANSFORM.http://localhost:8001/HtmlEscapePlace - Unable to opt import flavor config <none>-CLUSTER
2023-12-12 00:43:52,565 [using logback-test.xml] DEBUG emissary.config.ConfigUtil - sample.dat HTML_ESCAPE.HTMLESCAPE.TRANSFORM.http://localhost:8001/HtmlEscapePlace - Attempting flavor merge on <none>-CLUSTER
2023-12-12 00:43:52,565 [using logback-test.xml] DEBUG emissary.config.ConfigUtil - sample.dat HTML_ESCAPE.HTMLESCAPE.TRANSFORM.http://localhost:8001/HtmlEscapePlace - Loading config for (string) <none>-CLUSTER
2023-12-12 00:43:52,565 [using logback-test.xml] DEBUG emissary.config.ConfigUtil - sample.dat HTML_ESCAPE.HTMLESCAPE.TRANSFORM.http://localhost:8001/HtmlEscapePlace - No file config found using new style <none>-CLUSTER
2023-12-12 00:43:52,565 [using logback-test.xml] DEBUG emissary.config.ConfigUtil - sample.dat HTML_ESCAPE.HTMLESCAPE.TRANSFORM.http://localhost:8001/HtmlEscapePlace - No config data as resource for <none>-CLUSTER
2023-12-12 00:43:52,565 [using logback-test.xml] DEBUG emissary.config.ConfigUtil - sample.dat HTML_ESCAPE.HTMLESCAPE.TRANSFORM.http://localhost:8001/HtmlEscapePlace - No file config found using old style <none>-CLUSTER.cfg
2023-12-12 00:43:52,565 [using logback-test.xml] DEBUG emissary.config.ConfigUtil - sample.dat HTML_ESCAPE.HTMLESCAPE.TRANSFORM.http://localhost:8001/HtmlEscapePlace - Unable to opt import flavor config <none>-CLUSTER
2023-12-12 00:43:52,565 [using logback-test.xml] DEBUG emissary.config.ConfigUtil - sample.dat HTML_ESCAPE.HTMLESCAPE.TRANSFORM.http://localhost:8001/HtmlEscapePlace - Configured configDirProperty /Users/connor/Projects/work/emissary/target/config
]]></system-out>
  </testcase>
  <testcase name="testDuplicateProxy" classname="emissary.place.ServiceProviderPlaceTest" time="0.002">
    <system-out><![CDATA[2023-12-12 00:43:52,569 [using logback-test.xml]  INFO emissary.command.BaseCommand - sample.dat HTML_ESCAPE.HTMLESCAPE.TRANSFORM.http://localhost:8001/HtmlEscapePlace - PROJECT_BASE is set to /Users/connor/Projects/work/emissary/target 
2023-12-12 00:43:52,569 [using logback-test.xml]  INFO emissary.command.BaseCommand - sample.dat HTML_ESCAPE.HTMLESCAPE.TRANSFORM.http://localhost:8001/HtmlEscapePlace - Setting emissary.config.dir to /Users/connor/Projects/work/emissary/target/config 
2023-12-12 00:43:52,569 [using logback-test.xml]  INFO emissary.command.BaseCommand - sample.dat HTML_ESCAPE.HTMLESCAPE.TRANSFORM.http://localhost:8001/HtmlEscapePlace - Setting emissary.bin.dir to /Users/connor/Projects/work/emissary/target/bin 
2023-12-12 00:43:52,569 [using logback-test.xml]  INFO emissary.command.BaseCommand - sample.dat HTML_ESCAPE.HTMLESCAPE.TRANSFORM.http://localhost:8001/HtmlEscapePlace - Setting emissary.output.root to /Users/connor/Projects/work/emissary/target/localoutput 
2023-12-12 00:43:52,569 [using logback-test.xml]  INFO emissary.command.BaseCommand - sample.dat HTML_ESCAPE.HTMLESCAPE.TRANSFORM.http://localhost:8001/HtmlEscapePlace - Emissary error dir set to /Users/connor/Projects/work/emissary/target/localerror 
2023-12-12 00:43:52,569 [using logback-test.xml]  INFO emissary.command.BaseCommand - sample.dat HTML_ESCAPE.HTMLESCAPE.TRANSFORM.http://localhost:8001/HtmlEscapePlace - Setting emissary.node.name to localhost 
2023-12-12 00:43:52,569 [using logback-test.xml]  INFO emissary.command.BaseCommand - sample.dat HTML_ESCAPE.HTMLESCAPE.TRANSFORM.http://localhost:8001/HtmlEscapePlace - Setting emissary.node.port to 8001 
2023-12-12 00:43:52,569 [using logback-test.xml]  INFO emissary.command.BaseCommand - sample.dat HTML_ESCAPE.HTMLESCAPE.TRANSFORM.http://localhost:8001/HtmlEscapePlace - Setting emissary.node.scheme to http 
2023-12-12 00:43:52,569 [using logback-test.xml]  WARN emissary.command.BaseCommand - sample.dat HTML_ESCAPE.HTMLESCAPE.TRANSFORM.http://localhost:8001/HtmlEscapePlace - Not using /Users/connor/Projects/work/emissary/target/config/logback.xml, staying with test config file:/Users/connor/Projects/work/emissary/target/test-classes/logback-test.xml
2023-12-12 00:43:52,571 [using logback-test.xml]  INFO emissary.command.BaseCommand - sample.dat HTML_ESCAPE.HTMLESCAPE.TRANSFORM.http://localhost:8001/HtmlEscapePlace - Overriding current emissary.config.flavor null to CLUSTER 
2023-12-12 00:43:52,571 [using logback-test.xml]  INFO emissary.command.BaseCommand - sample.dat HTML_ESCAPE.HTMLESCAPE.TRANSFORM.http://localhost:8001/HtmlEscapePlace - PROJECT_BASE is set to /Users/connor/Projects/work/emissary/target 
2023-12-12 00:43:52,571 [using logback-test.xml]  INFO emissary.command.BaseCommand - sample.dat HTML_ESCAPE.HTMLESCAPE.TRANSFORM.http://localhost:8001/HtmlEscapePlace - Setting emissary.config.dir to /Users/connor/Projects/work/emissary/target/config 
2023-12-12 00:43:52,571 [using logback-test.xml]  INFO emissary.command.BaseCommand - sample.dat HTML_ESCAPE.HTMLESCAPE.TRANSFORM.http://localhost:8001/HtmlEscapePlace - Setting emissary.bin.dir to /Users/connor/Projects/work/emissary/target/bin 
2023-12-12 00:43:52,571 [using logback-test.xml]  INFO emissary.command.BaseCommand - sample.dat HTML_ESCAPE.HTMLESCAPE.TRANSFORM.http://localhost:8001/HtmlEscapePlace - Setting emissary.output.root to /Users/connor/Projects/work/emissary/target/localoutput 
2023-12-12 00:43:52,571 [using logback-test.xml]  INFO emissary.command.BaseCommand - sample.dat HTML_ESCAPE.HTMLESCAPE.TRANSFORM.http://localhost:8001/HtmlEscapePlace - Emissary error dir set to /Users/connor/Projects/work/emissary/target/localerror 
2023-12-12 00:43:52,571 [using logback-test.xml]  INFO emissary.command.BaseCommand - sample.dat HTML_ESCAPE.HTMLESCAPE.TRANSFORM.http://localhost:8001/HtmlEscapePlace - Setting emissary.config.flavor to CLUSTER 
2023-12-12 00:43:52,571 [using logback-test.xml]  INFO emissary.command.BaseCommand - sample.dat HTML_ESCAPE.HTMLESCAPE.TRANSFORM.http://localhost:8001/HtmlEscapePlace - Setting emissary.node.name to localhost 
2023-12-12 00:43:52,571 [using logback-test.xml]  INFO emissary.command.BaseCommand - sample.dat HTML_ESCAPE.HTMLESCAPE.TRANSFORM.http://localhost:8001/HtmlEscapePlace - Setting emissary.node.port to 8001 
2023-12-12 00:43:52,571 [using logback-test.xml]  INFO emissary.command.BaseCommand - sample.dat HTML_ESCAPE.HTMLESCAPE.TRANSFORM.http://localhost:8001/HtmlEscapePlace - Setting emissary.node.scheme to http 
2023-12-12 00:43:52,571 [using logback-test.xml]  WARN emissary.command.BaseCommand - sample.dat HTML_ESCAPE.HTMLESCAPE.TRANSFORM.http://localhost:8001/HtmlEscapePlace - Not using /Users/connor/Projects/work/emissary/target/config/logback.xml, staying with test config file:/Users/connor/Projects/work/emissary/target/test-classes/logback-test.xml
2023-12-12 00:43:52,572 [using logback-test.xml]  INFO emissary.command.BaseCommand - sample.dat HTML_ESCAPE.HTMLESCAPE.TRANSFORM.http://localhost:8001/HtmlEscapePlace - Overriding current emissary.config.flavor CLUSTER to CLUSTER 
2023-12-12 00:43:52,572 [using logback-test.xml] DEBUG emissary.config.ConfigUtil - sample.dat HTML_ESCAPE.HTMLESCAPE.TRANSFORM.http://localhost:8001/HtmlEscapePlace - Attempting flavor merge on <none>-CLUSTER
2023-12-12 00:43:52,572 [using logback-test.xml] DEBUG emissary.config.ConfigUtil - sample.dat HTML_ESCAPE.HTMLESCAPE.TRANSFORM.http://localhost:8001/HtmlEscapePlace - Loading config for (string) <none>-CLUSTER
2023-12-12 00:43:52,572 [using logback-test.xml] DEBUG emissary.config.ConfigUtil - sample.dat HTML_ESCAPE.HTMLESCAPE.TRANSFORM.http://localhost:8001/HtmlEscapePlace - No file config found using new style <none>-CLUSTER
2023-12-12 00:43:52,572 [using logback-test.xml] DEBUG emissary.config.ConfigUtil - sample.dat HTML_ESCAPE.HTMLESCAPE.TRANSFORM.http://localhost:8001/HtmlEscapePlace - No config data as resource for <none>-CLUSTER
2023-12-12 00:43:52,572 [using logback-test.xml] DEBUG emissary.config.ConfigUtil - sample.dat HTML_ESCAPE.HTMLESCAPE.TRANSFORM.http://localhost:8001/HtmlEscapePlace - No file config found using old style <none>-CLUSTER.cfg
2023-12-12 00:43:52,572 [using logback-test.xml] DEBUG emissary.config.ConfigUtil - sample.dat HTML_ESCAPE.HTMLESCAPE.TRANSFORM.http://localhost:8001/HtmlEscapePlace - Unable to opt import flavor config <none>-CLUSTER
2023-12-12 00:43:52,572 [using logback-test.xml] DEBUG emissary.config.ConfigUtil - sample.dat HTML_ESCAPE.HTMLESCAPE.TRANSFORM.http://localhost:8001/HtmlEscapePlace - Configured configDirProperty /Users/connor/Projects/work/emissary/target/config
]]></system-out>
  </testcase>
  <testcase name="testRequireOfProxyOrKey" classname="emissary.place.ServiceProviderPlaceTest" time="0.006">
    <system-out><![CDATA[2023-12-12 00:43:52,575 [using logback-test.xml]  INFO emissary.command.BaseCommand - sample.dat HTML_ESCAPE.HTMLESCAPE.TRANSFORM.http://localhost:8001/HtmlEscapePlace - PROJECT_BASE is set to /Users/connor/Projects/work/emissary/target 
2023-12-12 00:43:52,575 [using logback-test.xml]  INFO emissary.command.BaseCommand - sample.dat HTML_ESCAPE.HTMLESCAPE.TRANSFORM.http://localhost:8001/HtmlEscapePlace - Setting emissary.config.dir to /Users/connor/Projects/work/emissary/target/config 
2023-12-12 00:43:52,575 [using logback-test.xml]  INFO emissary.command.BaseCommand - sample.dat HTML_ESCAPE.HTMLESCAPE.TRANSFORM.http://localhost:8001/HtmlEscapePlace - Setting emissary.bin.dir to /Users/connor/Projects/work/emissary/target/bin 
2023-12-12 00:43:52,575 [using logback-test.xml]  INFO emissary.command.BaseCommand - sample.dat HTML_ESCAPE.HTMLESCAPE.TRANSFORM.http://localhost:8001/HtmlEscapePlace - Setting emissary.output.root to /Users/connor/Projects/work/emissary/target/localoutput 
2023-12-12 00:43:52,575 [using logback-test.xml]  INFO emissary.command.BaseCommand - sample.dat HTML_ESCAPE.HTMLESCAPE.TRANSFORM.http://localhost:8001/HtmlEscapePlace - Emissary error dir set to /Users/connor/Projects/work/emissary/target/localerror 
2023-12-12 00:43:52,575 [using logback-test.xml]  INFO emissary.command.BaseCommand - sample.dat HTML_ESCAPE.HTMLESCAPE.TRANSFORM.http://localhost:8001/HtmlEscapePlace - Setting emissary.node.name to localhost 
2023-12-12 00:43:52,575 [using logback-test.xml]  INFO emissary.command.BaseCommand - sample.dat HTML_ESCAPE.HTMLESCAPE.TRANSFORM.http://localhost:8001/HtmlEscapePlace - Setting emissary.node.port to 8001 
2023-12-12 00:43:52,575 [using logback-test.xml]  INFO emissary.command.BaseCommand - sample.dat HTML_ESCAPE.HTMLESCAPE.TRANSFORM.http://localhost:8001/HtmlEscapePlace - Setting emissary.node.scheme to http 
2023-12-12 00:43:52,575 [using logback-test.xml]  WARN emissary.command.BaseCommand - sample.dat HTML_ESCAPE.HTMLESCAPE.TRANSFORM.http://localhost:8001/HtmlEscapePlace - Not using /Users/connor/Projects/work/emissary/target/config/logback.xml, staying with test config file:/Users/connor/Projects/work/emissary/target/test-classes/logback-test.xml
2023-12-12 00:43:52,576 [using logback-test.xml]  INFO emissary.command.BaseCommand - sample.dat HTML_ESCAPE.HTMLESCAPE.TRANSFORM.http://localhost:8001/HtmlEscapePlace - Overriding current emissary.config.flavor null to CLUSTER 
2023-12-12 00:43:52,576 [using logback-test.xml]  INFO emissary.command.BaseCommand - sample.dat HTML_ESCAPE.HTMLESCAPE.TRANSFORM.http://localhost:8001/HtmlEscapePlace - PROJECT_BASE is set to /Users/connor/Projects/work/emissary/target 
2023-12-12 00:43:52,576 [using logback-test.xml]  INFO emissary.command.BaseCommand - sample.dat HTML_ESCAPE.HTMLESCAPE.TRANSFORM.http://localhost:8001/HtmlEscapePlace - Setting emissary.config.dir to /Users/connor/Projects/work/emissary/target/config 
2023-12-12 00:43:52,576 [using logback-test.xml]  INFO emissary.command.BaseCommand - sample.dat HTML_ESCAPE.HTMLESCAPE.TRANSFORM.http://localhost:8001/HtmlEscapePlace - Setting emissary.bin.dir to /Users/connor/Projects/work/emissary/target/bin 
2023-12-12 00:43:52,576 [using logback-test.xml]  INFO emissary.command.BaseCommand - sample.dat HTML_ESCAPE.HTMLESCAPE.TRANSFORM.http://localhost:8001/HtmlEscapePlace - Setting emissary.output.root to /Users/connor/Projects/work/emissary/target/localoutput 
2023-12-12 00:43:52,576 [using logback-test.xml]  INFO emissary.command.BaseCommand - sample.dat HTML_ESCAPE.HTMLESCAPE.TRANSFORM.http://localhost:8001/HtmlEscapePlace - Emissary error dir set to /Users/connor/Projects/work/emissary/target/localerror 
2023-12-12 00:43:52,576 [using logback-test.xml]  INFO emissary.command.BaseCommand - sample.dat HTML_ESCAPE.HTMLESCAPE.TRANSFORM.http://localhost:8001/HtmlEscapePlace - Setting emissary.config.flavor to CLUSTER 
2023-12-12 00:43:52,576 [using logback-test.xml]  INFO emissary.command.BaseCommand - sample.dat HTML_ESCAPE.HTMLESCAPE.TRANSFORM.http://localhost:8001/HtmlEscapePlace - Setting emissary.node.name to localhost 
2023-12-12 00:43:52,576 [using logback-test.xml]  INFO emissary.command.BaseCommand - sample.dat HTML_ESCAPE.HTMLESCAPE.TRANSFORM.http://localhost:8001/HtmlEscapePlace - Setting emissary.node.port to 8001 
2023-12-12 00:43:52,576 [using logback-test.xml]  INFO emissary.command.BaseCommand - sample.dat HTML_ESCAPE.HTMLESCAPE.TRANSFORM.http://localhost:8001/HtmlEscapePlace - Setting emissary.node.scheme to http 
2023-12-12 00:43:52,576 [using logback-test.xml]  WARN emissary.command.BaseCommand - sample.dat HTML_ESCAPE.HTMLESCAPE.TRANSFORM.http://localhost:8001/HtmlEscapePlace - Not using /Users/connor/Projects/work/emissary/target/config/logback.xml, staying with test config file:/Users/connor/Projects/work/emissary/target/test-classes/logback-test.xml
2023-12-12 00:43:52,577 [using logback-test.xml]  INFO emissary.command.BaseCommand - sample.dat HTML_ESCAPE.HTMLESCAPE.TRANSFORM.http://localhost:8001/HtmlEscapePlace - Overriding current emissary.config.flavor CLUSTER to CLUSTER 
2023-12-12 00:43:52,577 [using logback-test.xml] DEBUG emissary.config.ConfigUtil - sample.dat HTML_ESCAPE.HTMLESCAPE.TRANSFORM.http://localhost:8001/HtmlEscapePlace - Attempting flavor merge on <none>-CLUSTER
2023-12-12 00:43:52,577 [using logback-test.xml] DEBUG emissary.config.ConfigUtil - sample.dat HTML_ESCAPE.HTMLESCAPE.TRANSFORM.http://localhost:8001/HtmlEscapePlace - Loading config for (string) <none>-CLUSTER
2023-12-12 00:43:52,577 [using logback-test.xml] DEBUG emissary.config.ConfigUtil - sample.dat HTML_ESCAPE.HTMLESCAPE.TRANSFORM.http://localhost:8001/HtmlEscapePlace - No file config found using new style <none>-CLUSTER
2023-12-12 00:43:52,577 [using logback-test.xml] DEBUG emissary.config.ConfigUtil - sample.dat HTML_ESCAPE.HTMLESCAPE.TRANSFORM.http://localhost:8001/HtmlEscapePlace - No config data as resource for <none>-CLUSTER
2023-12-12 00:43:52,577 [using logback-test.xml] DEBUG emissary.config.ConfigUtil - sample.dat HTML_ESCAPE.HTMLESCAPE.TRANSFORM.http://localhost:8001/HtmlEscapePlace - No file config found using old style <none>-CLUSTER.cfg
2023-12-12 00:43:52,577 [using logback-test.xml] DEBUG emissary.config.ConfigUtil - sample.dat HTML_ESCAPE.HTMLESCAPE.TRANSFORM.http://localhost:8001/HtmlEscapePlace - Unable to opt import flavor config <none>-CLUSTER
2023-12-12 00:43:52,580 [using logback-test.xml] DEBUG emissary.config.ConfigUtil - sample.dat HTML_ESCAPE.HTMLESCAPE.TRANSFORM.http://localhost:8001/HtmlEscapePlace - Attempting flavor merge on <none>-CLUSTER
2023-12-12 00:43:52,580 [using logback-test.xml] DEBUG emissary.config.ConfigUtil - sample.dat HTML_ESCAPE.HTMLESCAPE.TRANSFORM.http://localhost:8001/HtmlEscapePlace - Loading config for (string) <none>-CLUSTER
2023-12-12 00:43:52,580 [using logback-test.xml] DEBUG emissary.config.ConfigUtil - sample.dat HTML_ESCAPE.HTMLESCAPE.TRANSFORM.http://localhost:8001/HtmlEscapePlace - No file config found using new style <none>-CLUSTER
2023-12-12 00:43:52,580 [using logback-test.xml] DEBUG emissary.config.ConfigUtil - sample.dat HTML_ESCAPE.HTMLESCAPE.TRANSFORM.http://localhost:8001/HtmlEscapePlace - No config data as resource for <none>-CLUSTER
2023-12-12 00:43:52,580 [using logback-test.xml] DEBUG emissary.config.ConfigUtil - sample.dat HTML_ESCAPE.HTMLESCAPE.TRANSFORM.http://localhost:8001/HtmlEscapePlace - No file config found using old style <none>-CLUSTER.cfg
2023-12-12 00:43:52,580 [using logback-test.xml] DEBUG emissary.config.ConfigUtil - sample.dat HTML_ESCAPE.HTMLESCAPE.TRANSFORM.http://localhost:8001/HtmlEscapePlace - Unable to opt import flavor config <none>-CLUSTER
2023-12-12 00:43:52,580 [using logback-test.xml] DEBUG emissary.config.ConfigUtil - sample.dat HTML_ESCAPE.HTMLESCAPE.TRANSFORM.http://localhost:8001/HtmlEscapePlace - Configured configDirProperty /Users/connor/Projects/work/emissary/target/config
]]></system-out>
  </testcase>
  <testcase name="testRequireOfTypeParameter" classname="emissary.place.ServiceProviderPlaceTest" time="0.012">
    <system-out><![CDATA[2023-12-12 00:43:52,584 [using logback-test.xml]  INFO emissary.command.BaseCommand - sample.dat HTML_ESCAPE.HTMLESCAPE.TRANSFORM.http://localhost:8001/HtmlEscapePlace - PROJECT_BASE is set to /Users/connor/Projects/work/emissary/target 
2023-12-12 00:43:52,584 [using logback-test.xml]  INFO emissary.command.BaseCommand - sample.dat HTML_ESCAPE.HTMLESCAPE.TRANSFORM.http://localhost:8001/HtmlEscapePlace - Setting emissary.config.dir to /Users/connor/Projects/work/emissary/target/config 
2023-12-12 00:43:52,584 [using logback-test.xml]  INFO emissary.command.BaseCommand - sample.dat HTML_ESCAPE.HTMLESCAPE.TRANSFORM.http://localhost:8001/HtmlEscapePlace - Setting emissary.bin.dir to /Users/connor/Projects/work/emissary/target/bin 
2023-12-12 00:43:52,584 [using logback-test.xml]  INFO emissary.command.BaseCommand - sample.dat HTML_ESCAPE.HTMLESCAPE.TRANSFORM.http://localhost:8001/HtmlEscapePlace - Setting emissary.output.root to /Users/connor/Projects/work/emissary/target/localoutput 
2023-12-12 00:43:52,584 [using logback-test.xml]  INFO emissary.command.BaseCommand - sample.dat HTML_ESCAPE.HTMLESCAPE.TRANSFORM.http://localhost:8001/HtmlEscapePlace - Emissary error dir set to /Users/connor/Projects/work/emissary/target/localerror 
2023-12-12 00:43:52,584 [using logback-test.xml]  INFO emissary.command.BaseCommand - sample.dat HTML_ESCAPE.HTMLESCAPE.TRANSFORM.http://localhost:8001/HtmlEscapePlace - Setting emissary.node.name to localhost 
2023-12-12 00:43:52,584 [using logback-test.xml]  INFO emissary.command.BaseCommand - sample.dat HTML_ESCAPE.HTMLESCAPE.TRANSFORM.http://localhost:8001/HtmlEscapePlace - Setting emissary.node.port to 8001 
2023-12-12 00:43:52,584 [using logback-test.xml]  INFO emissary.command.BaseCommand - sample.dat HTML_ESCAPE.HTMLESCAPE.TRANSFORM.http://localhost:8001/HtmlEscapePlace - Setting emissary.node.scheme to http 
2023-12-12 00:43:52,584 [using logback-test.xml]  WARN emissary.command.BaseCommand - sample.dat HTML_ESCAPE.HTMLESCAPE.TRANSFORM.http://localhost:8001/HtmlEscapePlace - Not using /Users/connor/Projects/work/emissary/target/config/logback.xml, staying with test config file:/Users/connor/Projects/work/emissary/target/test-classes/logback-test.xml
2023-12-12 00:43:52,586 [using logback-test.xml]  INFO emissary.command.BaseCommand - sample.dat HTML_ESCAPE.HTMLESCAPE.TRANSFORM.http://localhost:8001/HtmlEscapePlace - Overriding current emissary.config.flavor null to CLUSTER 
2023-12-12 00:43:52,586 [using logback-test.xml]  INFO emissary.command.BaseCommand - sample.dat HTML_ESCAPE.HTMLESCAPE.TRANSFORM.http://localhost:8001/HtmlEscapePlace - PROJECT_BASE is set to /Users/connor/Projects/work/emissary/target 
2023-12-12 00:43:52,586 [using logback-test.xml]  INFO emissary.command.BaseCommand - sample.dat HTML_ESCAPE.HTMLESCAPE.TRANSFORM.http://localhost:8001/HtmlEscapePlace - Setting emissary.config.dir to /Users/connor/Projects/work/emissary/target/config 
2023-12-12 00:43:52,586 [using logback-test.xml]  INFO emissary.command.BaseCommand - sample.dat HTML_ESCAPE.HTMLESCAPE.TRANSFORM.http://localhost:8001/HtmlEscapePlace - Setting emissary.bin.dir to /Users/connor/Projects/work/emissary/target/bin 
2023-12-12 00:43:52,586 [using logback-test.xml]  INFO emissary.command.BaseCommand - sample.dat HTML_ESCAPE.HTMLESCAPE.TRANSFORM.http://localhost:8001/HtmlEscapePlace - Setting emissary.output.root to /Users/connor/Projects/work/emissary/target/localoutput 
2023-12-12 00:43:52,586 [using logback-test.xml]  INFO emissary.command.BaseCommand - sample.dat HTML_ESCAPE.HTMLESCAPE.TRANSFORM.http://localhost:8001/HtmlEscapePlace - Emissary error dir set to /Users/connor/Projects/work/emissary/target/localerror 
2023-12-12 00:43:52,586 [using logback-test.xml]  INFO emissary.command.BaseCommand - sample.dat HTML_ESCAPE.HTMLESCAPE.TRANSFORM.http://localhost:8001/HtmlEscapePlace - Setting emissary.config.flavor to CLUSTER 
2023-12-12 00:43:52,586 [using logback-test.xml]  INFO emissary.command.BaseCommand - sample.dat HTML_ESCAPE.HTMLESCAPE.TRANSFORM.http://localhost:8001/HtmlEscapePlace - Setting emissary.node.name to localhost 
2023-12-12 00:43:52,586 [using logback-test.xml]  INFO emissary.command.BaseCommand - sample.dat HTML_ESCAPE.HTMLESCAPE.TRANSFORM.http://localhost:8001/HtmlEscapePlace - Setting emissary.node.port to 8001 
2023-12-12 00:43:52,586 [using logback-test.xml]  INFO emissary.command.BaseCommand - sample.dat HTML_ESCAPE.HTMLESCAPE.TRANSFORM.http://localhost:8001/HtmlEscapePlace - Setting emissary.node.scheme to http 
2023-12-12 00:43:52,586 [using logback-test.xml]  WARN emissary.command.BaseCommand - sample.dat HTML_ESCAPE.HTMLESCAPE.TRANSFORM.http://localhost:8001/HtmlEscapePlace - Not using /Users/connor/Projects/work/emissary/target/config/logback.xml, staying with test config file:/Users/connor/Projects/work/emissary/target/test-classes/logback-test.xml
2023-12-12 00:43:52,588 [using logback-test.xml]  INFO emissary.command.BaseCommand - sample.dat HTML_ESCAPE.HTMLESCAPE.TRANSFORM.http://localhost:8001/HtmlEscapePlace - Overriding current emissary.config.flavor CLUSTER to CLUSTER 
2023-12-12 00:43:52,589 [using logback-test.xml] DEBUG emissary.config.ConfigUtil - sample.dat HTML_ESCAPE.HTMLESCAPE.TRANSFORM.http://localhost:8001/HtmlEscapePlace - Attempting flavor merge on <none>-CLUSTER
2023-12-12 00:43:52,589 [using logback-test.xml] DEBUG emissary.config.ConfigUtil - sample.dat HTML_ESCAPE.HTMLESCAPE.TRANSFORM.http://localhost:8001/HtmlEscapePlace - Loading config for (string) <none>-CLUSTER
2023-12-12 00:43:52,589 [using logback-test.xml] DEBUG emissary.config.ConfigUtil - sample.dat HTML_ESCAPE.HTMLESCAPE.TRANSFORM.http://localhost:8001/HtmlEscapePlace - No file config found using new style <none>-CLUSTER
2023-12-12 00:43:52,589 [using logback-test.xml] DEBUG emissary.config.ConfigUtil - sample.dat HTML_ESCAPE.HTMLESCAPE.TRANSFORM.http://localhost:8001/HtmlEscapePlace - No config data as resource for <none>-CLUSTER
2023-12-12 00:43:52,589 [using logback-test.xml] DEBUG emissary.config.ConfigUtil - sample.dat HTML_ESCAPE.HTMLESCAPE.TRANSFORM.http://localhost:8001/HtmlEscapePlace - No file config found using old style <none>-CLUSTER.cfg
2023-12-12 00:43:52,589 [using logback-test.xml] DEBUG emissary.config.ConfigUtil - sample.dat HTML_ESCAPE.HTMLESCAPE.TRANSFORM.http://localhost:8001/HtmlEscapePlace - Unable to opt import flavor config <none>-CLUSTER
2023-12-12 00:43:52,597 [using logback-test.xml] DEBUG emissary.config.ConfigUtil - sample.dat HTML_ESCAPE.HTMLESCAPE.TRANSFORM.http://localhost:8001/HtmlEscapePlace - Attempting flavor merge on <none>-CLUSTER
2023-12-12 00:43:52,597 [using logback-test.xml] DEBUG emissary.config.ConfigUtil - sample.dat HTML_ESCAPE.HTMLESCAPE.TRANSFORM.http://localhost:8001/HtmlEscapePlace - Loading config for (string) <none>-CLUSTER
2023-12-12 00:43:52,597 [using logback-test.xml] DEBUG emissary.config.ConfigUtil - sample.dat HTML_ESCAPE.HTMLESCAPE.TRANSFORM.http://localhost:8001/HtmlEscapePlace - No file config found using new style <none>-CLUSTER
2023-12-12 00:43:52,597 [using logback-test.xml] DEBUG emissary.config.ConfigUtil - sample.dat HTML_ESCAPE.HTMLESCAPE.TRANSFORM.http://localhost:8001/HtmlEscapePlace - No config data as resource for <none>-CLUSTER
2023-12-12 00:43:52,597 [using logback-test.xml] DEBUG emissary.config.ConfigUtil - sample.dat HTML_ESCAPE.HTMLESCAPE.TRANSFORM.http://localhost:8001/HtmlEscapePlace - No file config found using old style <none>-CLUSTER.cfg
2023-12-12 00:43:52,598 [using logback-test.xml] DEBUG emissary.config.ConfigUtil - sample.dat HTML_ESCAPE.HTMLESCAPE.TRANSFORM.http://localhost:8001/HtmlEscapePlace - Unable to opt import flavor config <none>-CLUSTER
2023-12-12 00:43:52,598 [using logback-test.xml] DEBUG emissary.config.ConfigUtil - sample.dat HTML_ESCAPE.HTMLESCAPE.TRANSFORM.http://localhost:8001/HtmlEscapePlace - Configured configDirProperty /Users/connor/Projects/work/emissary/target/config
]]></system-out>
  </testcase>
  <testcase name="testNukem" classname="emissary.place.ServiceProviderPlaceTest" time="0.009">
    <system-out><![CDATA[2023-12-12 00:43:52,609 [using logback-test.xml]  INFO emissary.command.BaseCommand - sample.dat HTML_ESCAPE.HTMLESCAPE.TRANSFORM.http://localhost:8001/HtmlEscapePlace - PROJECT_BASE is set to /Users/connor/Projects/work/emissary/target 
2023-12-12 00:43:52,609 [using logback-test.xml]  INFO emissary.command.BaseCommand - sample.dat HTML_ESCAPE.HTMLESCAPE.TRANSFORM.http://localhost:8001/HtmlEscapePlace - Setting emissary.config.dir to /Users/connor/Projects/work/emissary/target/config 
2023-12-12 00:43:52,609 [using logback-test.xml]  INFO emissary.command.BaseCommand - sample.dat HTML_ESCAPE.HTMLESCAPE.TRANSFORM.http://localhost:8001/HtmlEscapePlace - Setting emissary.bin.dir to /Users/connor/Projects/work/emissary/target/bin 
2023-12-12 00:43:52,609 [using logback-test.xml]  INFO emissary.command.BaseCommand - sample.dat HTML_ESCAPE.HTMLESCAPE.TRANSFORM.http://localhost:8001/HtmlEscapePlace - Setting emissary.output.root to /Users/connor/Projects/work/emissary/target/localoutput 
2023-12-12 00:43:52,609 [using logback-test.xml]  INFO emissary.command.BaseCommand - sample.dat HTML_ESCAPE.HTMLESCAPE.TRANSFORM.http://localhost:8001/HtmlEscapePlace - Emissary error dir set to /Users/connor/Projects/work/emissary/target/localerror 
2023-12-12 00:43:52,609 [using logback-test.xml]  INFO emissary.command.BaseCommand - sample.dat HTML_ESCAPE.HTMLESCAPE.TRANSFORM.http://localhost:8001/HtmlEscapePlace - Setting emissary.node.name to localhost 
2023-12-12 00:43:52,609 [using logback-test.xml]  INFO emissary.command.BaseCommand - sample.dat HTML_ESCAPE.HTMLESCAPE.TRANSFORM.http://localhost:8001/HtmlEscapePlace - Setting emissary.node.port to 8001 
2023-12-12 00:43:52,609 [using logback-test.xml]  INFO emissary.command.BaseCommand - sample.dat HTML_ESCAPE.HTMLESCAPE.TRANSFORM.http://localhost:8001/HtmlEscapePlace - Setting emissary.node.scheme to http 
2023-12-12 00:43:52,609 [using logback-test.xml]  WARN emissary.command.BaseCommand - sample.dat HTML_ESCAPE.HTMLESCAPE.TRANSFORM.http://localhost:8001/HtmlEscapePlace - Not using /Users/connor/Projects/work/emissary/target/config/logback.xml, staying with test config file:/Users/connor/Projects/work/emissary/target/test-classes/logback-test.xml
2023-12-12 00:43:52,619 [using logback-test.xml]  INFO emissary.command.BaseCommand - sample.dat HTML_ESCAPE.HTMLESCAPE.TRANSFORM.http://localhost:8001/HtmlEscapePlace - Overriding current emissary.config.flavor null to CLUSTER 
2023-12-12 00:43:52,619 [using logback-test.xml]  INFO emissary.command.BaseCommand - sample.dat HTML_ESCAPE.HTMLESCAPE.TRANSFORM.http://localhost:8001/HtmlEscapePlace - PROJECT_BASE is set to /Users/connor/Projects/work/emissary/target 
2023-12-12 00:43:52,619 [using logback-test.xml]  INFO emissary.command.BaseCommand - sample.dat HTML_ESCAPE.HTMLESCAPE.TRANSFORM.http://localhost:8001/HtmlEscapePlace - Setting emissary.config.dir to /Users/connor/Projects/work/emissary/target/config 
2023-12-12 00:43:52,619 [using logback-test.xml]  INFO emissary.command.BaseCommand - sample.dat HTML_ESCAPE.HTMLESCAPE.TRANSFORM.http://localhost:8001/HtmlEscapePlace - Setting emissary.bin.dir to /Users/connor/Projects/work/emissary/target/bin 
2023-12-12 00:43:52,619 [using logback-test.xml]  INFO emissary.command.BaseCommand - sample.dat HTML_ESCAPE.HTMLESCAPE.TRANSFORM.http://localhost:8001/HtmlEscapePlace - Setting emissary.output.root to /Users/connor/Projects/work/emissary/target/localoutput 
2023-12-12 00:43:52,619 [using logback-test.xml]  INFO emissary.command.BaseCommand - sample.dat HTML_ESCAPE.HTMLESCAPE.TRANSFORM.http://localhost:8001/HtmlEscapePlace - Emissary error dir set to /Users/connor/Projects/work/emissary/target/localerror 
2023-12-12 00:43:52,619 [using logback-test.xml]  INFO emissary.command.BaseCommand - sample.dat HTML_ESCAPE.HTMLESCAPE.TRANSFORM.http://localhost:8001/HtmlEscapePlace - Setting emissary.config.flavor to CLUSTER 
2023-12-12 00:43:52,619 [using logback-test.xml]  INFO emissary.command.BaseCommand - sample.dat HTML_ESCAPE.HTMLESCAPE.TRANSFORM.http://localhost:8001/HtmlEscapePlace - Setting emissary.node.name to localhost 
2023-12-12 00:43:52,619 [using logback-test.xml]  INFO emissary.command.BaseCommand - sample.dat HTML_ESCAPE.HTMLESCAPE.TRANSFORM.http://localhost:8001/HtmlEscapePlace - Setting emissary.node.port to 8001 
2023-12-12 00:43:52,619 [using logback-test.xml]  INFO emissary.command.BaseCommand - sample.dat HTML_ESCAPE.HTMLESCAPE.TRANSFORM.http://localhost:8001/HtmlEscapePlace - Setting emissary.node.scheme to http 
2023-12-12 00:43:52,619 [using logback-test.xml]  WARN emissary.command.BaseCommand - sample.dat HTML_ESCAPE.HTMLESCAPE.TRANSFORM.http://localhost:8001/HtmlEscapePlace - Not using /Users/connor/Projects/work/emissary/target/config/logback.xml, staying with test config file:/Users/connor/Projects/work/emissary/target/test-classes/logback-test.xml
2023-12-12 00:43:52,620 [using logback-test.xml]  INFO emissary.command.BaseCommand - sample.dat HTML_ESCAPE.HTMLESCAPE.TRANSFORM.http://localhost:8001/HtmlEscapePlace - Overriding current emissary.config.flavor CLUSTER to CLUSTER 
2023-12-12 00:43:52,620 [using logback-test.xml] DEBUG emissary.config.ConfigUtil - sample.dat HTML_ESCAPE.HTMLESCAPE.TRANSFORM.http://localhost:8001/HtmlEscapePlace - Attempting flavor merge on <none>-CLUSTER
2023-12-12 00:43:52,620 [using logback-test.xml] DEBUG emissary.config.ConfigUtil - sample.dat HTML_ESCAPE.HTMLESCAPE.TRANSFORM.http://localhost:8001/HtmlEscapePlace - Loading config for (string) <none>-CLUSTER
2023-12-12 00:43:52,620 [using logback-test.xml] DEBUG emissary.config.ConfigUtil - sample.dat HTML_ESCAPE.HTMLESCAPE.TRANSFORM.http://localhost:8001/HtmlEscapePlace - No file config found using new style <none>-CLUSTER
2023-12-12 00:43:52,620 [using logback-test.xml] DEBUG emissary.config.ConfigUtil - sample.dat HTML_ESCAPE.HTMLESCAPE.TRANSFORM.http://localhost:8001/HtmlEscapePlace - No config data as resource for <none>-CLUSTER
2023-12-12 00:43:52,620 [using logback-test.xml] DEBUG emissary.config.ConfigUtil - sample.dat HTML_ESCAPE.HTMLESCAPE.TRANSFORM.http://localhost:8001/HtmlEscapePlace - No file config found using old style <none>-CLUSTER.cfg
2023-12-12 00:43:52,621 [using logback-test.xml] DEBUG emissary.config.ConfigUtil - sample.dat HTML_ESCAPE.HTMLESCAPE.TRANSFORM.http://localhost:8001/HtmlEscapePlace - Unable to opt import flavor config <none>-CLUSTER
2023-12-12 00:43:52,621 [using logback-test.xml] DEBUG emissary.config.ConfigUtil - sample.dat HTML_ESCAPE.HTMLESCAPE.TRANSFORM.http://localhost:8001/HtmlEscapePlace - Configured configDirProperty /Users/connor/Projects/work/emissary/target/config
]]></system-out>
  </testcase>
  <testcase name="testKeysConfig" classname="emissary.place.ServiceProviderPlaceTest" time="0.002">
    <system-out><![CDATA[2023-12-12 00:43:52,638 [using logback-test.xml]  INFO emissary.command.BaseCommand - sample.dat HTML_ESCAPE.HTMLESCAPE.TRANSFORM.http://localhost:8001/HtmlEscapePlace - PROJECT_BASE is set to /Users/connor/Projects/work/emissary/target 
2023-12-12 00:43:52,638 [using logback-test.xml]  INFO emissary.command.BaseCommand - sample.dat HTML_ESCAPE.HTMLESCAPE.TRANSFORM.http://localhost:8001/HtmlEscapePlace - Setting emissary.config.dir to /Users/connor/Projects/work/emissary/target/config 
2023-12-12 00:43:52,638 [using logback-test.xml]  INFO emissary.command.BaseCommand - sample.dat HTML_ESCAPE.HTMLESCAPE.TRANSFORM.http://localhost:8001/HtmlEscapePlace - Setting emissary.bin.dir to /Users/connor/Projects/work/emissary/target/bin 
2023-12-12 00:43:52,638 [using logback-test.xml]  INFO emissary.command.BaseCommand - sample.dat HTML_ESCAPE.HTMLESCAPE.TRANSFORM.http://localhost:8001/HtmlEscapePlace - Setting emissary.output.root to /Users/connor/Projects/work/emissary/target/localoutput 
2023-12-12 00:43:52,638 [using logback-test.xml]  INFO emissary.command.BaseCommand - sample.dat HTML_ESCAPE.HTMLESCAPE.TRANSFORM.http://localhost:8001/HtmlEscapePlace - Emissary error dir set to /Users/connor/Projects/work/emissary/target/localerror 
2023-12-12 00:43:52,638 [using logback-test.xml]  INFO emissary.command.BaseCommand - sample.dat HTML_ESCAPE.HTMLESCAPE.TRANSFORM.http://localhost:8001/HtmlEscapePlace - Setting emissary.node.name to localhost 
2023-12-12 00:43:52,638 [using logback-test.xml]  INFO emissary.command.BaseCommand - sample.dat HTML_ESCAPE.HTMLESCAPE.TRANSFORM.http://localhost:8001/HtmlEscapePlace - Setting emissary.node.port to 8001 
2023-12-12 00:43:52,638 [using logback-test.xml]  INFO emissary.command.BaseCommand - sample.dat HTML_ESCAPE.HTMLESCAPE.TRANSFORM.http://localhost:8001/HtmlEscapePlace - Setting emissary.node.scheme to http 
2023-12-12 00:43:52,638 [using logback-test.xml]  WARN emissary.command.BaseCommand - sample.dat HTML_ESCAPE.HTMLESCAPE.TRANSFORM.http://localhost:8001/HtmlEscapePlace - Not using /Users/connor/Projects/work/emissary/target/config/logback.xml, staying with test config file:/Users/connor/Projects/work/emissary/target/test-classes/logback-test.xml
2023-12-12 00:43:52,639 [using logback-test.xml]  INFO emissary.command.BaseCommand - sample.dat HTML_ESCAPE.HTMLESCAPE.TRANSFORM.http://localhost:8001/HtmlEscapePlace - Overriding current emissary.config.flavor null to CLUSTER 
2023-12-12 00:43:52,639 [using logback-test.xml]  INFO emissary.command.BaseCommand - sample.dat HTML_ESCAPE.HTMLESCAPE.TRANSFORM.http://localhost:8001/HtmlEscapePlace - PROJECT_BASE is set to /Users/connor/Projects/work/emissary/target 
2023-12-12 00:43:52,639 [using logback-test.xml]  INFO emissary.command.BaseCommand - sample.dat HTML_ESCAPE.HTMLESCAPE.TRANSFORM.http://localhost:8001/HtmlEscapePlace - Setting emissary.config.dir to /Users/connor/Projects/work/emissary/target/config 
2023-12-12 00:43:52,639 [using logback-test.xml]  INFO emissary.command.BaseCommand - sample.dat HTML_ESCAPE.HTMLESCAPE.TRANSFORM.http://localhost:8001/HtmlEscapePlace - Setting emissary.bin.dir to /Users/connor/Projects/work/emissary/target/bin 
2023-12-12 00:43:52,639 [using logback-test.xml]  INFO emissary.command.BaseCommand - sample.dat HTML_ESCAPE.HTMLESCAPE.TRANSFORM.http://localhost:8001/HtmlEscapePlace - Setting emissary.output.root to /Users/connor/Projects/work/emissary/target/localoutput 
2023-12-12 00:43:52,639 [using logback-test.xml]  INFO emissary.command.BaseCommand - sample.dat HTML_ESCAPE.HTMLESCAPE.TRANSFORM.http://localhost:8001/HtmlEscapePlace - Emissary error dir set to /Users/connor/Projects/work/emissary/target/localerror 
2023-12-12 00:43:52,639 [using logback-test.xml]  INFO emissary.command.BaseCommand - sample.dat HTML_ESCAPE.HTMLESCAPE.TRANSFORM.http://localhost:8001/HtmlEscapePlace - Setting emissary.config.flavor to CLUSTER 
2023-12-12 00:43:52,639 [using logback-test.xml]  INFO emissary.command.BaseCommand - sample.dat HTML_ESCAPE.HTMLESCAPE.TRANSFORM.http://localhost:8001/HtmlEscapePlace - Setting emissary.node.name to localhost 
2023-12-12 00:43:52,639 [using logback-test.xml]  INFO emissary.command.BaseCommand - sample.dat HTML_ESCAPE.HTMLESCAPE.TRANSFORM.http://localhost:8001/HtmlEscapePlace - Setting emissary.node.port to 8001 
2023-12-12 00:43:52,639 [using logback-test.xml]  INFO emissary.command.BaseCommand - sample.dat HTML_ESCAPE.HTMLESCAPE.TRANSFORM.http://localhost:8001/HtmlEscapePlace - Setting emissary.node.scheme to http 
2023-12-12 00:43:52,639 [using logback-test.xml]  WARN emissary.command.BaseCommand - sample.dat HTML_ESCAPE.HTMLESCAPE.TRANSFORM.http://localhost:8001/HtmlEscapePlace - Not using /Users/connor/Projects/work/emissary/target/config/logback.xml, staying with test config file:/Users/connor/Projects/work/emissary/target/test-classes/logback-test.xml
2023-12-12 00:43:52,643 [using logback-test.xml]  INFO emissary.command.BaseCommand - sample.dat HTML_ESCAPE.HTMLESCAPE.TRANSFORM.http://localhost:8001/HtmlEscapePlace - Overriding current emissary.config.flavor CLUSTER to CLUSTER 
2023-12-12 00:43:52,644 [using logback-test.xml] DEBUG emissary.config.ConfigUtil - sample.dat HTML_ESCAPE.HTMLESCAPE.TRANSFORM.http://localhost:8001/HtmlEscapePlace - Attempting flavor merge on <none>-CLUSTER
2023-12-12 00:43:52,644 [using logback-test.xml] DEBUG emissary.config.ConfigUtil - sample.dat HTML_ESCAPE.HTMLESCAPE.TRANSFORM.http://localhost:8001/HtmlEscapePlace - Loading config for (string) <none>-CLUSTER
2023-12-12 00:43:52,644 [using logback-test.xml] DEBUG emissary.config.ConfigUtil - sample.dat HTML_ESCAPE.HTMLESCAPE.TRANSFORM.http://localhost:8001/HtmlEscapePlace - No file config found using new style <none>-CLUSTER
2023-12-12 00:43:52,644 [using logback-test.xml] DEBUG emissary.config.ConfigUtil - sample.dat HTML_ESCAPE.HTMLESCAPE.TRANSFORM.http://localhost:8001/HtmlEscapePlace - No config data as resource for <none>-CLUSTER
2023-12-12 00:43:52,644 [using logback-test.xml] DEBUG emissary.config.ConfigUtil - sample.dat HTML_ESCAPE.HTMLESCAPE.TRANSFORM.http://localhost:8001/HtmlEscapePlace - No file config found using old style <none>-CLUSTER.cfg
2023-12-12 00:43:52,644 [using logback-test.xml] DEBUG emissary.config.ConfigUtil - sample.dat HTML_ESCAPE.HTMLESCAPE.TRANSFORM.http://localhost:8001/HtmlEscapePlace - Unable to opt import flavor config <none>-CLUSTER
2023-12-12 00:43:52,645 [using logback-test.xml] DEBUG emissary.config.ConfigUtil - sample.dat HTML_ESCAPE.HTMLESCAPE.TRANSFORM.http://localhost:8001/HtmlEscapePlace - Attempting flavor merge on <none>-CLUSTER
[...]
2023-12-12 00:43:52,761 [using logback-test.xml] DEBUG emissary.config.ConfigUtil - sample.dat HTML_ESCAPE.HTMLESCAPE.TRANSFORM.http://localhost:8001/HtmlEscapePlace - No config data as resource for <none>-CLUSTER
2023-12-12 00:43:52,761 [using logback-test.xml] DEBUG emissary.config.ConfigUtil - sample.dat HTML_ESCAPE.HTMLESCAPE.TRANSFORM.http://localhost:8001/HtmlEscapePlace - No file config found using old style <none>-CLUSTER.cfg
2023-12-12 00:43:52,761 [using logback-test.xml] DEBUG emissary.config.ConfigUtil - sample.dat HTML_ESCAPE.HTMLESCAPE.TRANSFORM.http://localhost:8001/HtmlEscapePlace - Unable to opt import flavor config <none>-CLUSTER
2023-12-12 00:43:52,761 [using logback-test.xml] DEBUG emissary.config.ConfigUtil - sample.dat HTML_ESCAPE.HTMLESCAPE.TRANSFORM.http://localhost:8001/HtmlEscapePlace - Attempting flavor merge on <none>-CLUSTER
2023-12-12 00:43:52,761 [using logback-test.xml] DEBUG emissary.config.ConfigUtil - sample.dat HTML_ESCAPE.HTMLESCAPE.TRANSFORM.http://localhost:8001/HtmlEscapePlace - Loading config for (string) <none>-CLUSTER
2023-12-12 00:43:52,761 [using logback-test.xml] DEBUG emissary.config.ConfigUtil - sample.dat HTML_ESCAPE.HTMLESCAPE.TRANSFORM.http://localhost:8001/HtmlEscapePlace - No file config found using new style <none>-CLUSTER
2023-12-12 00:43:52,761 [using logback-test.xml] DEBUG emissary.config.ConfigUtil - sample.dat HTML_ESCAPE.HTMLESCAPE.TRANSFORM.http://localhost:8001/HtmlEscapePlace - No config data as resource for emissary/place/<none>-CLUSTER
2023-12-12 00:43:52,761 [using logback-test.xml] DEBUG emissary.config.ConfigUtil - sample.dat HTML_ESCAPE.HTMLESCAPE.TRANSFORM.http://localhost:8001/HtmlEscapePlace - No config data as resource for <none>-CLUSTER
2023-12-12 00:43:52,761 [using logback-test.xml] DEBUG emissary.config.ConfigUtil - sample.dat HTML_ESCAPE.HTMLESCAPE.TRANSFORM.http://localhost:8001/HtmlEscapePlace - No file config found using old style <none>-CLUSTER.cfg
2023-12-12 00:43:52,761 [using logback-test.xml] DEBUG emissary.config.ConfigUtil - sample.dat HTML_ESCAPE.HTMLESCAPE.TRANSFORM.http://localhost:8001/HtmlEscapePlace - Unable to opt import flavor config <none>-CLUSTER
2023-12-12 00:43:52,761 [using logback-test.xml] DEBUG emissary.config.ConfigUtil - sample.dat HTML_ESCAPE.HTMLESCAPE.TRANSFORM.http://localhost:8001/HtmlEscapePlace - Configured configDirProperty /Users/connor/Projects/work/emissary/target/config
]]></system-out>
  </testcase>
  <testcase name="testBadKeyInConfig" classname="emissary.place.ServiceProviderPlaceTest" time="0.003">
    <system-out><![CDATA[2023-12-12 00:43:52,764 [using logback-test.xml]  INFO emissary.command.BaseCommand - sample.dat HTML_ESCAPE.HTMLESCAPE.TRANSFORM.http://localhost:8001/HtmlEscapePlace - PROJECT_BASE is set to /Users/connor/Projects/work/emissary/target 
2023-12-12 00:43:52,764 [using logback-test.xml]  INFO emissary.command.BaseCommand - sample.dat HTML_ESCAPE.HTMLESCAPE.TRANSFORM.http://localhost:8001/HtmlEscapePlace - Setting emissary.config.dir to /Users/connor/Projects/work/emissary/target/config 
2023-12-12 00:43:52,764 [using logback-test.xml]  INFO emissary.command.BaseCommand - sample.dat HTML_ESCAPE.HTMLESCAPE.TRANSFORM.http://localhost:8001/HtmlEscapePlace - Setting emissary.bin.dir to /Users/connor/Projects/work/emissary/target/bin 
2023-12-12 00:43:52,764 [using logback-test.xml]  INFO emissary.command.BaseCommand - sample.dat HTML_ESCAPE.HTMLESCAPE.TRANSFORM.http://localhost:8001/HtmlEscapePlace - Setting emissary.output.root to /Users/connor/Projects/work/emissary/target/localoutput 
2023-12-12 00:43:52,764 [using logback-test.xml]  INFO emissary.command.BaseCommand - sample.dat HTML_ESCAPE.HTMLESCAPE.TRANSFORM.http://localhost:8001/HtmlEscapePlace - Emissary error dir set to /Users/connor/Projects/work/emissary/target/localerror 
2023-12-12 00:43:52,764 [using logback-test.xml]  INFO emissary.command.BaseCommand - sample.dat HTML_ESCAPE.HTMLESCAPE.TRANSFORM.http://localhost:8001/HtmlEscapePlace - Setting emissary.node.name to localhost 
2023-12-12 00:43:52,764 [using logback-test.xml]  INFO emissary.command.BaseCommand - sample.dat HTML_ESCAPE.HTMLESCAPE.TRANSFORM.http://localhost:8001/HtmlEscapePlace - Setting emissary.node.port to 8001 
2023-12-12 00:43:52,764 [using logback-test.xml]  INFO emissary.command.BaseCommand - sample.dat HTML_ESCAPE.HTMLESCAPE.TRANSFORM.http://localhost:8001/HtmlEscapePlace - Setting emissary.node.scheme to http 
2023-12-12 00:43:52,764 [using logback-test.xml]  WARN emissary.command.BaseCommand - sample.dat HTML_ESCAPE.HTMLESCAPE.TRANSFORM.http://localhost:8001/HtmlEscapePlace - Not using /Users/connor/Projects/work/emissary/target/config/logback.xml, staying with test config file:/Users/connor/Projects/work/emissary/target/test-classes/logback-test.xml
2023-12-12 00:43:52,765 [using logback-test.xml]  INFO emissary.command.BaseCommand - sample.dat HTML_ESCAPE.HTMLESCAPE.TRANSFORM.http://localhost:8001/HtmlEscapePlace - Overriding current emissary.config.flavor null to CLUSTER 
2023-12-12 00:43:52,765 [using logback-test.xml]  INFO emissary.command.BaseCommand - sample.dat HTML_ESCAPE.HTMLESCAPE.TRANSFORM.http://localhost:8001/HtmlEscapePlace - PROJECT_BASE is set to /Users/connor/Projects/work/emissary/target 
2023-12-12 00:43:52,765 [using logback-test.xml]  INFO emissary.command.BaseCommand - sample.dat HTML_ESCAPE.HTMLESCAPE.TRANSFORM.http://localhost:8001/HtmlEscapePlace - Setting emissary.config.dir to /Users/connor/Projects/work/emissary/target/config 
2023-12-12 00:43:52,765 [using logback-test.xml]  INFO emissary.command.BaseCommand - sample.dat HTML_ESCAPE.HTMLESCAPE.TRANSFORM.http://localhost:8001/HtmlEscapePlace - Setting emissary.bin.dir to /Users/connor/Projects/work/emissary/target/bin 
2023-12-12 00:43:52,765 [using logback-test.xml]  INFO emissary.command.BaseCommand - sample.dat HTML_ESCAPE.HTMLESCAPE.TRANSFORM.http://localhost:8001/HtmlEscapePlace - Setting emissary.output.root to /Users/connor/Projects/work/emissary/target/localoutput 
2023-12-12 00:43:52,765 [using logback-test.xml]  INFO emissary.command.BaseCommand - sample.dat HTML_ESCAPE.HTMLESCAPE.TRANSFORM.http://localhost:8001/HtmlEscapePlace - Emissary error dir set to /Users/connor/Projects/work/emissary/target/localerror 
2023-12-12 00:43:52,765 [using logback-test.xml]  INFO emissary.command.BaseCommand - sample.dat HTML_ESCAPE.HTMLESCAPE.TRANSFORM.http://localhost:8001/HtmlEscapePlace - Setting emissary.config.flavor to CLUSTER 
2023-12-12 00:43:52,765 [using logback-test.xml]  INFO emissary.command.BaseCommand - sample.dat HTML_ESCAPE.HTMLESCAPE.TRANSFORM.http://localhost:8001/HtmlEscapePlace - Setting emissary.node.name to localhost 
2023-12-12 00:43:52,765 [using logback-test.xml]  INFO emissary.command.BaseCommand - sample.dat HTML_ESCAPE.HTMLESCAPE.TRANSFORM.http://localhost:8001/HtmlEscapePlace - Setting emissary.node.port to 8001 
2023-12-12 00:43:52,765 [using logback-test.xml]  INFO emissary.command.BaseCommand - sample.dat HTML_ESCAPE.HTMLESCAPE.TRANSFORM.http://localhost:8001/HtmlEscapePlace - Setting emissary.node.scheme to http 
2023-12-12 00:43:52,765 [using logback-test.xml]  WARN emissary.command.BaseCommand - sample.dat HTML_ESCAPE.HTMLESCAPE.TRANSFORM.http://localhost:8001/HtmlEscapePlace - Not using /Users/connor/Projects/work/emissary/target/config/logback.xml, staying with test config file:/Users/connor/Projects/work/emissary/target/test-classes/logback-test.xml
2023-12-12 00:43:52,766 [using logback-test.xml]  INFO emissary.command.BaseCommand - sample.dat HTML_ESCAPE.HTMLESCAPE.TRANSFORM.http://localhost:8001/HtmlEscapePlace - Overriding current emissary.config.flavor CLUSTER to CLUSTER 
2023-12-12 00:43:52,766 [using logback-test.xml] DEBUG emissary.config.ConfigUtil - sample.dat HTML_ESCAPE.HTMLESCAPE.TRANSFORM.http://localhost:8001/HtmlEscapePlace - Attempting flavor merge on <none>-CLUSTER
2023-12-12 00:43:52,766 [using logback-test.xml] DEBUG emissary.config.ConfigUtil - sample.dat HTML_ESCAPE.HTMLESCAPE.TRANSFORM.http://localhost:8001/HtmlEscapePlace - Loading config for (string) <none>-CLUSTER
2023-12-12 00:43:52,766 [using logback-test.xml] DEBUG emissary.config.ConfigUtil - sample.dat HTML_ESCAPE.HTMLESCAPE.TRANSFORM.http://localhost:8001/HtmlEscapePlace - No file config found using new style <none>-CLUSTER
2023-12-12 00:43:52,766 [using logback-test.xml] DEBUG emissary.config.ConfigUtil - sample.dat HTML_ESCAPE.HTMLESCAPE.TRANSFORM.http://localhost:8001/HtmlEscapePlace - No config data as resource for emissary/place/<none>-CLUSTER
2023-12-12 00:43:52,766 [using logback-test.xml] DEBUG emissary.config.ConfigUtil - sample.dat HTML_ESCAPE.HTMLESCAPE.TRANSFORM.http://localhost:8001/HtmlEscapePlace - No config data as resource for <none>-CLUSTER
2023-12-12 00:43:52,766 [using logback-test.xml] DEBUG emissary.config.ConfigUtil - sample.dat HTML_ESCAPE.HTMLESCAPE.TRANSFORM.http://localhost:8001/HtmlEscapePlace - No file config found using old style <none>-CLUSTER.cfg
2023-12-12 00:43:52,766 [using logback-test.xml] DEBUG emissary.config.ConfigUtil - sample.dat HTML_ESCAPE.HTMLESCAPE.TRANSFORM.http://localhost:8001/HtmlEscapePlace - Unable to opt import flavor config <none>-CLUSTER
2023-12-12 00:43:52,767 [using logback-test.xml] DEBUG emissary.config.ConfigUtil - sample.dat HTML_ESCAPE.HTMLESCAPE.TRANSFORM.http://localhost:8001/HtmlEscapePlace - Attempting flavor merge on <none>-CLUSTER
2023-12-12 00:43:52,767 [using logback-test.xml] DEBUG emissary.config.ConfigUtil - sample.dat HTML_ESCAPE.HTMLESCAPE.TRANSFORM.http://localhost:8001/HtmlEscapePlace - Loading config for (string) <none>-CLUSTER
2023-12-12 00:43:52,767 [using logback-test.xml] DEBUG emissary.config.ConfigUtil - sample.dat HTML_ESCAPE.HTMLESCAPE.TRANSFORM.http://localhost:8001/HtmlEscapePlace - No file config found using new style <none>-CLUSTER
2023-12-12 00:43:52,767 [using logback-test.xml] DEBUG emissary.config.ConfigUtil - sample.dat HTML_ESCAPE.HTMLESCAPE.TRANSFORM.http://localhost:8001/HtmlEscapePlace - No config data as resource for emissary/place/<none>-CLUSTER
2023-12-12 00:43:52,767 [using logback-test.xml] DEBUG emissary.config.ConfigUtil - sample.dat HTML_ESCAPE.HTMLESCAPE.TRANSFORM.http://localhost:8001/HtmlEscapePlace - No config data as resource for <none>-CLUSTER
2023-12-12 00:43:52,767 [using logback-test.xml] DEBUG emissary.config.ConfigUtil - sample.dat HTML_ESCAPE.HTMLESCAPE.TRANSFORM.http://localhost:8001/HtmlEscapePlace - No file config found using old style <none>-CLUSTER.cfg
2023-12-12 00:43:52,767 [using logback-test.xml] DEBUG emissary.config.ConfigUtil - sample.dat HTML_ESCAPE.HTMLESCAPE.TRANSFORM.http://localhost:8001/HtmlEscapePlace - Unable to opt import flavor config <none>-CLUSTER
2023-12-12 00:43:52,767 [using logback-test.xml]  WARN emissary.place.ServiceProviderPlaceTest$PlaceTest - sample.dat HTML_ESCAPE.HTMLESCAPE.TRANSFORM.http://localhost:8001/HtmlEscapePlace - SERVICE_KEY 'TP4.TNAME.http://localhost:8001/TPlaceName$8050' is missing parts and cannot be used
2023-12-12 00:43:52,767 [using logback-test.xml] DEBUG emissary.config.ConfigUtil - sample.dat HTML_ESCAPE.HTMLESCAPE.TRANSFORM.http://localhost:8001/HtmlEscapePlace - Configured configDirProperty /Users/connor/Projects/work/emissary/target/config
]]></system-out>
  </testcase>
  <testcase name="testBogusKeyRemoval" classname="emissary.place.ServiceProviderPlaceTest" time="0.002">
    <system-out><![CDATA[2023-12-12 00:43:52,770 [using logback-test.xml]  INFO emissary.command.BaseCommand - sample.dat HTML_ESCAPE.HTMLESCAPE.TRANSFORM.http://localhost:8001/HtmlEscapePlace - PROJECT_BASE is set to /Users/connor/Projects/work/emissary/target 
2023-12-12 00:43:52,770 [using logback-test.xml]  INFO emissary.command.BaseCommand - sample.dat HTML_ESCAPE.HTMLESCAPE.TRANSFORM.http://localhost:8001/HtmlEscapePlace - Setting emissary.config.dir to /Users/connor/Projects/work/emissary/target/config 
2023-12-12 00:43:52,770 [using logback-test.xml]  INFO emissary.command.BaseCommand - sample.dat HTML_ESCAPE.HTMLESCAPE.TRANSFORM.http://localhost:8001/HtmlEscapePlace - Setting emissary.bin.dir to /Users/connor/Projects/work/emissary/target/bin 
2023-12-12 00:43:52,770 [using logback-test.xml]  INFO emissary.command.BaseCommand - sample.dat HTML_ESCAPE.HTMLESCAPE.TRANSFORM.http://localhost:8001/HtmlEscapePlace - Setting emissary.output.root to /Users/connor/Projects/work/emissary/target/localoutput 
2023-12-12 00:43:52,770 [using logback-test.xml]  INFO emissary.command.BaseCommand - sample.dat HTML_ESCAPE.HTMLESCAPE.TRANSFORM.http://localhost:8001/HtmlEscapePlace - Emissary error dir set to /Users/connor/Projects/work/emissary/target/localerror 
2023-12-12 00:43:52,770 [using logback-test.xml]  INFO emissary.command.BaseCommand - sample.dat HTML_ESCAPE.HTMLESCAPE.TRANSFORM.http://localhost:8001/HtmlEscapePlace - Setting emissary.node.name to localhost 
2023-12-12 00:43:52,770 [using logback-test.xml]  INFO emissary.command.BaseCommand - sample.dat HTML_ESCAPE.HTMLESCAPE.TRANSFORM.http://localhost:8001/HtmlEscapePlace - Setting emissary.node.port to 8001 
2023-12-12 00:43:52,770 [using logback-test.xml]  INFO emissary.command.BaseCommand - sample.dat HTML_ESCAPE.HTMLESCAPE.TRANSFORM.http://localhost:8001/HtmlEscapePlace - Setting emissary.node.scheme to http 
2023-12-12 00:43:52,770 [using logback-test.xml]  WARN emissary.command.BaseCommand - sample.dat HTML_ESCAPE.HTMLESCAPE.TRANSFORM.http://localhost:8001/HtmlEscapePlace - Not using /Users/connor/Projects/work/emissary/target/config/logback.xml, staying with test config file:/Users/connor/Projects/work/emissary/target/test-classes/logback-test.xml
2023-12-12 00:43:52,771 [using logback-test.xml]  INFO emissary.command.BaseCommand - sample.dat HTML_ESCAPE.HTMLESCAPE.TRANSFORM.http://localhost:8001/HtmlEscapePlace - Overriding current emissary.config.flavor null to CLUSTER 
2023-12-12 00:43:52,771 [using logback-test.xml]  INFO emissary.command.BaseCommand - sample.dat HTML_ESCAPE.HTMLESCAPE.TRANSFORM.http://localhost:8001/HtmlEscapePlace - PROJECT_BASE is set to /Users/connor/Projects/work/emissary/target 
2023-12-12 00:43:52,771 [using logback-test.xml]  INFO emissary.command.BaseCommand - sample.dat HTML_ESCAPE.HTMLESCAPE.TRANSFORM.http://localhost:8001/HtmlEscapePlace - Setting emissary.config.dir to /Users/connor/Projects/work/emissary/target/config 
2023-12-12 00:43:52,771 [using logback-test.xml]  INFO emissary.command.BaseCommand - sample.dat HTML_ESCAPE.HTMLESCAPE.TRANSFORM.http://localhost:8001/HtmlEscapePlace - Setting emissary.bin.dir to /Users/connor/Projects/work/emissary/target/bin 
2023-12-12 00:43:52,771 [using logback-test.xml]  INFO emissary.command.BaseCommand - sample.dat HTML_ESCAPE.HTMLESCAPE.TRANSFORM.http://localhost:8001/HtmlEscapePlace - Setting emissary.output.root to /Users/connor/Projects/work/emissary/target/localoutput 
2023-12-12 00:43:52,771 [using logback-test.xml]  INFO emissary.command.BaseCommand - sample.dat HTML_ESCAPE.HTMLESCAPE.TRANSFORM.http://localhost:8001/HtmlEscapePlace - Emissary error dir set to /Users/connor/Projects/work/emissary/target/localerror 
2023-12-12 00:43:52,771 [using logback-test.xml]  INFO emissary.command.BaseCommand - sample.dat HTML_ESCAPE.HTMLESCAPE.TRANSFORM.http://localhost:8001/HtmlEscapePlace - Setting emissary.config.flavor to CLUSTER 
2023-12-12 00:43:52,771 [using logback-test.xml]  INFO emissary.command.BaseCommand - sample.dat HTML_ESCAPE.HTMLESCAPE.TRANSFORM.http://localhost:8001/HtmlEscapePlace - Setting emissary.node.name to localhost 
2023-12-12 00:43:52,771 [using logback-test.xml]  INFO emissary.command.BaseCommand - sample.dat HTML_ESCAPE.HTMLESCAPE.TRANSFORM.http://localhost:8001/HtmlEscapePlace - Setting emissary.node.port to 8001 
2023-12-12 00:43:52,771 [using logback-test.xml]  INFO emissary.command.BaseCommand - sample.dat HTML_ESCAPE.HTMLESCAPE.TRANSFORM.http://localhost:8001/HtmlEscapePlace - Setting emissary.node.scheme to http 
2023-12-12 00:43:52,771 [using logback-test.xml]  WARN emissary.command.BaseCommand - sample.dat HTML_ESCAPE.HTMLESCAPE.TRANSFORM.http://localhost:8001/HtmlEscapePlace - Not using /Users/connor/Projects/work/emissary/target/config/logback.xml, staying with test config file:/Users/connor/Projects/work/emissary/target/test-classes/logback-test.xml
2023-12-12 00:43:52,773 [using logback-test.xml]  INFO emissary.command.BaseCommand - sample.dat HTML_ESCAPE.HTMLESCAPE.TRANSFORM.http://localhost:8001/HtmlEscapePlace - Overriding current emissary.config.flavor CLUSTER to CLUSTER 
2023-12-12 00:43:52,774 [using logback-test.xml] DEBUG emissary.config.ConfigUtil - sample.dat HTML_ESCAPE.HTMLESCAPE.TRANSFORM.http://localhost:8001/HtmlEscapePlace - Attempting flavor merge on <none>-CLUSTER
2023-12-12 00:43:52,774 [using logback-test.xml] DEBUG emissary.config.ConfigUtil - sample.dat HTML_ESCAPE.HTMLESCAPE.TRANSFORM.http://localhost:8001/HtmlEscapePlace - Loading config for (string) <none>-CLUSTER
2023-12-12 00:43:52,774 [using logback-test.xml] DEBUG emissary.config.ConfigUtil - sample.dat HTML_ESCAPE.HTMLESCAPE.TRANSFORM.http://localhost:8001/HtmlEscapePlace - No file config found using new style <none>-CLUSTER
2023-12-12 00:43:52,775 [using logback-test.xml] DEBUG emissary.config.ConfigUtil - sample.dat HTML_ESCAPE.HTMLESCAPE.TRANSFORM.http://localhost:8001/HtmlEscapePlace - No config data as resource for emissary/place/<none>-CLUSTER
2023-12-12 00:43:52,775 [using logback-test.xml] DEBUG emissary.config.ConfigUtil - sample.dat HTML_ESCAPE.HTMLESCAPE.TRANSFORM.http://localhost:8001/HtmlEscapePlace - No config data as resource for <none>-CLUSTER
2023-12-12 00:43:52,775 [using logback-test.xml] DEBUG emissary.config.ConfigUtil - sample.dat HTML_ESCAPE.HTMLESCAPE.TRANSFORM.http://localhost:8001/HtmlEscapePlace - No file config found using old style <none>-CLUSTER.cfg
2023-12-12 00:43:52,775 [using logback-test.xml] DEBUG emissary.config.ConfigUtil - sample.dat HTML_ESCAPE.HTMLESCAPE.TRANSFORM.http://localhost:8001/HtmlEscapePlace - Unable to opt import flavor config <none>-CLUSTER
2023-12-12 00:43:52,775 [using logback-test.xml] DEBUG emissary.config.ConfigUtil - sample.dat HTML_ESCAPE.HTMLESCAPE.TRANSFORM.http://localhost:8001/HtmlEscapePlace - Attempting flavor merge on <none>-CLUSTER
2023-12-12 00:43:52,775 [using logback-test.xml] DEBUG emissary.config.ConfigUtil - sample.dat HTML_ESCAPE.HTMLESCAPE.TRANSFORM.http://localhost:8001/HtmlEscapePlace - Loading config for (string) <none>-CLUSTER
2023-12-12 00:43:52,775 [using logback-test.xml] DEBUG emissary.config.ConfigUtil - sample.dat HTML_ESCAPE.HTMLESCAPE.TRANSFORM.http://localhost:8001/HtmlEscapePlace - No file config found using new style <none>-CLUSTER
2023-12-12 00:43:52,775 [using logback-test.xml] DEBUG emissary.config.ConfigUtil - sample.dat HTML_ESCAPE.HTMLESCAPE.TRANSFORM.http://localhost:8001/HtmlEscapePlace - No config data as resource for emissary/place/<none>-CLUSTER
2023-12-12 00:43:52,775 [using logback-test.xml] DEBUG emissary.config.ConfigUtil - sample.dat HTML_ESCAPE.HTMLESCAPE.TRANSFORM.http://localhost:8001/HtmlEscapePlace - No config data as resource for <none>-CLUSTER
2023-12-12 00:43:52,775 [using logback-test.xml] DEBUG emissary.config.ConfigUtil - sample.dat HTML_ESCAPE.HTMLESCAPE.TRANSFORM.http://localhost:8001/HtmlEscapePlace - No file config found using old style <none>-CLUSTER.cfg
2023-12-12 00:43:52,775 [using logback-test.xml] DEBUG emissary.config.ConfigUtil - sample.dat HTML_ESCAPE.HTMLESCAPE.TRANSFORM.http://localhost:8001/HtmlEscapePlace - Unable to opt import flavor config <none>-CLUSTER
2023-12-12 00:43:52,775 [using logback-test.xml] DEBUG emissary.config.ConfigUtil - sample.dat HTML_ESCAPE.HTMLESCAPE.TRANSFORM.http://localhost:8001/HtmlEscapePlace - Configured configDirProperty /Users/connor/Projects/work/emissary/target/config
]]></system-out>
  </testcase>
</testsuite>