<?xml version="1.0" encoding="UTF-8"?>
<testsuite xmlns:xsi="http://www.w3.org/2001/XMLSchema-instance" xsi:noNamespaceSchemaLocation="https://maven.apache.org/surefire/maven-surefire-plugin/xsd/surefire-test-report-3.0.xsd" version="3.0" name="emissary.util.TimeUtilTest" time="0.231" tests="19" errors="0" skipped="0" failures="0">
  <properties>
[...]
</properties>
  <testcase name="testGetDateOrdinal" classname="emissary.util.TimeUtilTest" time="0.004">
    <system-out><![CDATA[2023-12-12 00:43:49,570 [using logback-test.xml]  INFO emissary.command.BaseCommand -   - PROJECT_BASE is set to /Users/connor/Projects/work/emissary/target 
2023-12-12 00:43:49,570 [using logback-test.xml]  INFO emissary.command.BaseCommand -   - Setting emissary.config.dir to /Users/connor/Projects/work/emissary/target/config 
2023-12-12 00:43:49,570 [using logback-test.xml]  INFO emissary.command.BaseCommand -   - Setting emissary.bin.dir to /Users/connor/Projects/work/emissary/target/bin 
2023-12-12 00:43:49,570 [using logback-test.xml]  INFO emissary.command.BaseCommand -   - Setting emissary.output.root to /Users/connor/Projects/work/emissary/target/localoutput 
2023-12-12 00:43:49,570 [using logback-test.xml]  INFO emissary.command.BaseCommand -   - Emissary error dir set to /Users/connor/Projects/work/emissary/target/localerror 
2023-12-12 00:43:49,570 [using logback-test.xml]  INFO emissary.command.BaseCommand -   - Setting emissary.node.name to localhost 
2023-12-12 00:43:49,570 [using logback-test.xml]  INFO emissary.command.BaseCommand -   - Setting emissary.node.port to 8001 
2023-12-12 00:43:49,571 [using logback-test.xml]  INFO emissary.command.BaseCommand -   - Setting emissary.node.scheme to http 
2023-12-12 00:43:49,571 [using logback-test.xml]  WARN emissary.command.BaseCommand -   - Not using /Users/connor/Projects/work/emissary/target/config/logback.xml, staying with test config file:/Users/connor/Projects/work/emissary/target/test-classes/logback-test.xml
2023-12-12 00:43:49,573 [using logback-test.xml]  INFO emissary.command.BaseCommand -   - Overriding current emissary.config.flavor null to CLUSTER 
2023-12-12 00:43:49,573 [using logback-test.xml]  INFO emissary.command.BaseCommand -   - PROJECT_BASE is set to /Users/connor/Projects/work/emissary/target 
2023-12-12 00:43:49,573 [using logback-test.xml]  INFO emissary.command.BaseCommand -   - Setting emissary.config.dir to /Users/connor/Projects/work/emissary/target/config 
2023-12-12 00:43:49,573 [using logback-test.xml]  INFO emissary.command.BaseCommand -   - Setting emissary.bin.dir to /Users/connor/Projects/work/emissary/target/bin 
2023-12-12 00:43:49,573 [using logback-test.xml]  INFO emissary.command.BaseCommand -   - Setting emissary.output.root to /Users/connor/Projects/work/emissary/target/localoutput 
2023-12-12 00:43:49,573 [using logback-test.xml]  INFO emissary.command.BaseCommand -   - Emissary error dir set to /Users/connor/Projects/work/emissary/target/localerror 
2023-12-12 00:43:49,573 [using logback-test.xml]  INFO emissary.command.BaseCommand -   - Setting emissary.config.flavor to CLUSTER 
2023-12-12 00:43:49,573 [using logback-test.xml]  INFO emissary.command.BaseCommand -   - Setting emissary.node.name to localhost 
2023-12-12 00:43:49,573 [using logback-test.xml]  INFO emissary.command.BaseCommand -   - Setting emissary.node.port to 8001 
2023-12-12 00:43:49,574 [using logback-test.xml]  INFO emissary.command.BaseCommand -   - Setting emissary.node.scheme to http 
2023-12-12 00:43:49,574 [using logback-test.xml]  WARN emissary.command.BaseCommand -   - Not using /Users/connor/Projects/work/emissary/target/config/logback.xml, staying with test config file:/Users/connor/Projects/work/emissary/target/test-classes/logback-test.xml
2023-12-12 00:43:49,575 [using logback-test.xml]  INFO emissary.command.BaseCommand -   - Overriding current emissary.config.flavor CLUSTER to CLUSTER 
2023-12-12 00:43:49,578 [using logback-test.xml] DEBUG emissary.config.ConfigUtil -   - Configured configDirProperty /Users/connor/Projects/work/emissary/target/config
]]></system-out>
  </testcase>
  <testcase name="testDatePath" classname="emissary.util.TimeUtilTest" time="0.009">
    <system-out><![CDATA[2023-12-12 00:43:49,584 [using logback-test.xml]  INFO emissary.command.BaseCommand -   - PROJECT_BASE is set to /Users/connor/Projects/work/emissary/target 
2023-12-12 00:43:49,584 [using logback-test.xml]  INFO emissary.command.BaseCommand -   - Setting emissary.config.dir to /Users/connor/Projects/work/emissary/target/config 
2023-12-12 00:43:49,584 [using logback-test.xml]  INFO emissary.command.BaseCommand -   - Setting emissary.bin.dir to /Users/connor/Projects/work/emissary/target/bin 
2023-12-12 00:43:49,585 [using logback-test.xml]  INFO emissary.command.BaseCommand -   - Setting emissary.output.root to /Users/connor/Projects/work/emissary/target/localoutput 
2023-12-12 00:43:49,585 [using logback-test.xml]  INFO emissary.command.BaseCommand -   - Emissary error dir set to /Users/connor/Projects/work/emissary/target/localerror 
2023-12-12 00:43:49,585 [using logback-test.xml]  INFO emissary.command.BaseCommand -   - Setting emissary.node.name to localhost 
2023-12-12 00:43:49,585 [using logback-test.xml]  INFO emissary.command.BaseCommand -   - Setting emissary.node.port to 8001 
2023-12-12 00:43:49,585 [using logback-test.xml]  INFO emissary.command.BaseCommand -   - Setting emissary.node.scheme to http 
2023-12-12 00:43:49,585 [using logback-test.xml]  WARN emissary.command.BaseCommand -   - Not using /Users/connor/Projects/work/emissary/target/config/logback.xml, staying with test config file:/Users/connor/Projects/work/emissary/target/test-classes/logback-test.xml
2023-12-12 00:43:49,589 [using logback-test.xml]  INFO emissary.command.BaseCommand -   - Overriding current emissary.config.flavor null to CLUSTER 
2023-12-12 00:43:49,590 [using logback-test.xml]  INFO emissary.command.BaseCommand -   - PROJECT_BASE is set to /Users/connor/Projects/work/emissary/target 
2023-12-12 00:43:49,590 [using logback-test.xml]  INFO emissary.command.BaseCommand -   - Setting emissary.config.dir to /Users/connor/Projects/work/emissary/target/config 
2023-12-12 00:43:49,590 [using logback-test.xml]  INFO emissary.command.BaseCommand -   - Setting emissary.bin.dir to /Users/connor/Projects/work/emissary/target/bin 
2023-12-12 00:43:49,590 [using logback-test.xml]  INFO emissary.command.BaseCommand -   - Setting emissary.output.root to /Users/connor/Projects/work/emissary/target/localoutput 
2023-12-12 00:43:49,590 [using logback-test.xml]  INFO emissary.command.BaseCommand -   - Emissary error dir set to /Users/connor/Projects/work/emissary/target/localerror 
2023-12-12 00:43:49,590 [using logback-test.xml]  INFO emissary.command.BaseCommand -   - Setting emissary.config.flavor to CLUSTER 
2023-12-12 00:43:49,590 [using logback-test.xml]  INFO emissary.command.BaseCommand -   - Setting emissary.node.name to localhost 
2023-12-12 00:43:49,590 [using logback-test.xml]  INFO emissary.command.BaseCommand -   - Setting emissary.node.port to 8001 
2023-12-12 00:43:49,590 [using logback-test.xml]  INFO emissary.command.BaseCommand -   - Setting emissary.node.scheme to http 
2023-12-12 00:43:49,590 [using logback-test.xml]  WARN emissary.command.BaseCommand -   - Not using /Users/connor/Projects/work/emissary/target/config/logback.xml, staying with test config file:/Users/connor/Projects/work/emissary/target/test-classes/logback-test.xml
2023-12-12 00:43:49,592 [using logback-test.xml]  INFO emissary.command.BaseCommand -   - Overriding current emissary.config.flavor CLUSTER to CLUSTER 
2023-12-12 00:43:49,593 [using logback-test.xml] DEBUG emissary.config.ConfigUtil -   - Configured configDirProperty /Users/connor/Projects/work/emissary/target/config
]]></system-out>
  </testcase>
  <testcase name="testGetDateExceptionBadZone" classname="emissary.util.TimeUtilTest" time="0.002">
    <system-out><![CDATA[2023-12-12 00:43:49,605 [using logback-test.xml]  INFO emissary.command.BaseCommand -   - PROJECT_BASE is set to /Users/connor/Projects/work/emissary/target 
2023-12-12 00:43:49,606 [using logback-test.xml]  INFO emissary.command.BaseCommand -   - Setting emissary.config.dir to /Users/connor/Projects/work/emissary/target/config 
2023-12-12 00:43:49,606 [using logback-test.xml]  INFO emissary.command.BaseCommand -   - Setting emissary.bin.dir to /Users/connor/Projects/work/emissary/target/bin 
2023-12-12 00:43:49,606 [using logback-test.xml]  INFO emissary.command.BaseCommand -   - Setting emissary.output.root to /Users/connor/Projects/work/emissary/target/localoutput 
2023-12-12 00:43:49,606 [using logback-test.xml]  INFO emissary.command.BaseCommand -   - Emissary error dir set to /Users/connor/Projects/work/emissary/target/localerror 
2023-12-12 00:43:49,606 [using logback-test.xml]  INFO emissary.command.BaseCommand -   - Setting emissary.node.name to localhost 
2023-12-12 00:43:49,606 [using logback-test.xml]  INFO emissary.command.BaseCommand -   - Setting emissary.node.port to 8001 
2023-12-12 00:43:49,606 [using logback-test.xml]  INFO emissary.command.BaseCommand -   - Setting emissary.node.scheme to http 
2023-12-12 00:43:49,606 [using logback-test.xml]  WARN emissary.command.BaseCommand -   - Not using /Users/connor/Projects/work/emissary/target/config/logback.xml, staying with test config file:/Users/connor/Projects/work/emissary/target/test-classes/logback-test.xml
2023-12-12 00:43:49,613 [using logback-test.xml]  INFO emissary.command.BaseCommand -   - Overriding current emissary.config.flavor null to CLUSTER 
2023-12-12 00:43:49,613 [using logback-test.xml]  INFO emissary.command.BaseCommand -   - PROJECT_BASE is set to /Users/connor/Projects/work/emissary/target 
2023-12-12 00:43:49,613 [using logback-test.xml]  INFO emissary.command.BaseCommand -   - Setting emissary.config.dir to /Users/connor/Projects/work/emissary/target/config 
2023-12-12 00:43:49,613 [using logback-test.xml]  INFO emissary.command.BaseCommand -   - Setting emissary.bin.dir to /Users/connor/Projects/work/emissary/target/bin 
2023-12-12 00:43:49,613 [using logback-test.xml]  INFO emissary.command.BaseCommand -   - Setting emissary.output.root to /Users/connor/Projects/work/emissary/target/localoutput 
2023-12-12 00:43:49,613 [using logback-test.xml]  INFO emissary.command.BaseCommand -   - Emissary error dir set to /Users/connor/Projects/work/emissary/target/localerror 
2023-12-12 00:43:49,613 [using logback-test.xml]  INFO emissary.command.BaseCommand -   - Setting emissary.config.flavor to CLUSTER 
2023-12-12 00:43:49,613 [using logback-test.xml]  INFO emissary.command.BaseCommand -   - Setting emissary.node.name to localhost 
2023-12-12 00:43:49,613 [using logback-test.xml]  INFO emissary.command.BaseCommand -   - Setting emissary.node.port to 8001 
2023-12-12 00:43:49,613 [using logback-test.xml]  INFO emissary.command.BaseCommand -   - Setting emissary.node.scheme to http 
2023-12-12 00:43:49,613 [using logback-test.xml]  WARN emissary.command.BaseCommand -   - Not using /Users/connor/Projects/work/emissary/target/config/logback.xml, staying with test config file:/Users/connor/Projects/work/emissary/target/test-classes/logback-test.xml
2023-12-12 00:43:49,615 [using logback-test.xml]  INFO emissary.command.BaseCommand -   - Overriding current emissary.config.flavor CLUSTER to CLUSTER 
2023-12-12 00:43:49,616 [using logback-test.xml] DEBUG emissary.config.ConfigUtil -   - Configured configDirProperty /Users/connor/Projects/work/emissary/target/config
]]></system-out>
  </testcase>
  <testcase name="testOrdinal" classname="emissary.util.TimeUtilTest" time="0.004">
    <system-out><![CDATA[2023-12-12 00:43:49,619 [using logback-test.xml]  INFO emissary.command.BaseCommand -   - PROJECT_BASE is set to /Users/connor/Projects/work/emissary/target 
2023-12-12 00:43:49,619 [using logback-test.xml]  INFO emissary.command.BaseCommand -   - Setting emissary.config.dir to /Users/connor/Projects/work/emissary/target/config 
2023-12-12 00:43:49,619 [using logback-test.xml]  INFO emissary.command.BaseCommand -   - Setting emissary.bin.dir to /Users/connor/Projects/work/emissary/target/bin 
2023-12-12 00:43:49,619 [using logback-test.xml]  INFO emissary.command.BaseCommand -   - Setting emissary.output.root to /Users/connor/Projects/work/emissary/target/localoutput 
2023-12-12 00:43:49,619 [using logback-test.xml]  INFO emissary.command.BaseCommand -   - Emissary error dir set to /Users/connor/Projects/work/emissary/target/localerror 
2023-12-12 00:43:49,619 [using logback-test.xml]  INFO emissary.command.BaseCommand -   - Setting emissary.node.name to localhost 
2023-12-12 00:43:49,619 [using logback-test.xml]  INFO emissary.command.BaseCommand -   - Setting emissary.node.port to 8001 
2023-12-12 00:43:49,619 [using logback-test.xml]  INFO emissary.command.BaseCommand -   - Setting emissary.node.scheme to http 
2023-12-12 00:43:49,619 [using logback-test.xml]  WARN emissary.command.BaseCommand -   - Not using /Users/connor/Projects/work/emissary/target/config/logback.xml, staying with test config file:/Users/connor/Projects/work/emissary/target/test-classes/logback-test.xml
2023-12-12 00:43:49,621 [using logback-test.xml]  INFO emissary.command.BaseCommand -   - Overriding current emissary.config.flavor null to CLUSTER 
2023-12-12 00:43:49,622 [using logback-test.xml]  INFO emissary.command.BaseCommand -   - PROJECT_BASE is set to /Users/connor/Projects/work/emissary/target 
2023-12-12 00:43:49,622 [using logback-test.xml]  INFO emissary.command.BaseCommand -   - Setting emissary.config.dir to /Users/connor/Projects/work/emissary/target/config 
2023-12-12 00:43:49,622 [using logback-test.xml]  INFO emissary.command.BaseCommand -   - Setting emissary.bin.dir to /Users/connor/Projects/work/emissary/target/bin 
2023-12-12 00:43:49,622 [using logback-test.xml]  INFO emissary.command.BaseCommand -   - Setting emissary.output.root to /Users/connor/Projects/work/emissary/target/localoutput 
2023-12-12 00:43:49,622 [using logback-test.xml]  INFO emissary.command.BaseCommand -   - Emissary error dir set to /Users/connor/Projects/work/emissary/target/localerror 
2023-12-12 00:43:49,622 [using logback-test.xml]  INFO emissary.command.BaseCommand -   - Setting emissary.config.flavor to CLUSTER 
2023-12-12 00:43:49,622 [using logback-test.xml]  INFO emissary.command.BaseCommand -   - Setting emissary.node.name to localhost 
2023-12-12 00:43:49,622 [using logback-test.xml]  INFO emissary.command.BaseCommand -   - Setting emissary.node.port to 8001 
2023-12-12 00:43:49,622 [using logback-test.xml]  INFO emissary.command.BaseCommand -   - Setting emissary.node.scheme to http 
2023-12-12 00:43:49,622 [using logback-test.xml]  WARN emissary.command.BaseCommand -   - Not using /Users/connor/Projects/work/emissary/target/config/logback.xml, staying with test config file:/Users/connor/Projects/work/emissary/target/test-classes/logback-test.xml
2023-12-12 00:43:49,629 [using logback-test.xml]  INFO emissary.command.BaseCommand -   - Overriding current emissary.config.flavor CLUSTER to CLUSTER 
2023-12-12 00:43:49,630 [using logback-test.xml] DEBUG emissary.config.ConfigUtil -   - Configured configDirProperty /Users/connor/Projects/work/emissary/target/config
]]></system-out>
  </testcase>
  <testcase name="testDateAsFullIOS8601" classname="emissary.util.TimeUtilTest" time="0.007">
    <system-out><![CDATA[2023-12-12 00:43:49,637 [using logback-test.xml]  INFO emissary.command.BaseCommand -   - PROJECT_BASE is set to /Users/connor/Projects/work/emissary/target 
2023-12-12 00:43:49,637 [using logback-test.xml]  INFO emissary.command.BaseCommand -   - Setting emissary.config.dir to /Users/connor/Projects/work/emissary/target/config 
2023-12-12 00:43:49,637 [using logback-test.xml]  INFO emissary.command.BaseCommand -   - Setting emissary.bin.dir to /Users/connor/Projects/work/emissary/target/bin 
2023-12-12 00:43:49,637 [using logback-test.xml]  INFO emissary.command.BaseCommand -   - Setting emissary.output.root to /Users/connor/Projects/work/emissary/target/localoutput 
2023-12-12 00:43:49,637 [using logback-test.xml]  INFO emissary.command.BaseCommand -   - Emissary error dir set to /Users/connor/Projects/work/emissary/target/localerror 
2023-12-12 00:43:49,637 [using logback-test.xml]  INFO emissary.command.BaseCommand -   - Setting emissary.node.name to localhost 
2023-12-12 00:43:49,637 [using logback-test.xml]  INFO emissary.command.BaseCommand -   - Setting emissary.node.port to 8001 
2023-12-12 00:43:49,637 [using logback-test.xml]  INFO emissary.command.BaseCommand -   - Setting emissary.node.scheme to http 
2023-12-12 00:43:49,637 [using logback-test.xml]  WARN emissary.command.BaseCommand -   - Not using /Users/connor/Projects/work/emissary/target/config/logback.xml, staying with test config file:/Users/connor/Projects/work/emissary/target/test-classes/logback-test.xml
2023-12-12 00:43:49,639 [using logback-test.xml]  INFO emissary.command.BaseCommand -   - Overriding current emissary.config.flavor null to CLUSTER 
2023-12-12 00:43:49,639 [using logback-test.xml]  INFO emissary.command.BaseCommand -   - PROJECT_BASE is set to /Users/connor/Projects/work/emissary/target 
2023-12-12 00:43:49,639 [using logback-test.xml]  INFO emissary.command.BaseCommand -   - Setting emissary.config.dir to /Users/connor/Projects/work/emissary/target/config 
2023-12-12 00:43:49,639 [using logback-test.xml]  INFO emissary.command.BaseCommand -   - Setting emissary.bin.dir to /Users/connor/Projects/work/emissary/target/bin 
2023-12-12 00:43:49,639 [using logback-test.xml]  INFO emissary.command.BaseCommand -   - Setting emissary.output.root to /Users/connor/Projects/work/emissary/target/localoutput 
2023-12-12 00:43:49,639 [using logback-test.xml]  INFO emissary.command.BaseCommand -   - Emissary error dir set to /Users/connor/Projects/work/emissary/target/localerror 
2023-12-12 00:43:49,639 [using logback-test.xml]  INFO emissary.command.BaseCommand -   - Setting emissary.config.flavor to CLUSTER 
2023-12-12 00:43:49,639 [using logback-test.xml]  INFO emissary.command.BaseCommand -   - Setting emissary.node.name to localhost 
2023-12-12 00:43:49,640 [using logback-test.xml]  INFO emissary.command.BaseCommand -   - Setting emissary.node.port to 8001 
2023-12-12 00:43:49,640 [using logback-test.xml]  INFO emissary.command.BaseCommand -   - Setting emissary.node.scheme to http 
2023-12-12 00:43:49,640 [using logback-test.xml]  WARN emissary.command.BaseCommand -   - Not using /Users/connor/Projects/work/emissary/target/config/logback.xml, staying with test config file:/Users/connor/Projects/work/emissary/target/test-classes/logback-test.xml
2023-12-12 00:43:49,641 [using logback-test.xml]  INFO emissary.command.BaseCommand -   - Overriding current emissary.config.flavor CLUSTER to CLUSTER 
2023-12-12 00:43:49,642 [using logback-test.xml] DEBUG emissary.config.ConfigUtil -   - Configured configDirProperty /Users/connor/Projects/work/emissary/target/config
]]></system-out>
  </testcase>
  <testcase name="testCurrentTimeAsPath" classname="emissary.util.TimeUtilTest" time="0.008">
    <system-out><![CDATA[2023-12-12 00:43:49,650 [using logback-test.xml]  INFO emissary.command.BaseCommand -   - PROJECT_BASE is set to /Users/connor/Projects/work/emissary/target 
2023-12-12 00:43:49,650 [using logback-test.xml]  INFO emissary.command.BaseCommand -   - Setting emissary.config.dir to /Users/connor/Projects/work/emissary/target/config 
2023-12-12 00:43:49,650 [using logback-test.xml]  INFO emissary.command.BaseCommand -   - Setting emissary.bin.dir to /Users/connor/Projects/work/emissary/target/bin 
2023-12-12 00:43:49,650 [using logback-test.xml]  INFO emissary.command.BaseCommand -   - Setting emissary.output.root to /Users/connor/Projects/work/emissary/target/localoutput 
2023-12-12 00:43:49,650 [using logback-test.xml]  INFO emissary.command.BaseCommand -   - Emissary error dir set to /Users/connor/Projects/work/emissary/target/localerror 
2023-12-12 00:43:49,650 [using logback-test.xml]  INFO emissary.command.BaseCommand -   - Setting emissary.node.name to localhost 
2023-12-12 00:43:49,650 [using logback-test.xml]  INFO emissary.command.BaseCommand -   - Setting emissary.node.port to 8001 
2023-12-12 00:43:49,650 [using logback-test.xml]  INFO emissary.command.BaseCommand -   - Setting emissary.node.scheme to http 
2023-12-12 00:43:49,650 [using logback-test.xml]  WARN emissary.command.BaseCommand -   - Not using /Users/connor/Projects/work/emissary/target/config/logback.xml, staying with test config file:/Users/connor/Projects/work/emissary/target/test-classes/logback-test.xml
2023-12-12 00:43:49,652 [using logback-test.xml]  INFO emissary.command.BaseCommand -   - Overriding current emissary.config.flavor null to CLUSTER 
2023-12-12 00:43:49,652 [using logback-test.xml]  INFO emissary.command.BaseCommand -   - PROJECT_BASE is set to /Users/connor/Projects/work/emissary/target 
2023-12-12 00:43:49,652 [using logback-test.xml]  INFO emissary.command.BaseCommand -   - Setting emissary.config.dir to /Users/connor/Projects/work/emissary/target/config 
2023-12-12 00:43:49,652 [using logback-test.xml]  INFO emissary.command.BaseCommand -   - Setting emissary.bin.dir to /Users/connor/Projects/work/emissary/target/bin 
2023-12-12 00:43:49,652 [using logback-test.xml]  INFO emissary.command.BaseCommand -   - Setting emissary.output.root to /Users/connor/Projects/work/emissary/target/localoutput 
2023-12-12 00:43:49,652 [using logback-test.xml]  INFO emissary.command.BaseCommand -   - Emissary error dir set to /Users/connor/Projects/work/emissary/target/localerror 
2023-12-12 00:43:49,652 [using logback-test.xml]  INFO emissary.command.BaseCommand -   - Setting emissary.config.flavor to CLUSTER 
2023-12-12 00:43:49,652 [using logback-test.xml]  INFO emissary.command.BaseCommand -   - Setting emissary.node.name to localhost 
2023-12-12 00:43:49,652 [using logback-test.xml]  INFO emissary.command.BaseCommand -   - Setting emissary.node.port to 8001 
2023-12-12 00:43:49,653 [using logback-test.xml]  INFO emissary.command.BaseCommand -   - Setting emissary.node.scheme to http 
2023-12-12 00:43:49,653 [using logback-test.xml]  WARN emissary.command.BaseCommand -   - Not using /Users/connor/Projects/work/emissary/target/config/logback.xml, staying with test config file:/Users/connor/Projects/work/emissary/target/test-classes/logback-test.xml
2023-12-12 00:43:49,657 [using logback-test.xml]  INFO emissary.command.BaseCommand -   - Overriding current emissary.config.flavor CLUSTER to CLUSTER 
2023-12-12 00:43:49,658 [using logback-test.xml] DEBUG emissary.config.ConfigUtil -   - Configured configDirProperty /Users/connor/Projects/work/emissary/target/config
]]></system-out>
  </testcase>
  <testcase name="testGetDateFromISO8601Exception" classname="emissary.util.TimeUtilTest" time="0.002">
    <system-out><![CDATA[2023-12-12 00:43:49,667 [using logback-test.xml]  INFO emissary.command.BaseCommand -   - PROJECT_BASE is set to /Users/connor/Projects/work/emissary/target 
2023-12-12 00:43:49,667 [using logback-test.xml]  INFO emissary.command.BaseCommand -   - Setting emissary.config.dir to /Users/connor/Projects/work/emissary/target/config 
2023-12-12 00:43:49,667 [using logback-test.xml]  INFO emissary.command.BaseCommand -   - Setting emissary.bin.dir to /Users/connor/Projects/work/emissary/target/bin 
2023-12-12 00:43:49,667 [using logback-test.xml]  INFO emissary.command.BaseCommand -   - Setting emissary.output.root to /Users/connor/Projects/work/emissary/target/localoutput 
2023-12-12 00:43:49,667 [using logback-test.xml]  INFO emissary.command.BaseCommand -   - Emissary error dir set to /Users/connor/Projects/work/emissary/target/localerror 
2023-12-12 00:43:49,667 [using logback-test.xml]  INFO emissary.command.BaseCommand -   - Setting emissary.node.name to localhost 
2023-12-12 00:43:49,667 [using logback-test.xml]  INFO emissary.command.BaseCommand -   - Setting emissary.node.port to 8001 
2023-12-12 00:43:49,667 [using logback-test.xml]  INFO emissary.command.BaseCommand -   - Setting emissary.node.scheme to http 
2023-12-12 00:43:49,667 [using logback-test.xml]  WARN emissary.command.BaseCommand -   - Not using /Users/connor/Projects/work/emissary/target/config/logback.xml, staying with test config file:/Users/connor/Projects/work/emissary/target/test-classes/logback-test.xml
2023-12-12 00:43:49,669 [using logback-test.xml]  INFO emissary.command.BaseCommand -   - Overriding current emissary.config.flavor null to CLUSTER 
2023-12-12 00:43:49,669 [using logback-test.xml]  INFO emissary.command.BaseCommand -   - PROJECT_BASE is set to /Users/connor/Projects/work/emissary/target 
2023-12-12 00:43:49,669 [using logback-test.xml]  INFO emissary.command.BaseCommand -   - Setting emissary.config.dir to /Users/connor/Projects/work/emissary/target/config 
2023-12-12 00:43:49,669 [using logback-test.xml]  INFO emissary.command.BaseCommand -   - Setting emissary.bin.dir to /Users/connor/Projects/work/emissary/target/bin 
2023-12-12 00:43:49,669 [using logback-test.xml]  INFO emissary.command.BaseCommand -   - Setting emissary.output.root to /Users/connor/Projects/work/emissary/target/localoutput 
2023-12-12 00:43:49,669 [using logback-test.xml]  INFO emissary.command.BaseCommand -   - Emissary error dir set to /Users/connor/Projects/work/emissary/target/localerror 
2023-12-12 00:43:49,669 [using logback-test.xml]  INFO emissary.command.BaseCommand -   - Setting emissary.config.flavor to CLUSTER 
2023-12-12 00:43:49,669 [using logback-test.xml]  INFO emissary.command.BaseCommand -   - Setting emissary.node.name to localhost 
2023-12-12 00:43:49,669 [using logback-test.xml]  INFO emissary.command.BaseCommand -   - Setting emissary.node.port to 8001 
2023-12-12 00:43:49,669 [using logback-test.xml]  INFO emissary.command.BaseCommand -   - Setting emissary.node.scheme to http 
2023-12-12 00:43:49,670 [using logback-test.xml]  WARN emissary.command.BaseCommand -   - Not using /Users/connor/Projects/work/emissary/target/config/logback.xml, staying with test config file:/Users/connor/Projects/work/emissary/target/test-classes/logback-test.xml
2023-12-12 00:43:49,671 [using logback-test.xml]  INFO emissary.command.BaseCommand -   - Overriding current emissary.config.flavor CLUSTER to CLUSTER 
2023-12-12 00:43:49,672 [using logback-test.xml] DEBUG emissary.config.ConfigUtil -   - Configured configDirProperty /Users/connor/Projects/work/emissary/target/config
]]></system-out>
  </testcase>
  <testcase name="testGetZonedDateFromISO8601" classname="emissary.util.TimeUtilTest" time="0.003">
    <system-out><![CDATA[2023-12-12 00:43:49,675 [using logback-test.xml]  INFO emissary.command.BaseCommand -   - PROJECT_BASE is set to /Users/connor/Projects/work/emissary/target 
2023-12-12 00:43:49,676 [using logback-test.xml]  INFO emissary.command.BaseCommand -   - Setting emissary.config.dir to /Users/connor/Projects/work/emissary/target/config 
2023-12-12 00:43:49,676 [using logback-test.xml]  INFO emissary.command.BaseCommand -   - Setting emissary.bin.dir to /Users/connor/Projects/work/emissary/target/bin 
2023-12-12 00:43:49,676 [using logback-test.xml]  INFO emissary.command.BaseCommand -   - Setting emissary.output.root to /Users/connor/Projects/work/emissary/target/localoutput 
2023-12-12 00:43:49,676 [using logback-test.xml]  INFO emissary.command.BaseCommand -   - Emissary error dir set to /Users/connor/Projects/work/emissary/target/localerror 
2023-12-12 00:43:49,676 [using logback-test.xml]  INFO emissary.command.BaseCommand -   - Setting emissary.node.name to localhost 
2023-12-12 00:43:49,676 [using logback-test.xml]  INFO emissary.command.BaseCommand -   - Setting emissary.node.port to 8001 
2023-12-12 00:43:49,677 [using logback-test.xml]  INFO emissary.command.BaseCommand -   - Setting emissary.node.scheme to http 
2023-12-12 00:43:49,678 [using logback-test.xml]  WARN emissary.command.BaseCommand -   - Not using /Users/connor/Projects/work/emissary/target/config/logback.xml, staying with test config file:/Users/connor/Projects/work/emissary/target/test-classes/logback-test.xml
2023-12-12 00:43:49,682 [using logback-test.xml]  INFO emissary.command.BaseCommand -   - Overriding current emissary.config.flavor null to CLUSTER 
2023-12-12 00:43:49,682 [using logback-test.xml]  INFO emissary.command.BaseCommand -   - PROJECT_BASE is set to /Users/connor/Projects/work/emissary/target 
2023-12-12 00:43:49,682 [using logback-test.xml]  INFO emissary.command.BaseCommand -   - Setting emissary.config.dir to /Users/connor/Projects/work/emissary/target/config 
2023-12-12 00:43:49,682 [using logback-test.xml]  INFO emissary.command.BaseCommand -   - Setting emissary.bin.dir to /Users/connor/Projects/work/emissary/target/bin 
2023-12-12 00:43:49,682 [using logback-test.xml]  INFO emissary.command.BaseCommand -   - Setting emissary.output.root to /Users/connor/Projects/work/emissary/target/localoutput 
2023-12-12 00:43:49,682 [using logback-test.xml]  INFO emissary.command.BaseCommand -   - Emissary error dir set to /Users/connor/Projects/work/emissary/target/localerror 
2023-12-12 00:43:49,682 [using logback-test.xml]  INFO emissary.command.BaseCommand -   - Setting emissary.config.flavor to CLUSTER 
2023-12-12 00:43:49,682 [using logback-test.xml]  INFO emissary.command.BaseCommand -   - Setting emissary.node.name to localhost 
2023-12-12 00:43:49,682 [using logback-test.xml]  INFO emissary.command.BaseCommand -   - Setting emissary.node.port to 8001 
2023-12-12 00:43:49,682 [using logback-test.xml]  INFO emissary.command.BaseCommand -   - Setting emissary.node.scheme to http 
2023-12-12 00:43:49,682 [using logback-test.xml]  WARN emissary.command.BaseCommand -   - Not using /Users/connor/Projects/work/emissary/target/config/logback.xml, staying with test config file:/Users/connor/Projects/work/emissary/target/test-classes/logback-test.xml
2023-12-12 00:43:49,683 [using logback-test.xml]  INFO emissary.command.BaseCommand -   - Overriding current emissary.config.flavor CLUSTER to CLUSTER 
2023-12-12 00:43:49,685 [using logback-test.xml] DEBUG emissary.config.ConfigUtil -   - Configured configDirProperty /Users/connor/Projects/work/emissary/target/config
]]></system-out>
  </testcase>
  <testcase name="testGetDate" classname="emissary.util.TimeUtilTest" time="0.011">
    <system-out><![CDATA[2023-12-12 00:43:49,689 [using logback-test.xml]  INFO emissary.command.BaseCommand -   - PROJECT_BASE is set to /Users/connor/Projects/work/emissary/target 
2023-12-12 00:43:49,689 [using logback-test.xml]  INFO emissary.command.BaseCommand -   - Setting emissary.config.dir to /Users/connor/Projects/work/emissary/target/config 
2023-12-12 00:43:49,689 [using logback-test.xml]  INFO emissary.command.BaseCommand -   - Setting emissary.bin.dir to /Users/connor/Projects/work/emissary/target/bin 
2023-12-12 00:43:49,689 [using logback-test.xml]  INFO emissary.command.BaseCommand -   - Setting emissary.output.root to /Users/connor/Projects/work/emissary/target/localoutput 
2023-12-12 00:43:49,689 [using logback-test.xml]  INFO emissary.command.BaseCommand -   - Emissary error dir set to /Users/connor/Projects/work/emissary/target/localerror 
2023-12-12 00:43:49,689 [using logback-test.xml]  INFO emissary.command.BaseCommand -   - Setting emissary.node.name to localhost 
2023-12-12 00:43:49,689 [using logback-test.xml]  INFO emissary.command.BaseCommand -   - Setting emissary.node.port to 8001 
2023-12-12 00:43:49,689 [using logback-test.xml]  INFO emissary.command.BaseCommand -   - Setting emissary.node.scheme to http 
2023-12-12 00:43:49,689 [using logback-test.xml]  WARN emissary.command.BaseCommand -   - Not using /Users/connor/Projects/work/emissary/target/config/logback.xml, staying with test config file:/Users/connor/Projects/work/emissary/target/test-classes/logback-test.xml
2023-12-12 00:43:49,694 [using logback-test.xml]  INFO emissary.command.BaseCommand -   - Overriding current emissary.config.flavor null to CLUSTER 
2023-12-12 00:43:49,694 [using logback-test.xml]  INFO emissary.command.BaseCommand -   - PROJECT_BASE is set to /Users/connor/Projects/work/emissary/target 
2023-12-12 00:43:49,694 [using logback-test.xml]  INFO emissary.command.BaseCommand -   - Setting emissary.config.dir to /Users/connor/Projects/work/emissary/target/config 
2023-12-12 00:43:49,694 [using logback-test.xml]  INFO emissary.command.BaseCommand -   - Setting emissary.bin.dir to /Users/connor/Projects/work/emissary/target/bin 
2023-12-12 00:43:49,694 [using logback-test.xml]  INFO emissary.command.BaseCommand -   - Setting emissary.output.root to /Users/connor/Projects/work/emissary/target/localoutput 
2023-12-12 00:43:49,694 [using logback-test.xml]  INFO emissary.command.BaseCommand -   - Emissary error dir set to /Users/connor/Projects/work/emissary/target/localerror 
2023-12-12 00:43:49,694 [using logback-test.xml]  INFO emissary.command.BaseCommand -   - Setting emissary.config.flavor to CLUSTER 
2023-12-12 00:43:49,694 [using logback-test.xml]  INFO emissary.command.BaseCommand -   - Setting emissary.node.name to localhost 
2023-12-12 00:43:49,694 [using logback-test.xml]  INFO emissary.command.BaseCommand -   - Setting emissary.node.port to 8001 
2023-12-12 00:43:49,694 [using logback-test.xml]  INFO emissary.command.BaseCommand -   - Setting emissary.node.scheme to http 
2023-12-12 00:43:49,694 [using logback-test.xml]  WARN emissary.command.BaseCommand -   - Not using /Users/connor/Projects/work/emissary/target/config/logback.xml, staying with test config file:/Users/connor/Projects/work/emissary/target/test-classes/logback-test.xml
2023-12-12 00:43:49,695 [using logback-test.xml]  INFO emissary.command.BaseCommand -   - Overriding current emissary.config.flavor CLUSTER to CLUSTER 
2023-12-12 00:43:49,704 [using logback-test.xml] DEBUG emissary.config.ConfigUtil -   - Configured configDirProperty /Users/connor/Projects/work/emissary/target/config
]]></system-out>
  </testcase>
  <testcase name="testGetDateExceptionBadFormat2" classname="emissary.util.TimeUtilTest" time="0.002">
    <system-out><![CDATA[2023-12-12 00:43:49,710 [using logback-test.xml]  INFO emissary.command.BaseCommand -   - PROJECT_BASE is set to /Users/connor/Projects/work/emissary/target 
2023-12-12 00:43:49,710 [using logback-test.xml]  INFO emissary.command.BaseCommand -   - Setting emissary.config.dir to /Users/connor/Projects/work/emissary/target/config 
2023-12-12 00:43:49,710 [using logback-test.xml]  INFO emissary.command.BaseCommand -   - Setting emissary.bin.dir to /Users/connor/Projects/work/emissary/target/bin 
2023-12-12 00:43:49,710 [using logback-test.xml]  INFO emissary.command.BaseCommand -   - Setting emissary.output.root to /Users/connor/Projects/work/emissary/target/localoutput 
2023-12-12 00:43:49,710 [using logback-test.xml]  INFO emissary.command.BaseCommand -   - Emissary error dir set to /Users/connor/Projects/work/emissary/target/localerror 
2023-12-12 00:43:49,710 [using logback-test.xml]  INFO emissary.command.BaseCommand -   - Setting emissary.node.name to localhost 
2023-12-12 00:43:49,710 [using logback-test.xml]  INFO emissary.command.BaseCommand -   - Setting emissary.node.port to 8001 
2023-12-12 00:43:49,710 [using logback-test.xml]  INFO emissary.command.BaseCommand -   - Setting emissary.node.scheme to http 
2023-12-12 00:43:49,710 [using logback-test.xml]  WARN emissary.command.BaseCommand -   - Not using /Users/connor/Projects/work/emissary/target/config/logback.xml, staying with test config file:/Users/connor/Projects/work/emissary/target/test-classes/logback-test.xml
2023-12-12 00:43:49,712 [using logback-test.xml]  INFO emissary.command.BaseCommand -   - Overriding current emissary.config.flavor null to CLUSTER 
2023-12-12 00:43:49,712 [using logback-test.xml]  INFO emissary.command.BaseCommand -   - PROJECT_BASE is set to /Users/connor/Projects/work/emissary/target 
2023-12-12 00:43:49,712 [using logback-test.xml]  INFO emissary.command.BaseCommand -   - Setting emissary.config.dir to /Users/connor/Projects/work/emissary/target/config 
2023-12-12 00:43:49,712 [using logback-test.xml]  INFO emissary.command.BaseCommand -   - Setting emissary.bin.dir to /Users/connor/Projects/work/emissary/target/bin 
2023-12-12 00:43:49,712 [using logback-test.xml]  INFO emissary.command.BaseCommand -   - Setting emissary.output.root to /Users/connor/Projects/work/emissary/target/localoutput 
2023-12-12 00:43:49,712 [using logback-test.xml]  INFO emissary.command.BaseCommand -   - Emissary error dir set to /Users/connor/Projects/work/emissary/target/localerror 
2023-12-12 00:43:49,712 [using logback-test.xml]  INFO emissary.command.BaseCommand -   - Setting emissary.config.flavor to CLUSTER 
2023-12-12 00:43:49,712 [using logback-test.xml]  INFO emissary.command.BaseCommand -   - Setting emissary.node.name to localhost 
2023-12-12 00:43:49,712 [using logback-test.xml]  INFO emissary.command.BaseCommand -   - Setting emissary.node.port to 8001 
2023-12-12 00:43:49,712 [using logback-test.xml]  INFO emissary.command.BaseCommand -   - Setting emissary.node.scheme to http 
2023-12-12 00:43:49,712 [using logback-test.xml]  WARN emissary.command.BaseCommand -   - Not using /Users/connor/Projects/work/emissary/target/config/logback.xml, staying with test config file:/Users/connor/Projects/work/emissary/target/test-classes/logback-test.xml
2023-12-12 00:43:49,714 [using logback-test.xml]  INFO emissary.command.BaseCommand -   - Overriding current emissary.config.flavor CLUSTER to CLUSTER 
2023-12-12 00:43:49,714 [using logback-test.xml] DEBUG emissary.config.ConfigUtil -   - Configured configDirProperty /Users/connor/Projects/work/emissary/target/config
]]></system-out>
  </testcase>
  <testcase name="testGetDateFromISO8601" classname="emissary.util.TimeUtilTest" time="0.002">
    <system-out><![CDATA[2023-12-12 00:43:49,719 [using logback-test.xml]  INFO emissary.command.BaseCommand -   - PROJECT_BASE is set to /Users/connor/Projects/work/emissary/target 
2023-12-12 00:43:49,719 [using logback-test.xml]  INFO emissary.command.BaseCommand -   - Setting emissary.config.dir to /Users/connor/Projects/work/emissary/target/config 
2023-12-12 00:43:49,719 [using logback-test.xml]  INFO emissary.command.BaseCommand -   - Setting emissary.bin.dir to /Users/connor/Projects/work/emissary/target/bin 
2023-12-12 00:43:49,719 [using logback-test.xml]  INFO emissary.command.BaseCommand -   - Setting emissary.output.root to /Users/connor/Projects/work/emissary/target/localoutput 
2023-12-12 00:43:49,719 [using logback-test.xml]  INFO emissary.command.BaseCommand -   - Emissary error dir set to /Users/connor/Projects/work/emissary/target/localerror 
2023-12-12 00:43:49,719 [using logback-test.xml]  INFO emissary.command.BaseCommand -   - Setting emissary.node.name to localhost 
2023-12-12 00:43:49,719 [using logback-test.xml]  INFO emissary.command.BaseCommand -   - Setting emissary.node.port to 8001 
2023-12-12 00:43:49,719 [using logback-test.xml]  INFO emissary.command.BaseCommand -   - Setting emissary.node.scheme to http 
2023-12-12 00:43:49,719 [using logback-test.xml]  WARN emissary.command.BaseCommand -   - Not using /Users/connor/Projects/work/emissary/target/config/logback.xml, staying with test config file:/Users/connor/Projects/work/emissary/target/test-classes/logback-test.xml
2023-12-12 00:43:49,721 [using logback-test.xml]  INFO emissary.command.BaseCommand -   - Overriding current emissary.config.flavor null to CLUSTER 
2023-12-12 00:43:49,721 [using logback-test.xml]  INFO emissary.command.BaseCommand -   - PROJECT_BASE is set to /Users/connor/Projects/work/emissary/target 
2023-12-12 00:43:49,721 [using logback-test.xml]  INFO emissary.command.BaseCommand -   - Setting emissary.config.dir to /Users/connor/Projects/work/emissary/target/config 
2023-12-12 00:43:49,721 [using logback-test.xml]  INFO emissary.command.BaseCommand -   - Setting emissary.bin.dir to /Users/connor/Projects/work/emissary/target/bin 
2023-12-12 00:43:49,721 [using logback-test.xml]  INFO emissary.command.BaseCommand -   - Setting emissary.output.root to /Users/connor/Projects/work/emissary/target/localoutput 
2023-12-12 00:43:49,721 [using logback-test.xml]  INFO emissary.command.BaseCommand -   - Emissary error dir set to /Users/connor/Projects/work/emissary/target/localerror 
2023-12-12 00:43:49,721 [using logback-test.xml]  INFO emissary.command.BaseCommand -   - Setting emissary.config.flavor to CLUSTER 
2023-12-12 00:43:49,721 [using logback-test.xml]  INFO emissary.command.BaseCommand -   - Setting emissary.node.name to localhost 
2023-12-12 00:43:49,721 [using logback-test.xml]  INFO emissary.command.BaseCommand -   - Setting emissary.node.port to 8001 
2023-12-12 00:43:49,721 [using logback-test.xml]  INFO emissary.command.BaseCommand -   - Setting emissary.node.scheme to http 
2023-12-12 00:43:49,721 [using logback-test.xml]  WARN emissary.command.BaseCommand -   - Not using /Users/connor/Projects/work/emissary/target/config/logback.xml, staying with test config file:/Users/connor/Projects/work/emissary/target/test-classes/logback-test.xml
2023-12-12 00:43:49,722 [using logback-test.xml]  INFO emissary.command.BaseCommand -   - Overriding current emissary.config.flavor CLUSTER to CLUSTER 
2023-12-12 00:43:49,723 [using logback-test.xml] DEBUG emissary.config.ConfigUtil -   - Configured configDirProperty /Users/connor/Projects/work/emissary/target/config
]]></system-out>
  </testcase>
  <testcase name="testISO8601RoundTrip" classname="emissary.util.TimeUtilTest" time="0.001">
    <system-out><![CDATA[2023-12-12 00:43:49,727 [using logback-test.xml]  INFO emissary.command.BaseCommand -   - PROJECT_BASE is set to /Users/connor/Projects/work/emissary/target 
2023-12-12 00:43:49,727 [using logback-test.xml]  INFO emissary.command.BaseCommand -   - Setting emissary.config.dir to /Users/connor/Projects/work/emissary/target/config 
2023-12-12 00:43:49,727 [using logback-test.xml]  INFO emissary.command.BaseCommand -   - Setting emissary.bin.dir to /Users/connor/Projects/work/emissary/target/bin 
2023-12-12 00:43:49,727 [using logback-test.xml]  INFO emissary.command.BaseCommand -   - Setting emissary.output.root to /Users/connor/Projects/work/emissary/target/localoutput 
2023-12-12 00:43:49,727 [using logback-test.xml]  INFO emissary.command.BaseCommand -   - Emissary error dir set to /Users/connor/Projects/work/emissary/target/localerror 
2023-12-12 00:43:49,727 [using logback-test.xml]  INFO emissary.command.BaseCommand -   - Setting emissary.node.name to localhost 
2023-12-12 00:43:49,727 [using logback-test.xml]  INFO emissary.command.BaseCommand -   - Setting emissary.node.port to 8001 
2023-12-12 00:43:49,727 [using logback-test.xml]  INFO emissary.command.BaseCommand -   - Setting emissary.node.scheme to http 
2023-12-12 00:43:49,727 [using logback-test.xml]  WARN emissary.command.BaseCommand -   - Not using /Users/connor/Projects/work/emissary/target/config/logback.xml, staying with test config file:/Users/connor/Projects/work/emissary/target/test-classes/logback-test.xml
2023-12-12 00:43:49,728 [using logback-test.xml]  INFO emissary.command.BaseCommand -   - Overriding current emissary.config.flavor null to CLUSTER 
2023-12-12 00:43:49,729 [using logback-test.xml]  INFO emissary.command.BaseCommand -   - PROJECT_BASE is set to /Users/connor/Projects/work/emissary/target 
2023-12-12 00:43:49,729 [using logback-test.xml]  INFO emissary.command.BaseCommand -   - Setting emissary.config.dir to /Users/connor/Projects/work/emissary/target/config 
2023-12-12 00:43:49,729 [using logback-test.xml]  INFO emissary.command.BaseCommand -   - Setting emissary.bin.dir to /Users/connor/Projects/work/emissary/target/bin 
2023-12-12 00:43:49,729 [using logback-test.xml]  INFO emissary.command.BaseCommand -   - Setting emissary.output.root to /Users/connor/Projects/work/emissary/target/localoutput 
2023-12-12 00:43:49,729 [using logback-test.xml]  INFO emissary.command.BaseCommand -   - Emissary error dir set to /Users/connor/Projects/work/emissary/target/localerror 
2023-12-12 00:43:49,729 [using logback-test.xml]  INFO emissary.command.BaseCommand -   - Setting emissary.config.flavor to CLUSTER 
2023-12-12 00:43:49,729 [using logback-test.xml]  INFO emissary.command.BaseCommand -   - Setting emissary.node.name to localhost 
2023-12-12 00:43:49,729 [using logback-test.xml]  INFO emissary.command.BaseCommand -   - Setting emissary.node.port to 8001 
2023-12-12 00:43:49,729 [using logback-test.xml]  INFO emissary.command.BaseCommand -   - Setting emissary.node.scheme to http 
2023-12-12 00:43:49,729 [using logback-test.xml]  WARN emissary.command.BaseCommand -   - Not using /Users/connor/Projects/work/emissary/target/config/logback.xml, staying with test config file:/Users/connor/Projects/work/emissary/target/test-classes/logback-test.xml
2023-12-12 00:43:49,730 [using logback-test.xml]  INFO emissary.command.BaseCommand -   - Overriding current emissary.config.flavor CLUSTER to CLUSTER 
2023-12-12 00:43:49,731 [using logback-test.xml] DEBUG emissary.config.ConfigUtil -   - Configured configDirProperty /Users/connor/Projects/work/emissary/target/config
]]></system-out>
  </testcase>
  <testcase name="testTimeZoneAddedOnFormat" classname="emissary.util.TimeUtilTest" time="0.002">
    <system-out><![CDATA[2023-12-12 00:43:49,733 [using logback-test.xml]  INFO emissary.command.BaseCommand -   - PROJECT_BASE is set to /Users/connor/Projects/work/emissary/target 
2023-12-12 00:43:49,733 [using logback-test.xml]  INFO emissary.command.BaseCommand -   - Setting emissary.config.dir to /Users/connor/Projects/work/emissary/target/config 
2023-12-12 00:43:49,733 [using logback-test.xml]  INFO emissary.command.BaseCommand -   - Setting emissary.bin.dir to /Users/connor/Projects/work/emissary/target/bin 
2023-12-12 00:43:49,733 [using logback-test.xml]  INFO emissary.command.BaseCommand -   - Setting emissary.output.root to /Users/connor/Projects/work/emissary/target/localoutput 
2023-12-12 00:43:49,733 [using logback-test.xml]  INFO emissary.command.BaseCommand -   - Emissary error dir set to /Users/connor/Projects/work/emissary/target/localerror 
2023-12-12 00:43:49,733 [using logback-test.xml]  INFO emissary.command.BaseCommand -   - Setting emissary.node.name to localhost 
2023-12-12 00:43:49,733 [using logback-test.xml]  INFO emissary.command.BaseCommand -   - Setting emissary.node.port to 8001 
2023-12-12 00:43:49,733 [using logback-test.xml]  INFO emissary.command.BaseCommand -   - Setting emissary.node.scheme to http 
2023-12-12 00:43:49,733 [using logback-test.xml]  WARN emissary.command.BaseCommand -   - Not using /Users/connor/Projects/work/emissary/target/config/logback.xml, staying with test config file:/Users/connor/Projects/work/emissary/target/test-classes/logback-test.xml
2023-12-12 00:43:49,735 [using logback-test.xml]  INFO emissary.command.BaseCommand -   - Overriding current emissary.config.flavor null to CLUSTER 
2023-12-12 00:43:49,735 [using logback-test.xml]  INFO emissary.command.BaseCommand -   - PROJECT_BASE is set to /Users/connor/Projects/work/emissary/target 
2023-12-12 00:43:49,735 [using logback-test.xml]  INFO emissary.command.BaseCommand -   - Setting emissary.config.dir to /Users/connor/Projects/work/emissary/target/config 
2023-12-12 00:43:49,735 [using logback-test.xml]  INFO emissary.command.BaseCommand -   - Setting emissary.bin.dir to /Users/connor/Projects/work/emissary/target/bin 
2023-12-12 00:43:49,735 [using logback-test.xml]  INFO emissary.command.BaseCommand -   - Setting emissary.output.root to /Users/connor/Projects/work/emissary/target/localoutput 
2023-12-12 00:43:49,735 [using logback-test.xml]  INFO emissary.command.BaseCommand -   - Emissary error dir set to /Users/connor/Projects/work/emissary/target/localerror 
2023-12-12 00:43:49,735 [using logback-test.xml]  INFO emissary.command.BaseCommand -   - Setting emissary.config.flavor to CLUSTER 
2023-12-12 00:43:49,735 [using logback-test.xml]  INFO emissary.command.BaseCommand -   - Setting emissary.node.name to localhost 
2023-12-12 00:43:49,735 [using logback-test.xml]  INFO emissary.command.BaseCommand -   - Setting emissary.node.port to 8001 
2023-12-12 00:43:49,735 [using logback-test.xml]  INFO emissary.command.BaseCommand -   - Setting emissary.node.scheme to http 
2023-12-12 00:43:49,736 [using logback-test.xml]  WARN emissary.command.BaseCommand -   - Not using /Users/connor/Projects/work/emissary/target/config/logback.xml, staying with test config file:/Users/connor/Projects/work/emissary/target/test-classes/logback-test.xml
2023-12-12 00:43:49,738 [using logback-test.xml]  INFO emissary.command.BaseCommand -   - Overriding current emissary.config.flavor CLUSTER to CLUSTER 
2023-12-12 00:43:49,739 [using logback-test.xml] DEBUG emissary.config.ConfigUtil -   - Configured configDirProperty /Users/connor/Projects/work/emissary/target/config
]]></system-out>
  </testcase>
  <testcase name="testGetDateAsFullISO8601" classname="emissary.util.TimeUtilTest" time="0.002">
    <system-out><![CDATA[2023-12-12 00:43:49,742 [using logback-test.xml]  INFO emissary.command.BaseCommand -   - PROJECT_BASE is set to /Users/connor/Projects/work/emissary/target 
2023-12-12 00:43:49,742 [using logback-test.xml]  INFO emissary.command.BaseCommand -   - Setting emissary.config.dir to /Users/connor/Projects/work/emissary/target/config 
2023-12-12 00:43:49,742 [using logback-test.xml]  INFO emissary.command.BaseCommand -   - Setting emissary.bin.dir to /Users/connor/Projects/work/emissary/target/bin 
2023-12-12 00:43:49,742 [using logback-test.xml]  INFO emissary.command.BaseCommand -   - Setting emissary.output.root to /Users/connor/Projects/work/emissary/target/localoutput 
2023-12-12 00:43:49,742 [using logback-test.xml]  INFO emissary.command.BaseCommand -   - Emissary error dir set to /Users/connor/Projects/work/emissary/target/localerror 
2023-12-12 00:43:49,742 [using logback-test.xml]  INFO emissary.command.BaseCommand -   - Setting emissary.node.name to localhost 
2023-12-12 00:43:49,742 [using logback-test.xml]  INFO emissary.command.BaseCommand -   - Setting emissary.node.port to 8001 
2023-12-12 00:43:49,742 [using logback-test.xml]  INFO emissary.command.BaseCommand -   - Setting emissary.node.scheme to http 
2023-12-12 00:43:49,742 [using logback-test.xml]  WARN emissary.command.BaseCommand -   - Not using /Users/connor/Projects/work/emissary/target/config/logback.xml, staying with test config file:/Users/connor/Projects/work/emissary/target/test-classes/logback-test.xml
2023-12-12 00:43:49,744 [using logback-test.xml]  INFO emissary.command.BaseCommand -   - Overriding current emissary.config.flavor null to CLUSTER 
2023-12-12 00:43:49,744 [using logback-test.xml]  INFO emissary.command.BaseCommand -   - PROJECT_BASE is set to /Users/connor/Projects/work/emissary/target 
2023-12-12 00:43:49,744 [using logback-test.xml]  INFO emissary.command.BaseCommand -   - Setting emissary.config.dir to /Users/connor/Projects/work/emissary/target/config 
2023-12-12 00:43:49,744 [using logback-test.xml]  INFO emissary.command.BaseCommand -   - Setting emissary.bin.dir to /Users/connor/Projects/work/emissary/target/bin 
2023-12-12 00:43:49,744 [using logback-test.xml]  INFO emissary.command.BaseCommand -   - Setting emissary.output.root to /Users/connor/Projects/work/emissary/target/localoutput 
2023-12-12 00:43:49,744 [using logback-test.xml]  INFO emissary.command.BaseCommand -   - Emissary error dir set to /Users/connor/Projects/work/emissary/target/localerror 
2023-12-12 00:43:49,744 [using logback-test.xml]  INFO emissary.command.BaseCommand -   - Setting emissary.config.flavor to CLUSTER 
2023-12-12 00:43:49,744 [using logback-test.xml]  INFO emissary.command.BaseCommand -   - Setting emissary.node.name to localhost 
2023-12-12 00:43:49,744 [using logback-test.xml]  INFO emissary.command.BaseCommand -   - Setting emissary.node.port to 8001 
2023-12-12 00:43:49,744 [using logback-test.xml]  INFO emissary.command.BaseCommand -   - Setting emissary.node.scheme to http 
2023-12-12 00:43:49,744 [using logback-test.xml]  WARN emissary.command.BaseCommand -   - Not using /Users/connor/Projects/work/emissary/target/config/logback.xml, staying with test config file:/Users/connor/Projects/work/emissary/target/test-classes/logback-test.xml
2023-12-12 00:43:49,745 [using logback-test.xml]  INFO emissary.command.BaseCommand -   - Overriding current emissary.config.flavor CLUSTER to CLUSTER 
2023-12-12 00:43:49,746 [using logback-test.xml] DEBUG emissary.config.ConfigUtil -   - Configured configDirProperty /Users/connor/Projects/work/emissary/target/config
]]></system-out>
  </testcase>
  <testcase name="testGetDateAsPath" classname="emissary.util.TimeUtilTest" time="0.001">
    <system-out><![CDATA[2023-12-12 00:43:49,751 [using logback-test.xml]  INFO emissary.command.BaseCommand -   - PROJECT_BASE is set to /Users/connor/Projects/work/emissary/target 
2023-12-12 00:43:49,751 [using logback-test.xml]  INFO emissary.command.BaseCommand -   - Setting emissary.config.dir to /Users/connor/Projects/work/emissary/target/config 
2023-12-12 00:43:49,751 [using logback-test.xml]  INFO emissary.command.BaseCommand -   - Setting emissary.bin.dir to /Users/connor/Projects/work/emissary/target/bin 
2023-12-12 00:43:49,751 [using logback-test.xml]  INFO emissary.command.BaseCommand -   - Setting emissary.output.root to /Users/connor/Projects/work/emissary/target/localoutput 
2023-12-12 00:43:49,751 [using logback-test.xml]  INFO emissary.command.BaseCommand -   - Emissary error dir set to /Users/connor/Projects/work/emissary/target/localerror 
2023-12-12 00:43:49,751 [using logback-test.xml]  INFO emissary.command.BaseCommand -   - Setting emissary.node.name to localhost 
2023-12-12 00:43:49,751 [using logback-test.xml]  INFO emissary.command.BaseCommand -   - Setting emissary.node.port to 8001 
2023-12-12 00:43:49,752 [using logback-test.xml]  INFO emissary.command.BaseCommand -   - Setting emissary.node.scheme to http 
2023-12-12 00:43:49,752 [using logback-test.xml]  WARN emissary.command.BaseCommand -   - Not using /Users/connor/Projects/work/emissary/target/config/logback.xml, staying with test config file:/Users/connor/Projects/work/emissary/target/test-classes/logback-test.xml
2023-12-12 00:43:49,753 [using logback-test.xml]  INFO emissary.command.BaseCommand -   - Overriding current emissary.config.flavor null to CLUSTER 
2023-12-12 00:43:49,753 [using logback-test.xml]  INFO emissary.command.BaseCommand -   - PROJECT_BASE is set to /Users/connor/Projects/work/emissary/target 
2023-12-12 00:43:49,753 [using logback-test.xml]  INFO emissary.command.BaseCommand -   - Setting emissary.config.dir to /Users/connor/Projects/work/emissary/target/config 
2023-12-12 00:43:49,753 [using logback-test.xml]  INFO emissary.command.BaseCommand -   - Setting emissary.bin.dir to /Users/connor/Projects/work/emissary/target/bin 
2023-12-12 00:43:49,753 [using logback-test.xml]  INFO emissary.command.BaseCommand -   - Setting emissary.output.root to /Users/connor/Projects/work/emissary/target/localoutput 
2023-12-12 00:43:49,753 [using logback-test.xml]  INFO emissary.command.BaseCommand -   - Emissary error dir set to /Users/connor/Projects/work/emissary/target/localerror 
2023-12-12 00:43:49,753 [using logback-test.xml]  INFO emissary.command.BaseCommand -   - Setting emissary.config.flavor to CLUSTER 
2023-12-12 00:43:49,753 [using logback-test.xml]  INFO emissary.command.BaseCommand -   - Setting emissary.node.name to localhost 
2023-12-12 00:43:49,753 [using logback-test.xml]  INFO emissary.command.BaseCommand -   - Setting emissary.node.port to 8001 
2023-12-12 00:43:49,753 [using logback-test.xml]  INFO emissary.command.BaseCommand -   - Setting emissary.node.scheme to http 
2023-12-12 00:43:49,753 [using logback-test.xml]  WARN emissary.command.BaseCommand -   - Not using /Users/connor/Projects/work/emissary/target/config/logback.xml, staying with test config file:/Users/connor/Projects/work/emissary/target/test-classes/logback-test.xml
2023-12-12 00:43:49,755 [using logback-test.xml]  INFO emissary.command.BaseCommand -   - Overriding current emissary.config.flavor CLUSTER to CLUSTER 
2023-12-12 00:43:49,755 [using logback-test.xml] DEBUG emissary.config.ConfigUtil -   - Configured configDirProperty /Users/connor/Projects/work/emissary/target/config
]]></system-out>
  </testcase>
  <testcase name="testGetDateAsISO8601" classname="emissary.util.TimeUtilTest" time="0.002">
    <system-out><![CDATA[2023-12-12 00:43:49,758 [using logback-test.xml]  INFO emissary.command.BaseCommand -   - PROJECT_BASE is set to /Users/connor/Projects/work/emissary/target 
2023-12-12 00:43:49,758 [using logback-test.xml]  INFO emissary.command.BaseCommand -   - Setting emissary.config.dir to /Users/connor/Projects/work/emissary/target/config 
2023-12-12 00:43:49,758 [using logback-test.xml]  INFO emissary.command.BaseCommand -   - Setting emissary.bin.dir to /Users/connor/Projects/work/emissary/target/bin 
2023-12-12 00:43:49,758 [using logback-test.xml]  INFO emissary.command.BaseCommand -   - Setting emissary.output.root to /Users/connor/Projects/work/emissary/target/localoutput 
2023-12-12 00:43:49,758 [using logback-test.xml]  INFO emissary.command.BaseCommand -   - Emissary error dir set to /Users/connor/Projects/work/emissary/target/localerror 
2023-12-12 00:43:49,758 [using logback-test.xml]  INFO emissary.command.BaseCommand -   - Setting emissary.node.name to localhost 
2023-12-12 00:43:49,758 [using logback-test.xml]  INFO emissary.command.BaseCommand -   - Setting emissary.node.port to 8001 
2023-12-12 00:43:49,758 [using logback-test.xml]  INFO emissary.command.BaseCommand -   - Setting emissary.node.scheme to http 
2023-12-12 00:43:49,758 [using logback-test.xml]  WARN emissary.command.BaseCommand -   - Not using /Users/connor/Projects/work/emissary/target/config/logback.xml, staying with test config file:/Users/connor/Projects/work/emissary/target/test-classes/logback-test.xml
2023-12-12 00:43:49,760 [using logback-test.xml]  INFO emissary.command.BaseCommand -   - Overriding current emissary.config.flavor null to CLUSTER 
2023-12-12 00:43:49,760 [using logback-test.xml]  INFO emissary.command.BaseCommand -   - PROJECT_BASE is set to /Users/connor/Projects/work/emissary/target 
2023-12-12 00:43:49,760 [using logback-test.xml]  INFO emissary.command.BaseCommand -   - Setting emissary.config.dir to /Users/connor/Projects/work/emissary/target/config 
2023-12-12 00:43:49,760 [using logback-test.xml]  INFO emissary.command.BaseCommand -   - Setting emissary.bin.dir to /Users/connor/Projects/work/emissary/target/bin 
2023-12-12 00:43:49,761 [using logback-test.xml]  INFO emissary.command.BaseCommand -   - Setting emissary.output.root to /Users/connor/Projects/work/emissary/target/localoutput 
2023-12-12 00:43:49,761 [using logback-test.xml]  INFO emissary.command.BaseCommand -   - Emissary error dir set to /Users/connor/Projects/work/emissary/target/localerror 
2023-12-12 00:43:49,761 [using logback-test.xml]  INFO emissary.command.BaseCommand -   - Setting emissary.config.flavor to CLUSTER 
2023-12-12 00:43:49,761 [using logback-test.xml]  INFO emissary.command.BaseCommand -   - Setting emissary.node.name to localhost 
2023-12-12 00:43:49,761 [using logback-test.xml]  INFO emissary.command.BaseCommand -   - Setting emissary.node.port to 8001 
2023-12-12 00:43:49,761 [using logback-test.xml]  INFO emissary.command.BaseCommand -   - Setting emissary.node.scheme to http 
2023-12-12 00:43:49,761 [using logback-test.xml]  WARN emissary.command.BaseCommand -   - Not using /Users/connor/Projects/work/emissary/target/config/logback.xml, staying with test config file:/Users/connor/Projects/work/emissary/target/test-classes/logback-test.xml
2023-12-12 00:43:49,762 [using logback-test.xml]  INFO emissary.command.BaseCommand -   - Overriding current emissary.config.flavor CLUSTER to CLUSTER 
2023-12-12 00:43:49,763 [using logback-test.xml] DEBUG emissary.config.ConfigUtil -   - Configured configDirProperty /Users/connor/Projects/work/emissary/target/config
]]></system-out>
  </testcase>
  <testcase name="testGetDateExceptionBadFormat" classname="emissary.util.TimeUtilTest" time="0.002">
    <system-out><![CDATA[2023-12-12 00:43:49,765 [using logback-test.xml]  INFO emissary.command.BaseCommand -   - PROJECT_BASE is set to /Users/connor/Projects/work/emissary/target 
2023-12-12 00:43:49,765 [using logback-test.xml]  INFO emissary.command.BaseCommand -   - Setting emissary.config.dir to /Users/connor/Projects/work/emissary/target/config 
2023-12-12 00:43:49,765 [using logback-test.xml]  INFO emissary.command.BaseCommand -   - Setting emissary.bin.dir to /Users/connor/Projects/work/emissary/target/bin 
2023-12-12 00:43:49,765 [using logback-test.xml]  INFO emissary.command.BaseCommand -   - Setting emissary.output.root to /Users/connor/Projects/work/emissary/target/localoutput 
2023-12-12 00:43:49,765 [using logback-test.xml]  INFO emissary.command.BaseCommand -   - Emissary error dir set to /Users/connor/Projects/work/emissary/target/localerror 
2023-12-12 00:43:49,765 [using logback-test.xml]  INFO emissary.command.BaseCommand -   - Setting emissary.node.name to localhost 
2023-12-12 00:43:49,765 [using logback-test.xml]  INFO emissary.command.BaseCommand -   - Setting emissary.node.port to 8001 
2023-12-12 00:43:49,765 [using logback-test.xml]  INFO emissary.command.BaseCommand -   - Setting emissary.node.scheme to http 
2023-12-12 00:43:49,765 [using logback-test.xml]  WARN emissary.command.BaseCommand -   - Not using /Users/connor/Projects/work/emissary/target/config/logback.xml, staying with test config file:/Users/connor/Projects/work/emissary/target/test-classes/logback-test.xml
2023-12-12 00:43:49,767 [using logback-test.xml]  INFO emissary.command.BaseCommand -   - Overriding current emissary.config.flavor null to CLUSTER 
2023-12-12 00:43:49,767 [using logback-test.xml]  INFO emissary.command.BaseCommand -   - PROJECT_BASE is set to /Users/connor/Projects/work/emissary/target 
2023-12-12 00:43:49,767 [using logback-test.xml]  INFO emissary.command.BaseCommand -   - Setting emissary.config.dir to /Users/connor/Projects/work/emissary/target/config 
2023-12-12 00:43:49,767 [using logback-test.xml]  INFO emissary.command.BaseCommand -   - Setting emissary.bin.dir to /Users/connor/Projects/work/emissary/target/bin 
2023-12-12 00:43:49,767 [using logback-test.xml]  INFO emissary.command.BaseCommand -   - Setting emissary.output.root to /Users/connor/Projects/work/emissary/target/localoutput 
2023-12-12 00:43:49,767 [using logback-test.xml]  INFO emissary.command.BaseCommand -   - Emissary error dir set to /Users/connor/Projects/work/emissary/target/localerror 
2023-12-12 00:43:49,767 [using logback-test.xml]  INFO emissary.command.BaseCommand -   - Setting emissary.config.flavor to CLUSTER 
2023-12-12 00:43:49,767 [using logback-test.xml]  INFO emissary.command.BaseCommand -   - Setting emissary.node.name to localhost 
2023-12-12 00:43:49,767 [using logback-test.xml]  INFO emissary.command.BaseCommand -   - Setting emissary.node.port to 8001 
2023-12-12 00:43:49,767 [using logback-test.xml]  INFO emissary.command.BaseCommand -   - Setting emissary.node.scheme to http 
2023-12-12 00:43:49,767 [using logback-test.xml]  WARN emissary.command.BaseCommand -   - Not using /Users/connor/Projects/work/emissary/target/config/logback.xml, staying with test config file:/Users/connor/Projects/work/emissary/target/test-classes/logback-test.xml
2023-12-12 00:43:49,768 [using logback-test.xml]  INFO emissary.command.BaseCommand -   - Overriding current emissary.config.flavor CLUSTER to CLUSTER 
2023-12-12 00:43:49,769 [using logback-test.xml] DEBUG emissary.config.ConfigUtil -   - Configured configDirProperty /Users/connor/Projects/work/emissary/target/config
]]></system-out>
  </testcase>
  <testcase name="testGetDateAsISO8601Long" classname="emissary.util.TimeUtilTest" time="0.001">
    <system-out><![CDATA[2023-12-12 00:43:49,773 [using logback-test.xml]  INFO emissary.command.BaseCommand -   - PROJECT_BASE is set to /Users/connor/Projects/work/emissary/target 
2023-12-12 00:43:49,773 [using logback-test.xml]  INFO emissary.command.BaseCommand -   - Setting emissary.config.dir to /Users/connor/Projects/work/emissary/target/config 
2023-12-12 00:43:49,773 [using logback-test.xml]  INFO emissary.command.BaseCommand -   - Setting emissary.bin.dir to /Users/connor/Projects/work/emissary/target/bin 
2023-12-12 00:43:49,773 [using logback-test.xml]  INFO emissary.command.BaseCommand -   - Setting emissary.output.root to /Users/connor/Projects/work/emissary/target/localoutput 
2023-12-12 00:43:49,773 [using logback-test.xml]  INFO emissary.command.BaseCommand -   - Emissary error dir set to /Users/connor/Projects/work/emissary/target/localerror 
2023-12-12 00:43:49,773 [using logback-test.xml]  INFO emissary.command.BaseCommand -   - Setting emissary.node.name to localhost 
2023-12-12 00:43:49,773 [using logback-test.xml]  INFO emissary.command.BaseCommand -   - Setting emissary.node.port to 8001 
2023-12-12 00:43:49,773 [using logback-test.xml]  INFO emissary.command.BaseCommand -   - Setting emissary.node.scheme to http 
2023-12-12 00:43:49,773 [using logback-test.xml]  WARN emissary.command.BaseCommand -   - Not using /Users/connor/Projects/work/emissary/target/config/logback.xml, staying with test config file:/Users/connor/Projects/work/emissary/target/test-classes/logback-test.xml
2023-12-12 00:43:49,775 [using logback-test.xml]  INFO emissary.command.BaseCommand -   - Overriding current emissary.config.flavor null to CLUSTER 
2023-12-12 00:43:49,775 [using logback-test.xml]  INFO emissary.command.BaseCommand -   - PROJECT_BASE is set to /Users/connor/Projects/work/emissary/target 
2023-12-12 00:43:49,775 [using logback-test.xml]  INFO emissary.command.BaseCommand -   - Setting emissary.config.dir to /Users/connor/Projects/work/emissary/target/config 
2023-12-12 00:43:49,775 [using logback-test.xml]  INFO emissary.command.BaseCommand -   - Setting emissary.bin.dir to /Users/connor/Projects/work/emissary/target/bin 
2023-12-12 00:43:49,775 [using logback-test.xml]  INFO emissary.command.BaseCommand -   - Setting emissary.output.root to /Users/connor/Projects/work/emissary/target/localoutput 
2023-12-12 00:43:49,775 [using logback-test.xml]  INFO emissary.command.BaseCommand -   - Emissary error dir set to /Users/connor/Projects/work/emissary/target/localerror 
2023-12-12 00:43:49,775 [using logback-test.xml]  INFO emissary.command.BaseCommand -   - Setting emissary.config.flavor to CLUSTER 
2023-12-12 00:43:49,775 [using logback-test.xml]  INFO emissary.command.BaseCommand -   - Setting emissary.node.name to localhost 
2023-12-12 00:43:49,775 [using logback-test.xml]  INFO emissary.command.BaseCommand -   - Setting emissary.node.port to 8001 
2023-12-12 00:43:49,775 [using logback-test.xml]  INFO emissary.command.BaseCommand -   - Setting emissary.node.scheme to http 
2023-12-12 00:43:49,775 [using logback-test.xml]  WARN emissary.command.BaseCommand -   - Not using /Users/connor/Projects/work/emissary/target/config/logback.xml, staying with test config file:/Users/connor/Projects/work/emissary/target/test-classes/logback-test.xml
2023-12-12 00:43:49,783 [using logback-test.xml]  INFO emissary.command.BaseCommand -   - Overriding current emissary.config.flavor CLUSTER to CLUSTER 
2023-12-12 00:43:49,783 [using logback-test.xml] DEBUG emissary.config.ConfigUtil -   - Configured configDirProperty /Users/connor/Projects/work/emissary/target/config
]]></system-out>
  </testcase>
  <testcase name="testConvertHexDate" classname="emissary.util.TimeUtilTest" time="0.003">
    <system-out><![CDATA[2023-12-12 00:43:49,786 [using logback-test.xml]  INFO emissary.command.BaseCommand -   - PROJECT_BASE is set to /Users/connor/Projects/work/emissary/target 
2023-12-12 00:43:49,786 [using logback-test.xml]  INFO emissary.command.BaseCommand -   - Setting emissary.config.dir to /Users/connor/Projects/work/emissary/target/config 
2023-12-12 00:43:49,786 [using logback-test.xml]  INFO emissary.command.BaseCommand -   - Setting emissary.bin.dir to /Users/connor/Projects/work/emissary/target/bin 
2023-12-12 00:43:49,786 [using logback-test.xml]  INFO emissary.command.BaseCommand -   - Setting emissary.output.root to /Users/connor/Projects/work/emissary/target/localoutput 
2023-12-12 00:43:49,786 [using logback-test.xml]  INFO emissary.command.BaseCommand -   - Emissary error dir set to /Users/connor/Projects/work/emissary/target/localerror 
2023-12-12 00:43:49,786 [using logback-test.xml]  INFO emissary.command.BaseCommand -   - Setting emissary.node.name to localhost 
2023-12-12 00:43:49,786 [using logback-test.xml]  INFO emissary.command.BaseCommand -   - Setting emissary.node.port to 8001 
2023-12-12 00:43:49,786 [using logback-test.xml]  INFO emissary.command.BaseCommand -   - Setting emissary.node.scheme to http 
2023-12-12 00:43:49,786 [using logback-test.xml]  WARN emissary.command.BaseCommand -   - Not using /Users/connor/Projects/work/emissary/target/config/logback.xml, staying with test config file:/Users/connor/Projects/work/emissary/target/test-classes/logback-test.xml
2023-12-12 00:43:49,789 [using logback-test.xml]  INFO emissary.command.BaseCommand -   - Overriding current emissary.config.flavor null to CLUSTER 
2023-12-12 00:43:49,789 [using logback-test.xml]  INFO emissary.command.BaseCommand -   - PROJECT_BASE is set to /Users/connor/Projects/work/emissary/target 
2023-12-12 00:43:49,789 [using logback-test.xml]  INFO emissary.command.BaseCommand -   - Setting emissary.config.dir to /Users/connor/Projects/work/emissary/target/config 
2023-12-12 00:43:49,789 [using logback-test.xml]  INFO emissary.command.BaseCommand -   - Setting emissary.bin.dir to /Users/connor/Projects/work/emissary/target/bin 
2023-12-12 00:43:49,789 [using logback-test.xml]  INFO emissary.command.BaseCommand -   - Setting emissary.output.root to /Users/connor/Projects/work/emissary/target/localoutput 
2023-12-12 00:43:49,789 [using logback-test.xml]  INFO emissary.command.BaseCommand -   - Emissary error dir set to /Users/connor/Projects/work/emissary/target/localerror 
2023-12-12 00:43:49,789 [using logback-test.xml]  INFO emissary.command.BaseCommand -   - Setting emissary.config.flavor to CLUSTER 
2023-12-12 00:43:49,789 [using logback-test.xml]  INFO emissary.command.BaseCommand -   - Setting emissary.node.name to localhost 
2023-12-12 00:43:49,789 [using logback-test.xml]  INFO emissary.command.BaseCommand -   - Setting emissary.node.port to 8001 
2023-12-12 00:43:49,789 [using logback-test.xml]  INFO emissary.command.BaseCommand -   - Setting emissary.node.scheme to http 
2023-12-12 00:43:49,789 [using logback-test.xml]  WARN emissary.command.BaseCommand -   - Not using /Users/connor/Projects/work/emissary/target/config/logback.xml, staying with test config file:/Users/connor/Projects/work/emissary/target/test-classes/logback-test.xml
2023-12-12 00:43:49,791 [using logback-test.xml]  INFO emissary.command.BaseCommand -   - Overriding current emissary.config.flavor CLUSTER to CLUSTER 
2023-12-12 00:43:49,792 [using logback-test.xml] DEBUG emissary.config.ConfigUtil -   - Configured configDirProperty /Users/connor/Projects/work/emissary/target/config
]]></system-out>
  </testcase>
</testsuite>