<?xml version="1.0" encoding="UTF-8"?>
<testsuite xmlns:xsi="http://www.w3.org/2001/XMLSchema-instance" xsi:noNamespaceSchemaLocation="https://maven.apache.org/surefire/maven-surefire-plugin/xsd/surefire-test-report-3.0.xsd" version="3.0" name="emissary.directory.RoutingAlgorithmTest" time="0.184" tests="25" errors="0" skipped="0" failures="0">
  <properties>
[...]
</properties>
  <testcase name="testErrorHandlingPopsCurrentForms" classname="emissary.directory.RoutingAlgorithmTest" time="0.007">
    <system-out><![CDATA[2023-12-12 00:43:53,953 [using logback-test.xml]  INFO emissary.command.BaseCommand -   - PROJECT_BASE is set to /Users/connor/Projects/work/emissary/target 
2023-12-12 00:43:53,953 [using logback-test.xml]  INFO emissary.command.BaseCommand -   - Setting emissary.config.dir to /Users/connor/Projects/work/emissary/target/config 
2023-12-12 00:43:53,953 [using logback-test.xml]  INFO emissary.command.BaseCommand -   - Setting emissary.bin.dir to /Users/connor/Projects/work/emissary/target/bin 
2023-12-12 00:43:53,953 [using logback-test.xml]  INFO emissary.command.BaseCommand -   - Setting emissary.output.root to /Users/connor/Projects/work/emissary/target/localoutput 
2023-12-12 00:43:53,953 [using logback-test.xml]  INFO emissary.command.BaseCommand -   - Emissary error dir set to /Users/connor/Projects/work/emissary/target/localerror 
2023-12-12 00:43:53,953 [using logback-test.xml]  INFO emissary.command.BaseCommand -   - Setting emissary.node.name to localhost 
2023-12-12 00:43:53,953 [using logback-test.xml]  INFO emissary.command.BaseCommand -   - Setting emissary.node.port to 8001 
2023-12-12 00:43:53,953 [using logback-test.xml]  INFO emissary.command.BaseCommand -   - Setting emissary.node.scheme to http 
2023-12-12 00:43:53,953 [using logback-test.xml]  WARN emissary.command.BaseCommand -   - Not using /Users/connor/Projects/work/emissary/target/config/logback.xml, staying with test config file:/Users/connor/Projects/work/emissary/target/test-classes/logback-test.xml
2023-12-12 00:43:53,955 [using logback-test.xml]  INFO emissary.command.BaseCommand -   - Overriding current emissary.config.flavor null to CLUSTER 
2023-12-12 00:43:53,955 [using logback-test.xml]  INFO emissary.command.BaseCommand -   - PROJECT_BASE is set to /Users/connor/Projects/work/emissary/target 
2023-12-12 00:43:53,955 [using logback-test.xml]  INFO emissary.command.BaseCommand -   - Setting emissary.config.dir to /Users/connor/Projects/work/emissary/target/config 
2023-12-12 00:43:53,955 [using logback-test.xml]  INFO emissary.command.BaseCommand -   - Setting emissary.bin.dir to /Users/connor/Projects/work/emissary/target/bin 
2023-12-12 00:43:53,955 [using logback-test.xml]  INFO emissary.command.BaseCommand -   - Setting emissary.output.root to /Users/connor/Projects/work/emissary/target/localoutput 
2023-12-12 00:43:53,955 [using logback-test.xml]  INFO emissary.command.BaseCommand -   - Emissary error dir set to /Users/connor/Projects/work/emissary/target/localerror 
2023-12-12 00:43:53,955 [using logback-test.xml]  INFO emissary.command.BaseCommand -   - Setting emissary.config.flavor to CLUSTER 
2023-12-12 00:43:53,955 [using logback-test.xml]  INFO emissary.command.BaseCommand -   - Setting emissary.node.name to localhost 
2023-12-12 00:43:53,955 [using logback-test.xml]  INFO emissary.command.BaseCommand -   - Setting emissary.node.port to 8001 
2023-12-12 00:43:53,955 [using logback-test.xml]  INFO emissary.command.BaseCommand -   - Setting emissary.node.scheme to http 
2023-12-12 00:43:53,955 [using logback-test.xml]  WARN emissary.command.BaseCommand -   - Not using /Users/connor/Projects/work/emissary/target/config/logback.xml, staying with test config file:/Users/connor/Projects/work/emissary/target/test-classes/logback-test.xml
2023-12-12 00:43:53,956 [using logback-test.xml]  INFO emissary.command.BaseCommand -   - Overriding current emissary.config.flavor CLUSTER to CLUSTER 
2023-12-12 00:43:53,956 [using logback-test.xml] DEBUG emissary.config.ConfigUtil -   - Loading config for (string) emissary.directory.MyDirectoryPlace.cfg
2023-12-12 00:43:53,956 [using logback-test.xml] DEBUG emissary.config.ConfigUtil -   - No file config found using new style emissary.directory.MyDirectoryPlace.cfg
2023-12-12 00:43:53,956 [using logback-test.xml] DEBUG emissary.config.ConfigUtil -   - No config data as resource for emissary/util/emissary/directory/MyDirectoryPlace.cfg
2023-12-12 00:43:53,956 [using logback-test.xml] DEBUG emissary.config.ConfigUtil -   - Found config data as resource file:/Users/connor/Projects/work/emissary/target/test-classes/emissary/directory/MyDirectoryPlace.cfg
2023-12-12 00:43:53,957 [using logback-test.xml] DEBUG emissary.config.ConfigUtil -   - Attempting flavor merge on emissary.directory.MyDirectoryPlace-CLUSTER.cfg
2023-12-12 00:43:53,957 [using logback-test.xml] DEBUG emissary.config.ConfigUtil -   - Loading config for (string) emissary.directory.MyDirectoryPlace-CLUSTER.cfg
2023-12-12 00:43:53,957 [using logback-test.xml] DEBUG emissary.config.ConfigUtil -   - No file config found using new style emissary.directory.MyDirectoryPlace-CLUSTER.cfg
2023-12-12 00:43:53,957 [using logback-test.xml] DEBUG emissary.config.ConfigUtil -   - No config data as resource for emissary/util/emissary/directory/MyDirectoryPlace-CLUSTER.cfg
2023-12-12 00:43:53,957 [using logback-test.xml] DEBUG emissary.config.ConfigUtil -   - No config data as resource for emissary/directory/MyDirectoryPlace-CLUSTER.cfg
2023-12-12 00:43:53,957 [using logback-test.xml] DEBUG emissary.config.ConfigUtil -   - No file config found using old style MyDirectoryPlace-CLUSTER.cfg
2023-12-12 00:43:53,957 [using logback-test.xml] DEBUG emissary.config.ConfigUtil -   - Unable to opt import flavor config emissary.directory.MyDirectoryPlace-CLUSTER.cfg
2023-12-12 00:43:53,961 [using logback-test.xml]  WARN emissary.core.MobileAgent -   - Got current form of ERROR, clearing form stack on testpayload: [ERROR, BAZ, BAR, FOO]
2023-12-12 00:43:53,962 [using logback-test.xml] DEBUG emissary.config.ConfigUtil -   - Configured configDirProperty /Users/connor/Projects/work/emissary/target/config
2023-12-12 00:43:53,963 [using logback-test.xml]  INFO emissary.directory.RoutingAlgorithmTest$MyDirectoryPlace -   - Done shutting down DirectoryPlace
]]></system-out>
  </testcase>
  <testcase name="testCannotProceedPastMaxItinerarySteps" classname="emissary.directory.RoutingAlgorithmTest" time="0.003">
    <system-out><![CDATA[2023-12-12 00:43:53,964 [using logback-test.xml]  INFO emissary.command.BaseCommand -   - PROJECT_BASE is set to /Users/connor/Projects/work/emissary/target 
2023-12-12 00:43:53,964 [using logback-test.xml]  INFO emissary.command.BaseCommand -   - Setting emissary.config.dir to /Users/connor/Projects/work/emissary/target/config 
2023-12-12 00:43:53,964 [using logback-test.xml]  INFO emissary.command.BaseCommand -   - Setting emissary.bin.dir to /Users/connor/Projects/work/emissary/target/bin 
2023-12-12 00:43:53,964 [using logback-test.xml]  INFO emissary.command.BaseCommand -   - Setting emissary.output.root to /Users/connor/Projects/work/emissary/target/localoutput 
2023-12-12 00:43:53,964 [using logback-test.xml]  INFO emissary.command.BaseCommand -   - Emissary error dir set to /Users/connor/Projects/work/emissary/target/localerror 
2023-12-12 00:43:53,964 [using logback-test.xml]  INFO emissary.command.BaseCommand -   - Setting emissary.node.name to localhost 
2023-12-12 00:43:53,964 [using logback-test.xml]  INFO emissary.command.BaseCommand -   - Setting emissary.node.port to 8001 
2023-12-12 00:43:53,964 [using logback-test.xml]  INFO emissary.command.BaseCommand -   - Setting emissary.node.scheme to http 
2023-12-12 00:43:53,964 [using logback-test.xml]  WARN emissary.command.BaseCommand -   - Not using /Users/connor/Projects/work/emissary/target/config/logback.xml, staying with test config file:/Users/connor/Projects/work/emissary/target/test-classes/logback-test.xml
2023-12-12 00:43:53,966 [using logback-test.xml]  INFO emissary.command.BaseCommand -   - Overriding current emissary.config.flavor null to CLUSTER 
2023-12-12 00:43:53,966 [using logback-test.xml]  INFO emissary.command.BaseCommand -   - PROJECT_BASE is set to /Users/connor/Projects/work/emissary/target 
2023-12-12 00:43:53,966 [using logback-test.xml]  INFO emissary.command.BaseCommand -   - Setting emissary.config.dir to /Users/connor/Projects/work/emissary/target/config 
2023-12-12 00:43:53,966 [using logback-test.xml]  INFO emissary.command.BaseCommand -   - Setting emissary.bin.dir to /Users/connor/Projects/work/emissary/target/bin 
2023-12-12 00:43:53,966 [using logback-test.xml]  INFO emissary.command.BaseCommand -   - Setting emissary.output.root to /Users/connor/Projects/work/emissary/target/localoutput 
2023-12-12 00:43:53,966 [using logback-test.xml]  INFO emissary.command.BaseCommand -   - Emissary error dir set to /Users/connor/Projects/work/emissary/target/localerror 
2023-12-12 00:43:53,966 [using logback-test.xml]  INFO emissary.command.BaseCommand -   - Setting emissary.config.flavor to CLUSTER 
2023-12-12 00:43:53,966 [using logback-test.xml]  INFO emissary.command.BaseCommand -   - Setting emissary.node.name to localhost 
2023-12-12 00:43:53,966 [using logback-test.xml]  INFO emissary.command.BaseCommand -   - Setting emissary.node.port to 8001 
2023-12-12 00:43:53,966 [using logback-test.xml]  INFO emissary.command.BaseCommand -   - Setting emissary.node.scheme to http 
2023-12-12 00:43:53,966 [using logback-test.xml]  WARN emissary.command.BaseCommand -   - Not using /Users/connor/Projects/work/emissary/target/config/logback.xml, staying with test config file:/Users/connor/Projects/work/emissary/target/test-classes/logback-test.xml
2023-12-12 00:43:53,967 [using logback-test.xml]  INFO emissary.command.BaseCommand -   - Overriding current emissary.config.flavor CLUSTER to CLUSTER 
2023-12-12 00:43:53,967 [using logback-test.xml] DEBUG emissary.config.ConfigUtil -   - Loading config for (string) emissary.directory.MyDirectoryPlace.cfg
2023-12-12 00:43:53,967 [using logback-test.xml] DEBUG emissary.config.ConfigUtil -   - No file config found using new style emissary.directory.MyDirectoryPlace.cfg
2023-12-12 00:43:53,967 [using logback-test.xml] DEBUG emissary.config.ConfigUtil -   - No config data as resource for emissary/util/emissary/directory/MyDirectoryPlace.cfg
2023-12-12 00:43:53,967 [using logback-test.xml] DEBUG emissary.config.ConfigUtil -   - Found config data as resource file:/Users/connor/Projects/work/emissary/target/test-classes/emissary/directory/MyDirectoryPlace.cfg
2023-12-12 00:43:53,967 [using logback-test.xml] DEBUG emissary.config.ConfigUtil -   - Attempting flavor merge on emissary.directory.MyDirectoryPlace-CLUSTER.cfg
2023-12-12 00:43:53,967 [using logback-test.xml] DEBUG emissary.config.ConfigUtil -   - Loading config for (string) emissary.directory.MyDirectoryPlace-CLUSTER.cfg
2023-12-12 00:43:53,967 [using logback-test.xml] DEBUG emissary.config.ConfigUtil -   - No file config found using new style emissary.directory.MyDirectoryPlace-CLUSTER.cfg
2023-12-12 00:43:53,967 [using logback-test.xml] DEBUG emissary.config.ConfigUtil -   - No config data as resource for emissary/util/emissary/directory/MyDirectoryPlace-CLUSTER.cfg
2023-12-12 00:43:53,967 [using logback-test.xml] DEBUG emissary.config.ConfigUtil -   - No config data as resource for emissary/directory/MyDirectoryPlace-CLUSTER.cfg
2023-12-12 00:43:53,967 [using logback-test.xml] DEBUG emissary.config.ConfigUtil -   - No file config found using old style MyDirectoryPlace-CLUSTER.cfg
2023-12-12 00:43:53,967 [using logback-test.xml] DEBUG emissary.config.ConfigUtil -   - Unable to opt import flavor config emissary.directory.MyDirectoryPlace-CLUSTER.cfg
2023-12-12 00:43:53,968 [using logback-test.xml] DEBUG emissary.config.ConfigUtil -   - Configured configDirProperty /Users/connor/Projects/work/emissary/target/config
2023-12-12 00:43:53,970 [using logback-test.xml]  INFO emissary.directory.RoutingAlgorithmTest$MyDirectoryPlace -   - Done shutting down DirectoryPlace
]]></system-out>
  </testcase>
  <testcase name="testIdsInOrderGettingLastPlaceOnList" classname="emissary.directory.RoutingAlgorithmTest" time="0.004">
    <system-out><![CDATA[2023-12-12 00:43:53,972 [using logback-test.xml]  INFO emissary.command.BaseCommand -   - PROJECT_BASE is set to /Users/connor/Projects/work/emissary/target 
2023-12-12 00:43:53,972 [using logback-test.xml]  INFO emissary.command.BaseCommand -   - Setting emissary.config.dir to /Users/connor/Projects/work/emissary/target/config 
2023-12-12 00:43:53,972 [using logback-test.xml]  INFO emissary.command.BaseCommand -   - Setting emissary.bin.dir to /Users/connor/Projects/work/emissary/target/bin 
2023-12-12 00:43:53,972 [using logback-test.xml]  INFO emissary.command.BaseCommand -   - Setting emissary.output.root to /Users/connor/Projects/work/emissary/target/localoutput 
2023-12-12 00:43:53,972 [using logback-test.xml]  INFO emissary.command.BaseCommand -   - Emissary error dir set to /Users/connor/Projects/work/emissary/target/localerror 
2023-12-12 00:43:53,972 [using logback-test.xml]  INFO emissary.command.BaseCommand -   - Setting emissary.node.name to localhost 
2023-12-12 00:43:53,972 [using logback-test.xml]  INFO emissary.command.BaseCommand -   - Setting emissary.node.port to 8001 
2023-12-12 00:43:53,972 [using logback-test.xml]  INFO emissary.command.BaseCommand -   - Setting emissary.node.scheme to http 
2023-12-12 00:43:53,972 [using logback-test.xml]  WARN emissary.command.BaseCommand -   - Not using /Users/connor/Projects/work/emissary/target/config/logback.xml, staying with test config file:/Users/connor/Projects/work/emissary/target/test-classes/logback-test.xml
2023-12-12 00:43:53,973 [using logback-test.xml]  INFO emissary.command.BaseCommand -   - Overriding current emissary.config.flavor null to CLUSTER 
2023-12-12 00:43:53,973 [using logback-test.xml]  INFO emissary.command.BaseCommand -   - PROJECT_BASE is set to /Users/connor/Projects/work/emissary/target 
2023-12-12 00:43:53,973 [using logback-test.xml]  INFO emissary.command.BaseCommand -   - Setting emissary.config.dir to /Users/connor/Projects/work/emissary/target/config 
2023-12-12 00:43:53,973 [using logback-test.xml]  INFO emissary.command.BaseCommand -   - Setting emissary.bin.dir to /Users/connor/Projects/work/emissary/target/bin 
2023-12-12 00:43:53,973 [using logback-test.xml]  INFO emissary.command.BaseCommand -   - Setting emissary.output.root to /Users/connor/Projects/work/emissary/target/localoutput 
2023-12-12 00:43:53,973 [using logback-test.xml]  INFO emissary.command.BaseCommand -   - Emissary error dir set to /Users/connor/Projects/work/emissary/target/localerror 
2023-12-12 00:43:53,973 [using logback-test.xml]  INFO emissary.command.BaseCommand -   - Setting emissary.config.flavor to CLUSTER 
2023-12-12 00:43:53,973 [using logback-test.xml]  INFO emissary.command.BaseCommand -   - Setting emissary.node.name to localhost 
2023-12-12 00:43:53,973 [using logback-test.xml]  INFO emissary.command.BaseCommand -   - Setting emissary.node.port to 8001 
2023-12-12 00:43:53,973 [using logback-test.xml]  INFO emissary.command.BaseCommand -   - Setting emissary.node.scheme to http 
2023-12-12 00:43:53,973 [using logback-test.xml]  WARN emissary.command.BaseCommand -   - Not using /Users/connor/Projects/work/emissary/target/config/logback.xml, staying with test config file:/Users/connor/Projects/work/emissary/target/test-classes/logback-test.xml
2023-12-12 00:43:53,974 [using logback-test.xml]  INFO emissary.command.BaseCommand -   - Overriding current emissary.config.flavor CLUSTER to CLUSTER 
2023-12-12 00:43:53,975 [using logback-test.xml] DEBUG emissary.config.ConfigUtil -   - Loading config for (string) emissary.directory.MyDirectoryPlace.cfg
2023-12-12 00:43:53,975 [using logback-test.xml] DEBUG emissary.config.ConfigUtil -   - No file config found using new style emissary.directory.MyDirectoryPlace.cfg
2023-12-12 00:43:53,975 [using logback-test.xml] DEBUG emissary.config.ConfigUtil -   - No config data as resource for emissary/util/emissary/directory/MyDirectoryPlace.cfg
2023-12-12 00:43:53,975 [using logback-test.xml] DEBUG emissary.config.ConfigUtil -   - Found config data as resource file:/Users/connor/Projects/work/emissary/target/test-classes/emissary/directory/MyDirectoryPlace.cfg
2023-12-12 00:43:53,975 [using logback-test.xml] DEBUG emissary.config.ConfigUtil -   - Attempting flavor merge on emissary.directory.MyDirectoryPlace-CLUSTER.cfg
2023-12-12 00:43:53,975 [using logback-test.xml] DEBUG emissary.config.ConfigUtil -   - Loading config for (string) emissary.directory.MyDirectoryPlace-CLUSTER.cfg
2023-12-12 00:43:53,975 [using logback-test.xml] DEBUG emissary.config.ConfigUtil -   - No file config found using new style emissary.directory.MyDirectoryPlace-CLUSTER.cfg
2023-12-12 00:43:53,975 [using logback-test.xml] DEBUG emissary.config.ConfigUtil -   - No config data as resource for emissary/util/emissary/directory/MyDirectoryPlace-CLUSTER.cfg
2023-12-12 00:43:53,975 [using logback-test.xml] DEBUG emissary.config.ConfigUtil -   - No config data as resource for emissary/directory/MyDirectoryPlace-CLUSTER.cfg
2023-12-12 00:43:53,975 [using logback-test.xml] DEBUG emissary.config.ConfigUtil -   - No file config found using old style MyDirectoryPlace-CLUSTER.cfg
2023-12-12 00:43:53,975 [using logback-test.xml] DEBUG emissary.config.ConfigUtil -   - Unable to opt import flavor config emissary.directory.MyDirectoryPlace-CLUSTER.cfg
2023-12-12 00:43:53,976 [using logback-test.xml] DEBUG emissary.config.ConfigUtil -   - Configured configDirProperty /Users/connor/Projects/work/emissary/target/config
2023-12-12 00:43:53,978 [using logback-test.xml]  INFO emissary.directory.RoutingAlgorithmTest$MyDirectoryPlace -   - Done shutting down DirectoryPlace
]]></system-out>
  </testcase>
  <testcase name="testBackToIdPhaseAfterTransform" classname="emissary.directory.RoutingAlgorithmTest" time="0.003">
    <system-out><![CDATA[2023-12-12 00:43:53,979 [using logback-test.xml]  INFO emissary.command.BaseCommand -   - PROJECT_BASE is set to /Users/connor/Projects/work/emissary/target 
2023-12-12 00:43:53,979 [using logback-test.xml]  INFO emissary.command.BaseCommand -   - Setting emissary.config.dir to /Users/connor/Projects/work/emissary/target/config 
2023-12-12 00:43:53,979 [using logback-test.xml]  INFO emissary.command.BaseCommand -   - Setting emissary.bin.dir to /Users/connor/Projects/work/emissary/target/bin 
2023-12-12 00:43:53,979 [using logback-test.xml]  INFO emissary.command.BaseCommand -   - Setting emissary.output.root to /Users/connor/Projects/work/emissary/target/localoutput 
2023-12-12 00:43:53,979 [using logback-test.xml]  INFO emissary.command.BaseCommand -   - Emissary error dir set to /Users/connor/Projects/work/emissary/target/localerror 
2023-12-12 00:43:53,979 [using logback-test.xml]  INFO emissary.command.BaseCommand -   - Setting emissary.node.name to localhost 
2023-12-12 00:43:53,979 [using logback-test.xml]  INFO emissary.command.BaseCommand -   - Setting emissary.node.port to 8001 
2023-12-12 00:43:53,979 [using logback-test.xml]  INFO emissary.command.BaseCommand -   - Setting emissary.node.scheme to http 
2023-12-12 00:43:53,979 [using logback-test.xml]  WARN emissary.command.BaseCommand -   - Not using /Users/connor/Projects/work/emissary/target/config/logback.xml, staying with test config file:/Users/connor/Projects/work/emissary/target/test-classes/logback-test.xml
2023-12-12 00:43:53,980 [using logback-test.xml]  INFO emissary.command.BaseCommand -   - Overriding current emissary.config.flavor null to CLUSTER 
2023-12-12 00:43:53,980 [using logback-test.xml]  INFO emissary.command.BaseCommand -   - PROJECT_BASE is set to /Users/connor/Projects/work/emissary/target 
2023-12-12 00:43:53,980 [using logback-test.xml]  INFO emissary.command.BaseCommand -   - Setting emissary.config.dir to /Users/connor/Projects/work/emissary/target/config 
2023-12-12 00:43:53,980 [using logback-test.xml]  INFO emissary.command.BaseCommand -   - Setting emissary.bin.dir to /Users/connor/Projects/work/emissary/target/bin 
2023-12-12 00:43:53,980 [using logback-test.xml]  INFO emissary.command.BaseCommand -   - Setting emissary.output.root to /Users/connor/Projects/work/emissary/target/localoutput 
2023-12-12 00:43:53,980 [using logback-test.xml]  INFO emissary.command.BaseCommand -   - Emissary error dir set to /Users/connor/Projects/work/emissary/target/localerror 
2023-12-12 00:43:53,980 [using logback-test.xml]  INFO emissary.command.BaseCommand -   - Setting emissary.config.flavor to CLUSTER 
2023-12-12 00:43:53,980 [using logback-test.xml]  INFO emissary.command.BaseCommand -   - Setting emissary.node.name to localhost 
2023-12-12 00:43:53,980 [using logback-test.xml]  INFO emissary.command.BaseCommand -   - Setting emissary.node.port to 8001 
2023-12-12 00:43:53,980 [using logback-test.xml]  INFO emissary.command.BaseCommand -   - Setting emissary.node.scheme to http 
2023-12-12 00:43:53,980 [using logback-test.xml]  WARN emissary.command.BaseCommand -   - Not using /Users/connor/Projects/work/emissary/target/config/logback.xml, staying with test config file:/Users/connor/Projects/work/emissary/target/test-classes/logback-test.xml
2023-12-12 00:43:53,981 [using logback-test.xml]  INFO emissary.command.BaseCommand -   - Overriding current emissary.config.flavor CLUSTER to CLUSTER 
2023-12-12 00:43:53,982 [using logback-test.xml] DEBUG emissary.config.ConfigUtil -   - Loading config for (string) emissary.directory.MyDirectoryPlace.cfg
2023-12-12 00:43:53,982 [using logback-test.xml] DEBUG emissary.config.ConfigUtil -   - No file config found using new style emissary.directory.MyDirectoryPlace.cfg
2023-12-12 00:43:53,982 [using logback-test.xml] DEBUG emissary.config.ConfigUtil -   - No config data as resource for emissary/util/emissary/directory/MyDirectoryPlace.cfg
2023-12-12 00:43:53,982 [using logback-test.xml] DEBUG emissary.config.ConfigUtil -   - Found config data as resource file:/Users/connor/Projects/work/emissary/target/test-classes/emissary/directory/MyDirectoryPlace.cfg
2023-12-12 00:43:53,982 [using logback-test.xml] DEBUG emissary.config.ConfigUtil -   - Attempting flavor merge on emissary.directory.MyDirectoryPlace-CLUSTER.cfg
2023-12-12 00:43:53,982 [using logback-test.xml] DEBUG emissary.config.ConfigUtil -   - Loading config for (string) emissary.directory.MyDirectoryPlace-CLUSTER.cfg
2023-12-12 00:43:53,982 [using logback-test.xml] DEBUG emissary.config.ConfigUtil -   - No file config found using new style emissary.directory.MyDirectoryPlace-CLUSTER.cfg
2023-12-12 00:43:53,982 [using logback-test.xml] DEBUG emissary.config.ConfigUtil -   - No config data as resource for emissary/util/emissary/directory/MyDirectoryPlace-CLUSTER.cfg
2023-12-12 00:43:53,982 [using logback-test.xml] DEBUG emissary.config.ConfigUtil -   - No config data as resource for emissary/directory/MyDirectoryPlace-CLUSTER.cfg
2023-12-12 00:43:53,982 [using logback-test.xml] DEBUG emissary.config.ConfigUtil -   - No file config found using old style MyDirectoryPlace-CLUSTER.cfg
2023-12-12 00:43:53,982 [using logback-test.xml] DEBUG emissary.config.ConfigUtil -   - Unable to opt import flavor config emissary.directory.MyDirectoryPlace-CLUSTER.cfg
2023-12-12 00:43:53,982 [using logback-test.xml] DEBUG emissary.config.ConfigUtil -   - Configured configDirProperty /Users/connor/Projects/work/emissary/target/config
2023-12-12 00:43:53,984 [using logback-test.xml]  INFO emissary.directory.RoutingAlgorithmTest$MyDirectoryPlace -   - Done shutting down DirectoryPlace
]]></system-out>
  </testcase>
  <testcase name="testWildCardProxyHonorsDenyList" classname="emissary.directory.RoutingAlgorithmTest" time="0.004">
    <system-out><![CDATA[2023-12-12 00:43:53,985 [using logback-test.xml]  INFO emissary.command.BaseCommand -   - PROJECT_BASE is set to /Users/connor/Projects/work/emissary/target 
2023-12-12 00:43:53,985 [using logback-test.xml]  INFO emissary.command.BaseCommand -   - Setting emissary.config.dir to /Users/connor/Projects/work/emissary/target/config 
2023-12-12 00:43:53,985 [using logback-test.xml]  INFO emissary.command.BaseCommand -   - Setting emissary.bin.dir to /Users/connor/Projects/work/emissary/target/bin 
2023-12-12 00:43:53,985 [using logback-test.xml]  INFO emissary.command.BaseCommand -   - Setting emissary.output.root to /Users/connor/Projects/work/emissary/target/localoutput 
2023-12-12 00:43:53,985 [using logback-test.xml]  INFO emissary.command.BaseCommand -   - Emissary error dir set to /Users/connor/Projects/work/emissary/target/localerror 
2023-12-12 00:43:53,985 [using logback-test.xml]  INFO emissary.command.BaseCommand -   - Setting emissary.node.name to localhost 
2023-12-12 00:43:53,985 [using logback-test.xml]  INFO emissary.command.BaseCommand -   - Setting emissary.node.port to 8001 
2023-12-12 00:43:53,985 [using logback-test.xml]  INFO emissary.command.BaseCommand -   - Setting emissary.node.scheme to http 
2023-12-12 00:43:53,985 [using logback-test.xml]  WARN emissary.command.BaseCommand -   - Not using /Users/connor/Projects/work/emissary/target/config/logback.xml, staying with test config file:/Users/connor/Projects/work/emissary/target/test-classes/logback-test.xml
2023-12-12 00:43:53,986 [using logback-test.xml]  INFO emissary.command.BaseCommand -   - Overriding current emissary.config.flavor null to CLUSTER 
2023-12-12 00:43:53,986 [using logback-test.xml]  INFO emissary.command.BaseCommand -   - PROJECT_BASE is set to /Users/connor/Projects/work/emissary/target 
2023-12-12 00:43:53,986 [using logback-test.xml]  INFO emissary.command.BaseCommand -   - Setting emissary.config.dir to /Users/connor/Projects/work/emissary/target/config 
2023-12-12 00:43:53,986 [using logback-test.xml]  INFO emissary.command.BaseCommand -   - Setting emissary.bin.dir to /Users/connor/Projects/work/emissary/target/bin 
2023-12-12 00:43:53,986 [using logback-test.xml]  INFO emissary.command.BaseCommand -   - Setting emissary.output.root to /Users/connor/Projects/work/emissary/target/localoutput 
2023-12-12 00:43:53,986 [using logback-test.xml]  INFO emissary.command.BaseCommand -   - Emissary error dir set to /Users/connor/Projects/work/emissary/target/localerror 
2023-12-12 00:43:53,986 [using logback-test.xml]  INFO emissary.command.BaseCommand -   - Setting emissary.config.flavor to CLUSTER 
2023-12-12 00:43:53,986 [using logback-test.xml]  INFO emissary.command.BaseCommand -   - Setting emissary.node.name to localhost 
2023-12-12 00:43:53,986 [using logback-test.xml]  INFO emissary.command.BaseCommand -   - Setting emissary.node.port to 8001 
2023-12-12 00:43:53,986 [using logback-test.xml]  INFO emissary.command.BaseCommand -   - Setting emissary.node.scheme to http 
2023-12-12 00:43:53,986 [using logback-test.xml]  WARN emissary.command.BaseCommand -   - Not using /Users/connor/Projects/work/emissary/target/config/logback.xml, staying with test config file:/Users/connor/Projects/work/emissary/target/test-classes/logback-test.xml
2023-12-12 00:43:53,987 [using logback-test.xml]  INFO emissary.command.BaseCommand -   - Overriding current emissary.config.flavor CLUSTER to CLUSTER 
2023-12-12 00:43:53,988 [using logback-test.xml] DEBUG emissary.config.ConfigUtil -   - Loading config for (string) emissary.directory.MyDirectoryPlace.cfg
2023-12-12 00:43:53,988 [using logback-test.xml] DEBUG emissary.config.ConfigUtil -   - No file config found using new style emissary.directory.MyDirectoryPlace.cfg
2023-12-12 00:43:53,988 [using logback-test.xml] DEBUG emissary.config.ConfigUtil -   - No config data as resource for emissary/util/emissary/directory/MyDirectoryPlace.cfg
2023-12-12 00:43:53,988 [using logback-test.xml] DEBUG emissary.config.ConfigUtil -   - Found config data as resource file:/Users/connor/Projects/work/emissary/target/test-classes/emissary/directory/MyDirectoryPlace.cfg
2023-12-12 00:43:53,988 [using logback-test.xml] DEBUG emissary.config.ConfigUtil -   - Attempting flavor merge on emissary.directory.MyDirectoryPlace-CLUSTER.cfg
2023-12-12 00:43:53,988 [using logback-test.xml] DEBUG emissary.config.ConfigUtil -   - Loading config for (string) emissary.directory.MyDirectoryPlace-CLUSTER.cfg
2023-12-12 00:43:53,988 [using logback-test.xml] DEBUG emissary.config.ConfigUtil -   - No file config found using new style emissary.directory.MyDirectoryPlace-CLUSTER.cfg
2023-12-12 00:43:53,988 [using logback-test.xml] DEBUG emissary.config.ConfigUtil -   - No config data as resource for emissary/util/emissary/directory/MyDirectoryPlace-CLUSTER.cfg
2023-12-12 00:43:53,988 [using logback-test.xml] DEBUG emissary.config.ConfigUtil -   - No config data as resource for emissary/directory/MyDirectoryPlace-CLUSTER.cfg
2023-12-12 00:43:53,988 [using logback-test.xml] DEBUG emissary.config.ConfigUtil -   - No file config found using old style MyDirectoryPlace-CLUSTER.cfg
2023-12-12 00:43:53,988 [using logback-test.xml] DEBUG emissary.config.ConfigUtil -   - Unable to opt import flavor config emissary.directory.MyDirectoryPlace-CLUSTER.cfg
2023-12-12 00:43:53,989 [using logback-test.xml] DEBUG emissary.config.ConfigUtil -   - Loading config for (string) emissary/place/sample/DelayPlace.cfg
2023-12-12 00:43:53,989 [using logback-test.xml] DEBUG emissary.config.ConfigUtil -   - No file config found using new style DelayPlace.cfg
2023-12-12 00:43:53,989 [using logback-test.xml] DEBUG emissary.config.ConfigUtil -   - No config data as resource for emissary/util/emissary/place/sample/DelayPlace.cfg
2023-12-12 00:43:53,989 [using logback-test.xml] DEBUG emissary.config.ConfigUtil -   - Found config data as resource file:/Users/connor/Projects/work/emissary/target/classes/emissary/place/sample/DelayPlace.cfg
2023-12-12 00:43:53,989 [using logback-test.xml] DEBUG emissary.config.ConfigUtil -   - Attempting flavor merge on emissary/place/sample/DelayPlace-CLUSTER.cfg
2023-12-12 00:43:53,989 [using logback-test.xml] DEBUG emissary.config.ConfigUtil -   - Loading config for (string) emissary/place/sample/DelayPlace-CLUSTER.cfg
2023-12-12 00:43:53,989 [using logback-test.xml] DEBUG emissary.config.ConfigUtil -   - No file config found using new style DelayPlace-CLUSTER.cfg
2023-12-12 00:43:53,989 [using logback-test.xml] DEBUG emissary.config.ConfigUtil -   - No config data as resource for emissary/util/emissary/place/sample/DelayPlace-CLUSTER.cfg
2023-12-12 00:43:53,989 [using logback-test.xml] DEBUG emissary.config.ConfigUtil -   - No config data as resource for emissary/place/sample/DelayPlace-CLUSTER.cfg
2023-12-12 00:43:53,989 [using logback-test.xml] DEBUG emissary.config.ConfigUtil -   - No file config found using old style DelayPlace-CLUSTER.cfg
2023-12-12 00:43:53,989 [using logback-test.xml] DEBUG emissary.config.ConfigUtil -   - Unable to opt import flavor config emissary/place/sample/DelayPlace-CLUSTER.cfg
2023-12-12 00:43:53,989 [using logback-test.xml] DEBUG emissary.config.ConfigUtil -   - Configured configDirProperty /Users/connor/Projects/work/emissary/target/config
2023-12-12 00:43:53,991 [using logback-test.xml]  INFO emissary.directory.RoutingAlgorithmTest$MyDirectoryPlace -   - Done shutting down DirectoryPlace
]]></system-out>
  </testcase>
  <testcase name="testContractWithNextKeysPlace" classname="emissary.directory.RoutingAlgorithmTest" time="0.002">
    <system-out><![CDATA[2023-12-12 00:43:53,992 [using logback-test.xml]  INFO emissary.command.BaseCommand -   - PROJECT_BASE is set to /Users/connor/Projects/work/emissary/target 
2023-12-12 00:43:53,992 [using logback-test.xml]  INFO emissary.command.BaseCommand -   - Setting emissary.config.dir to /Users/connor/Projects/work/emissary/target/config 
2023-12-12 00:43:53,992 [using logback-test.xml]  INFO emissary.command.BaseCommand -   - Setting emissary.bin.dir to /Users/connor/Projects/work/emissary/target/bin 
2023-12-12 00:43:53,992 [using logback-test.xml]  INFO emissary.command.BaseCommand -   - Setting emissary.output.root to /Users/connor/Projects/work/emissary/target/localoutput 
2023-12-12 00:43:53,992 [using logback-test.xml]  INFO emissary.command.BaseCommand -   - Emissary error dir set to /Users/connor/Projects/work/emissary/target/localerror 
2023-12-12 00:43:53,992 [using logback-test.xml]  INFO emissary.command.BaseCommand -   - Setting emissary.node.name to localhost 
2023-12-12 00:43:53,992 [using logback-test.xml]  INFO emissary.command.BaseCommand -   - Setting emissary.node.port to 8001 
2023-12-12 00:43:53,992 [using logback-test.xml]  INFO emissary.command.BaseCommand -   - Setting emissary.node.scheme to http 
2023-12-12 00:43:53,992 [using logback-test.xml]  WARN emissary.command.BaseCommand -   - Not using /Users/connor/Projects/work/emissary/target/config/logback.xml, staying with test config file:/Users/connor/Projects/work/emissary/target/test-classes/logback-test.xml
2023-12-12 00:43:53,993 [using logback-test.xml]  INFO emissary.command.BaseCommand -   - Overriding current emissary.config.flavor null to CLUSTER 
2023-12-12 00:43:53,993 [using logback-test.xml]  INFO emissary.command.BaseCommand -   - PROJECT_BASE is set to /Users/connor/Projects/work/emissary/target 
2023-12-12 00:43:53,993 [using logback-test.xml]  INFO emissary.command.BaseCommand -   - Setting emissary.config.dir to /Users/connor/Projects/work/emissary/target/config 
2023-12-12 00:43:53,993 [using logback-test.xml]  INFO emissary.command.BaseCommand -   - Setting emissary.bin.dir to /Users/connor/Projects/work/emissary/target/bin 
2023-12-12 00:43:53,993 [using logback-test.xml]  INFO emissary.command.BaseCommand -   - Setting emissary.output.root to /Users/connor/Projects/work/emissary/target/localoutput 
2023-12-12 00:43:53,993 [using logback-test.xml]  INFO emissary.command.BaseCommand -   - Emissary error dir set to /Users/connor/Projects/work/emissary/target/localerror 
2023-12-12 00:43:53,993 [using logback-test.xml]  INFO emissary.command.BaseCommand -   - Setting emissary.config.flavor to CLUSTER 
2023-12-12 00:43:53,993 [using logback-test.xml]  INFO emissary.command.BaseCommand -   - Setting emissary.node.name to localhost 
2023-12-12 00:43:53,993 [using logback-test.xml]  INFO emissary.command.BaseCommand -   - Setting emissary.node.port to 8001 
2023-12-12 00:43:53,993 [using logback-test.xml]  INFO emissary.command.BaseCommand -   - Setting emissary.node.scheme to http 
2023-12-12 00:43:53,993 [using logback-test.xml]  WARN emissary.command.BaseCommand -   - Not using /Users/connor/Projects/work/emissary/target/config/logback.xml, staying with test config file:/Users/connor/Projects/work/emissary/target/test-classes/logback-test.xml
2023-12-12 00:43:53,995 [using logback-test.xml]  INFO emissary.command.BaseCommand -   - Overriding current emissary.config.flavor CLUSTER to CLUSTER 
2023-12-12 00:43:53,995 [using logback-test.xml] DEBUG emissary.config.ConfigUtil -   - Loading config for (string) emissary.directory.MyDirectoryPlace.cfg
2023-12-12 00:43:53,995 [using logback-test.xml] DEBUG emissary.config.ConfigUtil -   - No file config found using new style emissary.directory.MyDirectoryPlace.cfg
2023-12-12 00:43:53,995 [using logback-test.xml] DEBUG emissary.config.ConfigUtil -   - No config data as resource for emissary/util/emissary/directory/MyDirectoryPlace.cfg
2023-12-12 00:43:53,995 [using logback-test.xml] DEBUG emissary.config.ConfigUtil -   - Found config data as resource file:/Users/connor/Projects/work/emissary/target/test-classes/emissary/directory/MyDirectoryPlace.cfg
2023-12-12 00:43:53,995 [using logback-test.xml] DEBUG emissary.config.ConfigUtil -   - Attempting flavor merge on emissary.directory.MyDirectoryPlace-CLUSTER.cfg
2023-12-12 00:43:53,995 [using logback-test.xml] DEBUG emissary.config.ConfigUtil -   - Loading config for (string) emissary.directory.MyDirectoryPlace-CLUSTER.cfg
2023-12-12 00:43:53,995 [using logback-test.xml] DEBUG emissary.config.ConfigUtil -   - No file config found using new style emissary.directory.MyDirectoryPlace-CLUSTER.cfg
2023-12-12 00:43:53,995 [using logback-test.xml] DEBUG emissary.config.ConfigUtil -   - No config data as resource for emissary/util/emissary/directory/MyDirectoryPlace-CLUSTER.cfg
2023-12-12 00:43:53,995 [using logback-test.xml] DEBUG emissary.config.ConfigUtil -   - No config data as resource for emissary/directory/MyDirectoryPlace-CLUSTER.cfg
2023-12-12 00:43:53,995 [using logback-test.xml] DEBUG emissary.config.ConfigUtil -   - No file config found using old style MyDirectoryPlace-CLUSTER.cfg
2023-12-12 00:43:53,995 [using logback-test.xml] DEBUG emissary.config.ConfigUtil -   - Unable to opt import flavor config emissary.directory.MyDirectoryPlace-CLUSTER.cfg
2023-12-12 00:43:53,996 [using logback-test.xml]  WARN emissary.core.MobileAgent -   - Null payload or placein getNextKey
2023-12-12 00:43:53,996 [using logback-test.xml] DEBUG emissary.config.ConfigUtil -   - Configured configDirProperty /Users/connor/Projects/work/emissary/target/config
2023-12-12 00:43:53,997 [using logback-test.xml]  INFO emissary.directory.RoutingAlgorithmTest$MyDirectoryPlace -   - Done shutting down DirectoryPlace
]]></system-out>
  </testcase>
  <testcase name="testNotBackToIdPhaseAfterAnalyze" classname="emissary.directory.RoutingAlgorithmTest" time="0.002">
    <system-out><![CDATA[2023-12-12 00:43:53,998 [using logback-test.xml]  INFO emissary.command.BaseCommand -   - PROJECT_BASE is set to /Users/connor/Projects/work/emissary/target 
2023-12-12 00:43:53,999 [using logback-test.xml]  INFO emissary.command.BaseCommand -   - Setting emissary.config.dir to /Users/connor/Projects/work/emissary/target/config 
2023-12-12 00:43:53,999 [using logback-test.xml]  INFO emissary.command.BaseCommand -   - Setting emissary.bin.dir to /Users/connor/Projects/work/emissary/target/bin 
2023-12-12 00:43:53,999 [using logback-test.xml]  INFO emissary.command.BaseCommand -   - Setting emissary.output.root to /Users/connor/Projects/work/emissary/target/localoutput 
2023-12-12 00:43:53,999 [using logback-test.xml]  INFO emissary.command.BaseCommand -   - Emissary error dir set to /Users/connor/Projects/work/emissary/target/localerror 
2023-12-12 00:43:53,999 [using logback-test.xml]  INFO emissary.command.BaseCommand -   - Setting emissary.node.name to localhost 
2023-12-12 00:43:53,999 [using logback-test.xml]  INFO emissary.command.BaseCommand -   - Setting emissary.node.port to 8001 
2023-12-12 00:43:53,999 [using logback-test.xml]  INFO emissary.command.BaseCommand -   - Setting emissary.node.scheme to http 
2023-12-12 00:43:53,999 [using logback-test.xml]  WARN emissary.command.BaseCommand -   - Not using /Users/connor/Projects/work/emissary/target/config/logback.xml, staying with test config file:/Users/connor/Projects/work/emissary/target/test-classes/logback-test.xml
2023-12-12 00:43:54,000 [using logback-test.xml]  INFO emissary.command.BaseCommand -   - Overriding current emissary.config.flavor null to CLUSTER 
2023-12-12 00:43:54,000 [using logback-test.xml]  INFO emissary.command.BaseCommand -   - PROJECT_BASE is set to /Users/connor/Projects/work/emissary/target 
2023-12-12 00:43:54,000 [using logback-test.xml]  INFO emissary.command.BaseCommand -   - Setting emissary.config.dir to /Users/connor/Projects/work/emissary/target/config 
2023-12-12 00:43:54,000 [using logback-test.xml]  INFO emissary.command.BaseCommand -   - Setting emissary.bin.dir to /Users/connor/Projects/work/emissary/target/bin 
2023-12-12 00:43:54,000 [using logback-test.xml]  INFO emissary.command.BaseCommand -   - Setting emissary.output.root to /Users/connor/Projects/work/emissary/target/localoutput 
2023-12-12 00:43:54,000 [using logback-test.xml]  INFO emissary.command.BaseCommand -   - Emissary error dir set to /Users/connor/Projects/work/emissary/target/localerror 
2023-12-12 00:43:54,000 [using logback-test.xml]  INFO emissary.command.BaseCommand -   - Setting emissary.config.flavor to CLUSTER 
2023-12-12 00:43:54,000 [using logback-test.xml]  INFO emissary.command.BaseCommand -   - Setting emissary.node.name to localhost 
2023-12-12 00:43:54,000 [using logback-test.xml]  INFO emissary.command.BaseCommand -   - Setting emissary.node.port to 8001 
2023-12-12 00:43:54,000 [using logback-test.xml]  INFO emissary.command.BaseCommand -   - Setting emissary.node.scheme to http 
2023-12-12 00:43:54,000 [using logback-test.xml]  WARN emissary.command.BaseCommand -   - Not using /Users/connor/Projects/work/emissary/target/config/logback.xml, staying with test config file:/Users/connor/Projects/work/emissary/target/test-classes/logback-test.xml
2023-12-12 00:43:54,000 [using logback-test.xml]  INFO emissary.command.BaseCommand -   - Overriding current emissary.config.flavor CLUSTER to CLUSTER 
2023-12-12 00:43:54,001 [using logback-test.xml] DEBUG emissary.config.ConfigUtil -   - Loading config for (string) emissary.directory.MyDirectoryPlace.cfg
2023-12-12 00:43:54,001 [using logback-test.xml] DEBUG emissary.config.ConfigUtil -   - No file config found using new style emissary.directory.MyDirectoryPlace.cfg
2023-12-12 00:43:54,001 [using logback-test.xml] DEBUG emissary.config.ConfigUtil -   - No config data as resource for emissary/util/emissary/directory/MyDirectoryPlace.cfg
2023-12-12 00:43:54,001 [using logback-test.xml] DEBUG emissary.config.ConfigUtil -   - Found config data as resource file:/Users/connor/Projects/work/emissary/target/test-classes/emissary/directory/MyDirectoryPlace.cfg
2023-12-12 00:43:54,001 [using logback-test.xml] DEBUG emissary.config.ConfigUtil -   - Attempting flavor merge on emissary.directory.MyDirectoryPlace-CLUSTER.cfg
2023-12-12 00:43:54,001 [using logback-test.xml] DEBUG emissary.config.ConfigUtil -   - Loading config for (string) emissary.directory.MyDirectoryPlace-CLUSTER.cfg
2023-12-12 00:43:54,001 [using logback-test.xml] DEBUG emissary.config.ConfigUtil -   - No file config found using new style emissary.directory.MyDirectoryPlace-CLUSTER.cfg
2023-12-12 00:43:54,001 [using logback-test.xml] DEBUG emissary.config.ConfigUtil -   - No config data as resource for emissary/util/emissary/directory/MyDirectoryPlace-CLUSTER.cfg
2023-12-12 00:43:54,001 [using logback-test.xml] DEBUG emissary.config.ConfigUtil -   - No config data as resource for emissary/directory/MyDirectoryPlace-CLUSTER.cfg
2023-12-12 00:43:54,001 [using logback-test.xml] DEBUG emissary.config.ConfigUtil -   - No file config found using old style MyDirectoryPlace-CLUSTER.cfg
2023-12-12 00:43:54,001 [using logback-test.xml] DEBUG emissary.config.ConfigUtil -   - Unable to opt import flavor config emissary.directory.MyDirectoryPlace-CLUSTER.cfg
2023-12-12 00:43:54,002 [using logback-test.xml] DEBUG emissary.config.ConfigUtil -   - Configured configDirProperty /Users/connor/Projects/work/emissary/target/config
2023-12-12 00:43:54,003 [using logback-test.xml]  INFO emissary.directory.RoutingAlgorithmTest$MyDirectoryPlace -   - Done shutting down DirectoryPlace
]]></system-out>
  </testcase>
  <testcase name="testPayloadWithDoneForm" classname="emissary.directory.RoutingAlgorithmTest" time="0.002">
    <system-out><![CDATA[2023-12-12 00:43:54,005 [using logback-test.xml]  INFO emissary.command.BaseCommand -   - PROJECT_BASE is set to /Users/connor/Projects/work/emissary/target 
2023-12-12 00:43:54,005 [using logback-test.xml]  INFO emissary.command.BaseCommand -   - Setting emissary.config.dir to /Users/connor/Projects/work/emissary/target/config 
2023-12-12 00:43:54,005 [using logback-test.xml]  INFO emissary.command.BaseCommand -   - Setting emissary.bin.dir to /Users/connor/Projects/work/emissary/target/bin 
2023-12-12 00:43:54,005 [using logback-test.xml]  INFO emissary.command.BaseCommand -   - Setting emissary.output.root to /Users/connor/Projects/work/emissary/target/localoutput 
2023-12-12 00:43:54,005 [using logback-test.xml]  INFO emissary.command.BaseCommand -   - Emissary error dir set to /Users/connor/Projects/work/emissary/target/localerror 
2023-12-12 00:43:54,005 [using logback-test.xml]  INFO emissary.command.BaseCommand -   - Setting emissary.node.name to localhost 
2023-12-12 00:43:54,005 [using logback-test.xml]  INFO emissary.command.BaseCommand -   - Setting emissary.node.port to 8001 
2023-12-12 00:43:54,005 [using logback-test.xml]  INFO emissary.command.BaseCommand -   - Setting emissary.node.scheme to http 
2023-12-12 00:43:54,005 [using logback-test.xml]  WARN emissary.command.BaseCommand -   - Not using /Users/connor/Projects/work/emissary/target/config/logback.xml, staying with test config file:/Users/connor/Projects/work/emissary/target/test-classes/logback-test.xml
2023-12-12 00:43:54,006 [using logback-test.xml]  INFO emissary.command.BaseCommand -   - Overriding current emissary.config.flavor null to CLUSTER 
2023-12-12 00:43:54,006 [using logback-test.xml]  INFO emissary.command.BaseCommand -   - PROJECT_BASE is set to /Users/connor/Projects/work/emissary/target 
2023-12-12 00:43:54,006 [using logback-test.xml]  INFO emissary.command.BaseCommand -   - Setting emissary.config.dir to /Users/connor/Projects/work/emissary/target/config 
2023-12-12 00:43:54,006 [using logback-test.xml]  INFO emissary.command.BaseCommand -   - Setting emissary.bin.dir to /Users/connor/Projects/work/emissary/target/bin 
2023-12-12 00:43:54,006 [using logback-test.xml]  INFO emissary.command.BaseCommand -   - Setting emissary.output.root to /Users/connor/Projects/work/emissary/target/localoutput 
2023-12-12 00:43:54,006 [using logback-test.xml]  INFO emissary.command.BaseCommand -   - Emissary error dir set to /Users/connor/Projects/work/emissary/target/localerror 
2023-12-12 00:43:54,006 [using logback-test.xml]  INFO emissary.command.BaseCommand -   - Setting emissary.config.flavor to CLUSTER 
2023-12-12 00:43:54,006 [using logback-test.xml]  INFO emissary.command.BaseCommand -   - Setting emissary.node.name to localhost 
2023-12-12 00:43:54,006 [using logback-test.xml]  INFO emissary.command.BaseCommand -   - Setting emissary.node.port to 8001 
2023-12-12 00:43:54,006 [using logback-test.xml]  INFO emissary.command.BaseCommand -   - Setting emissary.node.scheme to http 
2023-12-12 00:43:54,006 [using logback-test.xml]  WARN emissary.command.BaseCommand -   - Not using /Users/connor/Projects/work/emissary/target/config/logback.xml, staying with test config file:/Users/connor/Projects/work/emissary/target/test-classes/logback-test.xml
2023-12-12 00:43:54,007 [using logback-test.xml]  INFO emissary.command.BaseCommand -   - Overriding current emissary.config.flavor CLUSTER to CLUSTER 
2023-12-12 00:43:54,007 [using logback-test.xml] DEBUG emissary.config.ConfigUtil -   - Loading config for (string) emissary.directory.MyDirectoryPlace.cfg
2023-12-12 00:43:54,007 [using logback-test.xml] DEBUG emissary.config.ConfigUtil -   - No file config found using new style emissary.directory.MyDirectoryPlace.cfg
2023-12-12 00:43:54,007 [using logback-test.xml] DEBUG emissary.config.ConfigUtil -   - No config data as resource for emissary/util/emissary/directory/MyDirectoryPlace.cfg
2023-12-12 00:43:54,007 [using logback-test.xml] DEBUG emissary.config.ConfigUtil -   - Found config data as resource file:/Users/connor/Projects/work/emissary/target/test-classes/emissary/directory/MyDirectoryPlace.cfg
2023-12-12 00:43:54,007 [using logback-test.xml] DEBUG emissary.config.ConfigUtil -   - Attempting flavor merge on emissary.directory.MyDirectoryPlace-CLUSTER.cfg
2023-12-12 00:43:54,007 [using logback-test.xml] DEBUG emissary.config.ConfigUtil -   - Loading config for (string) emissary.directory.MyDirectoryPlace-CLUSTER.cfg
2023-12-12 00:43:54,007 [using logback-test.xml] DEBUG emissary.config.ConfigUtil -   - No file config found using new style emissary.directory.MyDirectoryPlace-CLUSTER.cfg
2023-12-12 00:43:54,007 [using logback-test.xml] DEBUG emissary.config.ConfigUtil -   - No config data as resource for emissary/util/emissary/directory/MyDirectoryPlace-CLUSTER.cfg
2023-12-12 00:43:54,007 [using logback-test.xml] DEBUG emissary.config.ConfigUtil -   - No config data as resource for emissary/directory/MyDirectoryPlace-CLUSTER.cfg
2023-12-12 00:43:54,008 [using logback-test.xml] DEBUG emissary.config.ConfigUtil -   - No file config found using old style MyDirectoryPlace-CLUSTER.cfg
2023-12-12 00:43:54,008 [using logback-test.xml] DEBUG emissary.config.ConfigUtil -   - Unable to opt import flavor config emissary.directory.MyDirectoryPlace-CLUSTER.cfg
2023-12-12 00:43:54,008 [using logback-test.xml] DEBUG emissary.config.ConfigUtil -   - Configured configDirProperty /Users/connor/Projects/work/emissary/target/config
2023-12-12 00:43:54,009 [using logback-test.xml]  INFO emissary.directory.RoutingAlgorithmTest$MyDirectoryPlace -   - Done shutting down DirectoryPlace
]]></system-out>
  </testcase>
  <testcase name="testIdsInOrderGettingNoResultAtEndOfList" classname="emissary.directory.RoutingAlgorithmTest" time="0.004">
    <system-out><![CDATA[2023-12-12 00:43:54,010 [using logback-test.xml]  INFO emissary.command.BaseCommand -   - PROJECT_BASE is set to /Users/connor/Projects/work/emissary/target 
2023-12-12 00:43:54,011 [using logback-test.xml]  INFO emissary.command.BaseCommand -   - Setting emissary.config.dir to /Users/connor/Projects/work/emissary/target/config 
2023-12-12 00:43:54,011 [using logback-test.xml]  INFO emissary.command.BaseCommand -   - Setting emissary.bin.dir to /Users/connor/Projects/work/emissary/target/bin 
2023-12-12 00:43:54,011 [using logback-test.xml]  INFO emissary.command.BaseCommand -   - Setting emissary.output.root to /Users/connor/Projects/work/emissary/target/localoutput 
2023-12-12 00:43:54,011 [using logback-test.xml]  INFO emissary.command.BaseCommand -   - Emissary error dir set to /Users/connor/Projects/work/emissary/target/localerror 
2023-12-12 00:43:54,011 [using logback-test.xml]  INFO emissary.command.BaseCommand -   - Setting emissary.node.name to localhost 
2023-12-12 00:43:54,011 [using logback-test.xml]  INFO emissary.command.BaseCommand -   - Setting emissary.node.port to 8001 
2023-12-12 00:43:54,011 [using logback-test.xml]  INFO emissary.command.BaseCommand -   - Setting emissary.node.scheme to http 
2023-12-12 00:43:54,011 [using logback-test.xml]  WARN emissary.command.BaseCommand -   - Not using /Users/connor/Projects/work/emissary/target/config/logback.xml, staying with test config file:/Users/connor/Projects/work/emissary/target/test-classes/logback-test.xml
2023-12-12 00:43:54,012 [using logback-test.xml]  INFO emissary.command.BaseCommand -   - Overriding current emissary.config.flavor null to CLUSTER 
2023-12-12 00:43:54,012 [using logback-test.xml]  INFO emissary.command.BaseCommand -   - PROJECT_BASE is set to /Users/connor/Projects/work/emissary/target 
2023-12-12 00:43:54,012 [using logback-test.xml]  INFO emissary.command.BaseCommand -   - Setting emissary.config.dir to /Users/connor/Projects/work/emissary/target/config 
2023-12-12 00:43:54,012 [using logback-test.xml]  INFO emissary.command.BaseCommand -   - Setting emissary.bin.dir to /Users/connor/Projects/work/emissary/target/bin 
2023-12-12 00:43:54,012 [using logback-test.xml]  INFO emissary.command.BaseCommand -   - Setting emissary.output.root to /Users/connor/Projects/work/emissary/target/localoutput 
2023-12-12 00:43:54,012 [using logback-test.xml]  INFO emissary.command.BaseCommand -   - Emissary error dir set to /Users/connor/Projects/work/emissary/target/localerror 
2023-12-12 00:43:54,012 [using logback-test.xml]  INFO emissary.command.BaseCommand -   - Setting emissary.config.flavor to CLUSTER 
2023-12-12 00:43:54,012 [using logback-test.xml]  INFO emissary.command.BaseCommand -   - Setting emissary.node.name to localhost 
2023-12-12 00:43:54,012 [using logback-test.xml]  INFO emissary.command.BaseCommand -   - Setting emissary.node.port to 8001 
2023-12-12 00:43:54,012 [using logback-test.xml]  INFO emissary.command.BaseCommand -   - Setting emissary.node.scheme to http 
2023-12-12 00:43:54,012 [using logback-test.xml]  WARN emissary.command.BaseCommand -   - Not using /Users/connor/Projects/work/emissary/target/config/logback.xml, staying with test config file:/Users/connor/Projects/work/emissary/target/test-classes/logback-test.xml
2023-12-12 00:43:54,013 [using logback-test.xml]  INFO emissary.command.BaseCommand -   - Overriding current emissary.config.flavor CLUSTER to CLUSTER 
2023-12-12 00:43:54,013 [using logback-test.xml] DEBUG emissary.config.ConfigUtil -   - Loading config for (string) emissary.directory.MyDirectoryPlace.cfg
2023-12-12 00:43:54,013 [using logback-test.xml] DEBUG emissary.config.ConfigUtil -   - No file config found using new style emissary.directory.MyDirectoryPlace.cfg
2023-12-12 00:43:54,013 [using logback-test.xml] DEBUG emissary.config.ConfigUtil -   - No config data as resource for emissary/util/emissary/directory/MyDirectoryPlace.cfg
2023-12-12 00:43:54,013 [using logback-test.xml] DEBUG emissary.config.ConfigUtil -   - Found config data as resource file:/Users/connor/Projects/work/emissary/target/test-classes/emissary/directory/MyDirectoryPlace.cfg
2023-12-12 00:43:54,013 [using logback-test.xml] DEBUG emissary.config.ConfigUtil -   - Attempting flavor merge on emissary.directory.MyDirectoryPlace-CLUSTER.cfg
2023-12-12 00:43:54,013 [using logback-test.xml] DEBUG emissary.config.ConfigUtil -   - Loading config for (string) emissary.directory.MyDirectoryPlace-CLUSTER.cfg
2023-12-12 00:43:54,013 [using logback-test.xml] DEBUG emissary.config.ConfigUtil -   - No file config found using new style emissary.directory.MyDirectoryPlace-CLUSTER.cfg
2023-12-12 00:43:54,013 [using logback-test.xml] DEBUG emissary.config.ConfigUtil -   - No config data as resource for emissary/util/emissary/directory/MyDirectoryPlace-CLUSTER.cfg
2023-12-12 00:43:54,013 [using logback-test.xml] DEBUG emissary.config.ConfigUtil -   - No config data as resource for emissary/directory/MyDirectoryPlace-CLUSTER.cfg
2023-12-12 00:43:54,013 [using logback-test.xml] DEBUG emissary.config.ConfigUtil -   - No file config found using old style MyDirectoryPlace-CLUSTER.cfg
2023-12-12 00:43:54,013 [using logback-test.xml] DEBUG emissary.config.ConfigUtil -   - Unable to opt import flavor config emissary.directory.MyDirectoryPlace-CLUSTER.cfg
2023-12-12 00:43:54,014 [using logback-test.xml] DEBUG emissary.config.ConfigUtil -   - Configured configDirProperty /Users/connor/Projects/work/emissary/target/config
2023-12-12 00:43:54,016 [using logback-test.xml]  INFO emissary.directory.RoutingAlgorithmTest$MyDirectoryPlace -   - Done shutting down DirectoryPlace
]]></system-out>
  </testcase>
  <testcase name="testNoRepeatWhenTransformAddsFormButDoesNotRemoveOwnProxyAndIsntEvenOnTop" classname="emissary.directory.RoutingAlgorithmTest" time="0.005">
    <system-out><![CDATA[2023-12-12 00:43:54,018 [using logback-test.xml]  INFO emissary.command.BaseCommand -   - PROJECT_BASE is set to /Users/connor/Projects/work/emissary/target 
2023-12-12 00:43:54,018 [using logback-test.xml]  INFO emissary.command.BaseCommand -   - Setting emissary.config.dir to /Users/connor/Projects/work/emissary/target/config 
2023-12-12 00:43:54,018 [using logback-test.xml]  INFO emissary.command.BaseCommand -   - Setting emissary.bin.dir to /Users/connor/Projects/work/emissary/target/bin 
2023-12-12 00:43:54,018 [using logback-test.xml]  INFO emissary.command.BaseCommand -   - Setting emissary.output.root to /Users/connor/Projects/work/emissary/target/localoutput 
2023-12-12 00:43:54,018 [using logback-test.xml]  INFO emissary.command.BaseCommand -   - Emissary error dir set to /Users/connor/Projects/work/emissary/target/localerror 
2023-12-12 00:43:54,018 [using logback-test.xml]  INFO emissary.command.BaseCommand -   - Setting emissary.node.name to localhost 
2023-12-12 00:43:54,018 [using logback-test.xml]  INFO emissary.command.BaseCommand -   - Setting emissary.node.port to 8001 
2023-12-12 00:43:54,018 [using logback-test.xml]  INFO emissary.command.BaseCommand -   - Setting emissary.node.scheme to http 
2023-12-12 00:43:54,018 [using logback-test.xml]  WARN emissary.command.BaseCommand -   - Not using /Users/connor/Projects/work/emissary/target/config/logback.xml, staying with test config file:/Users/connor/Projects/work/emissary/target/test-classes/logback-test.xml
2023-12-12 00:43:54,019 [using logback-test.xml]  INFO emissary.command.BaseCommand -   - Overriding current emissary.config.flavor null to CLUSTER 
2023-12-12 00:43:54,019 [using logback-test.xml]  INFO emissary.command.BaseCommand -   - PROJECT_BASE is set to /Users/connor/Projects/work/emissary/target 
2023-12-12 00:43:54,019 [using logback-test.xml]  INFO emissary.command.BaseCommand -   - Setting emissary.config.dir to /Users/connor/Projects/work/emissary/target/config 
2023-12-12 00:43:54,019 [using logback-test.xml]  INFO emissary.command.BaseCommand -   - Setting emissary.bin.dir to /Users/connor/Projects/work/emissary/target/bin 
2023-12-12 00:43:54,019 [using logback-test.xml]  INFO emissary.command.BaseCommand -   - Setting emissary.output.root to /Users/connor/Projects/work/emissary/target/localoutput 
2023-12-12 00:43:54,019 [using logback-test.xml]  INFO emissary.command.BaseCommand -   - Emissary error dir set to /Users/connor/Projects/work/emissary/target/localerror 
2023-12-12 00:43:54,019 [using logback-test.xml]  INFO emissary.command.BaseCommand -   - Setting emissary.config.flavor to CLUSTER 
2023-12-12 00:43:54,019 [using logback-test.xml]  INFO emissary.command.BaseCommand -   - Setting emissary.node.name to localhost 
2023-12-12 00:43:54,019 [using logback-test.xml]  INFO emissary.command.BaseCommand -   - Setting emissary.node.port to 8001 
2023-12-12 00:43:54,019 [using logback-test.xml]  INFO emissary.command.BaseCommand -   - Setting emissary.node.scheme to http 
2023-12-12 00:43:54,019 [using logback-test.xml]  WARN emissary.command.BaseCommand -   - Not using /Users/connor/Projects/work/emissary/target/config/logback.xml, staying with test config file:/Users/connor/Projects/work/emissary/target/test-classes/logback-test.xml
2023-12-12 00:43:54,020 [using logback-test.xml]  INFO emissary.command.BaseCommand -   - Overriding current emissary.config.flavor CLUSTER to CLUSTER 
2023-12-12 00:43:54,020 [using logback-test.xml] DEBUG emissary.config.ConfigUtil -   - Loading config for (string) emissary.directory.MyDirectoryPlace.cfg
2023-12-12 00:43:54,020 [using logback-test.xml] DEBUG emissary.config.ConfigUtil -   - No file config found using new style emissary.directory.MyDirectoryPlace.cfg
2023-12-12 00:43:54,020 [using logback-test.xml] DEBUG emissary.config.ConfigUtil -   - No config data as resource for emissary/util/emissary/directory/MyDirectoryPlace.cfg
2023-12-12 00:43:54,021 [using logback-test.xml] DEBUG emissary.config.ConfigUtil -   - Found config data as resource file:/Users/connor/Projects/work/emissary/target/test-classes/emissary/directory/MyDirectoryPlace.cfg
2023-12-12 00:43:54,021 [using logback-test.xml] DEBUG emissary.config.ConfigUtil -   - Attempting flavor merge on emissary.directory.MyDirectoryPlace-CLUSTER.cfg
2023-12-12 00:43:54,021 [using logback-test.xml] DEBUG emissary.config.ConfigUtil -   - Loading config for (string) emissary.directory.MyDirectoryPlace-CLUSTER.cfg
2023-12-12 00:43:54,021 [using logback-test.xml] DEBUG emissary.config.ConfigUtil -   - No file config found using new style emissary.directory.MyDirectoryPlace-CLUSTER.cfg
2023-12-12 00:43:54,021 [using logback-test.xml] DEBUG emissary.config.ConfigUtil -   - No config data as resource for emissary/util/emissary/directory/MyDirectoryPlace-CLUSTER.cfg
2023-12-12 00:43:54,021 [using logback-test.xml] DEBUG emissary.config.ConfigUtil -   - No config data as resource for emissary/directory/MyDirectoryPlace-CLUSTER.cfg
2023-12-12 00:43:54,021 [using logback-test.xml] DEBUG emissary.config.ConfigUtil -   - No file config found using old style MyDirectoryPlace-CLUSTER.cfg
2023-12-12 00:43:54,021 [using logback-test.xml] DEBUG emissary.config.ConfigUtil -   - Unable to opt import flavor config emissary.directory.MyDirectoryPlace-CLUSTER.cfg
2023-12-12 00:43:54,022 [using logback-test.xml] DEBUG emissary.config.ConfigUtil -   - Configured configDirProperty /Users/connor/Projects/work/emissary/target/config
2023-12-12 00:43:54,024 [using logback-test.xml]  INFO emissary.directory.RoutingAlgorithmTest$MyDirectoryPlace -   - Done shutting down DirectoryPlace
]]></system-out>
  </testcase>
  <testcase name="testNextKeyFromQueue" classname="emissary.directory.RoutingAlgorithmTest" time="0.004">
    <system-out><![CDATA[2023-12-12 00:43:54,026 [using logback-test.xml]  INFO emissary.command.BaseCommand -   - PROJECT_BASE is set to /Users/connor/Projects/work/emissary/target 
2023-12-12 00:43:54,026 [using logback-test.xml]  INFO emissary.command.BaseCommand -   - Setting emissary.config.dir to /Users/connor/Projects/work/emissary/target/config 
2023-12-12 00:43:54,026 [using logback-test.xml]  INFO emissary.command.BaseCommand -   - Setting emissary.bin.dir to /Users/connor/Projects/work/emissary/target/bin 
2023-12-12 00:43:54,026 [using logback-test.xml]  INFO emissary.command.BaseCommand -   - Setting emissary.output.root to /Users/connor/Projects/work/emissary/target/localoutput 
2023-12-12 00:43:54,026 [using logback-test.xml]  INFO emissary.command.BaseCommand -   - Emissary error dir set to /Users/connor/Projects/work/emissary/target/localerror 
2023-12-12 00:43:54,026 [using logback-test.xml]  INFO emissary.command.BaseCommand -   - Setting emissary.node.name to localhost 
2023-12-12 00:43:54,026 [using logback-test.xml]  INFO emissary.command.BaseCommand -   - Setting emissary.node.port to 8001 
2023-12-12 00:43:54,026 [using logback-test.xml]  INFO emissary.command.BaseCommand -   - Setting emissary.node.scheme to http 
2023-12-12 00:43:54,026 [using logback-test.xml]  WARN emissary.command.BaseCommand -   - Not using /Users/connor/Projects/work/emissary/target/config/logback.xml, staying with test config file:/Users/connor/Projects/work/emissary/target/test-classes/logback-test.xml
2023-12-12 00:43:54,027 [using logback-test.xml]  INFO emissary.command.BaseCommand -   - Overriding current emissary.config.flavor null to CLUSTER 
2023-12-12 00:43:54,027 [using logback-test.xml]  INFO emissary.command.BaseCommand -   - PROJECT_BASE is set to /Users/connor/Projects/work/emissary/target 
2023-12-12 00:43:54,027 [using logback-test.xml]  INFO emissary.command.BaseCommand -   - Setting emissary.config.dir to /Users/connor/Projects/work/emissary/target/config 
2023-12-12 00:43:54,027 [using logback-test.xml]  INFO emissary.command.BaseCommand -   - Setting emissary.bin.dir to /Users/connor/Projects/work/emissary/target/bin 
2023-12-12 00:43:54,027 [using logback-test.xml]  INFO emissary.command.BaseCommand -   - Setting emissary.output.root to /Users/connor/Projects/work/emissary/target/localoutput 
2023-12-12 00:43:54,027 [using logback-test.xml]  INFO emissary.command.BaseCommand -   - Emissary error dir set to /Users/connor/Projects/work/emissary/target/localerror 
2023-12-12 00:43:54,027 [using logback-test.xml]  INFO emissary.command.BaseCommand -   - Setting emissary.config.flavor to CLUSTER 
2023-12-12 00:43:54,027 [using logback-test.xml]  INFO emissary.command.BaseCommand -   - Setting emissary.node.name to localhost 
2023-12-12 00:43:54,027 [using logback-test.xml]  INFO emissary.command.BaseCommand -   - Setting emissary.node.port to 8001 
2023-12-12 00:43:54,027 [using logback-test.xml]  INFO emissary.command.BaseCommand -   - Setting emissary.node.scheme to http 
2023-12-12 00:43:54,027 [using logback-test.xml]  WARN emissary.command.BaseCommand -   - Not using /Users/connor/Projects/work/emissary/target/config/logback.xml, staying with test config file:/Users/connor/Projects/work/emissary/target/test-classes/logback-test.xml
2023-12-12 00:43:54,028 [using logback-test.xml]  INFO emissary.command.BaseCommand -   - Overriding current emissary.config.flavor CLUSTER to CLUSTER 
2023-12-12 00:43:54,028 [using logback-test.xml] DEBUG emissary.config.ConfigUtil -   - Loading config for (string) emissary.directory.MyDirectoryPlace.cfg
2023-12-12 00:43:54,028 [using logback-test.xml] DEBUG emissary.config.ConfigUtil -   - No file config found using new style emissary.directory.MyDirectoryPlace.cfg
2023-12-12 00:43:54,028 [using logback-test.xml] DEBUG emissary.config.ConfigUtil -   - No config data as resource for emissary/util/emissary/directory/MyDirectoryPlace.cfg
2023-12-12 00:43:54,028 [using logback-test.xml] DEBUG emissary.config.ConfigUtil -   - Found config data as resource file:/Users/connor/Projects/work/emissary/target/test-classes/emissary/directory/MyDirectoryPlace.cfg
2023-12-12 00:43:54,028 [using logback-test.xml] DEBUG emissary.config.ConfigUtil -   - Attempting flavor merge on emissary.directory.MyDirectoryPlace-CLUSTER.cfg
2023-12-12 00:43:54,028 [using logback-test.xml] DEBUG emissary.config.ConfigUtil -   - Loading config for (string) emissary.directory.MyDirectoryPlace-CLUSTER.cfg
2023-12-12 00:43:54,028 [using logback-test.xml] DEBUG emissary.config.ConfigUtil -   - No file config found using new style emissary.directory.MyDirectoryPlace-CLUSTER.cfg
2023-12-12 00:43:54,029 [using logback-test.xml] DEBUG emissary.config.ConfigUtil -   - No config data as resource for emissary/util/emissary/directory/MyDirectoryPlace-CLUSTER.cfg
2023-12-12 00:43:54,029 [using logback-test.xml] DEBUG emissary.config.ConfigUtil -   - No config data as resource for emissary/directory/MyDirectoryPlace-CLUSTER.cfg
2023-12-12 00:43:54,029 [using logback-test.xml] DEBUG emissary.config.ConfigUtil -   - No file config found using old style MyDirectoryPlace-CLUSTER.cfg
2023-12-12 00:43:54,029 [using logback-test.xml] DEBUG emissary.config.ConfigUtil -   - Unable to opt import flavor config emissary.directory.MyDirectoryPlace-CLUSTER.cfg
2023-12-12 00:43:54,030 [using logback-test.xml] DEBUG emissary.config.ConfigUtil -   - Configured configDirProperty /Users/connor/Projects/work/emissary/target/config
2023-12-12 00:43:54,032 [using logback-test.xml]  INFO emissary.directory.RoutingAlgorithmTest$MyDirectoryPlace -   - Done shutting down DirectoryPlace
]]></system-out>
  </testcase>
  <testcase name="testNoRepeatWhenTransformAddsFormButDoesNotRemoveOwnProxy" classname="emissary.directory.RoutingAlgorithmTest" time="0.004">
    <system-out><![CDATA[2023-12-12 00:43:54,033 [using logback-test.xml]  INFO emissary.command.BaseCommand -   - PROJECT_BASE is set to /Users/connor/Projects/work/emissary/target 
2023-12-12 00:43:54,033 [using logback-test.xml]  INFO emissary.command.BaseCommand -   - Setting emissary.config.dir to /Users/connor/Projects/work/emissary/target/config 
2023-12-12 00:43:54,033 [using logback-test.xml]  INFO emissary.command.BaseCommand -   - Setting emissary.bin.dir to /Users/connor/Projects/work/emissary/target/bin 
2023-12-12 00:43:54,033 [using logback-test.xml]  INFO emissary.command.BaseCommand -   - Setting emissary.output.root to /Users/connor/Projects/work/emissary/target/localoutput 
2023-12-12 00:43:54,033 [using logback-test.xml]  INFO emissary.command.BaseCommand -   - Emissary error dir set to /Users/connor/Projects/work/emissary/target/localerror 
2023-12-12 00:43:54,033 [using logback-test.xml]  INFO emissary.command.BaseCommand -   - Setting emissary.node.name to localhost 
2023-12-12 00:43:54,033 [using logback-test.xml]  INFO emissary.command.BaseCommand -   - Setting emissary.node.port to 8001 
2023-12-12 00:43:54,033 [using logback-test.xml]  INFO emissary.command.BaseCommand -   - Setting emissary.node.scheme to http 
2023-12-12 00:43:54,033 [using logback-test.xml]  WARN emissary.command.BaseCommand -   - Not using /Users/connor/Projects/work/emissary/target/config/logback.xml, staying with test config file:/Users/connor/Projects/work/emissary/target/test-classes/logback-test.xml
2023-12-12 00:43:54,034 [using logback-test.xml]  INFO emissary.command.BaseCommand -   - Overriding current emissary.config.flavor null to CLUSTER 
2023-12-12 00:43:54,034 [using logback-test.xml]  INFO emissary.command.BaseCommand -   - PROJECT_BASE is set to /Users/connor/Projects/work/emissary/target 
2023-12-12 00:43:54,034 [using logback-test.xml]  INFO emissary.command.BaseCommand -   - Setting emissary.config.dir to /Users/connor/Projects/work/emissary/target/config 
2023-12-12 00:43:54,034 [using logback-test.xml]  INFO emissary.command.BaseCommand -   - Setting emissary.bin.dir to /Users/connor/Projects/work/emissary/target/bin 
2023-12-12 00:43:54,034 [using logback-test.xml]  INFO emissary.command.BaseCommand -   - Setting emissary.output.root to /Users/connor/Projects/work/emissary/target/localoutput 
2023-12-12 00:43:54,034 [using logback-test.xml]  INFO emissary.command.BaseCommand -   - Emissary error dir set to /Users/connor/Projects/work/emissary/target/localerror 
2023-12-12 00:43:54,034 [using logback-test.xml]  INFO emissary.command.BaseCommand -   - Setting emissary.config.flavor to CLUSTER 
2023-12-12 00:43:54,034 [using logback-test.xml]  INFO emissary.command.BaseCommand -   - Setting emissary.node.name to localhost 
2023-12-12 00:43:54,034 [using logback-test.xml]  INFO emissary.command.BaseCommand -   - Setting emissary.node.port to 8001 
2023-12-12 00:43:54,034 [using logback-test.xml]  INFO emissary.command.BaseCommand -   - Setting emissary.node.scheme to http 
2023-12-12 00:43:54,034 [using logback-test.xml]  WARN emissary.command.BaseCommand -   - Not using /Users/connor/Projects/work/emissary/target/config/logback.xml, staying with test config file:/Users/connor/Projects/work/emissary/target/test-classes/logback-test.xml
2023-12-12 00:43:54,035 [using logback-test.xml]  INFO emissary.command.BaseCommand -   - Overriding current emissary.config.flavor CLUSTER to CLUSTER 
2023-12-12 00:43:54,035 [using logback-test.xml] DEBUG emissary.config.ConfigUtil -   - Loading config for (string) emissary.directory.MyDirectoryPlace.cfg
2023-12-12 00:43:54,035 [using logback-test.xml] DEBUG emissary.config.ConfigUtil -   - No file config found using new style emissary.directory.MyDirectoryPlace.cfg
2023-12-12 00:43:54,035 [using logback-test.xml] DEBUG emissary.config.ConfigUtil -   - No config data as resource for emissary/util/emissary/directory/MyDirectoryPlace.cfg
2023-12-12 00:43:54,035 [using logback-test.xml] DEBUG emissary.config.ConfigUtil -   - Found config data as resource file:/Users/connor/Projects/work/emissary/target/test-classes/emissary/directory/MyDirectoryPlace.cfg
2023-12-12 00:43:54,036 [using logback-test.xml] DEBUG emissary.config.ConfigUtil -   - Attempting flavor merge on emissary.directory.MyDirectoryPlace-CLUSTER.cfg
2023-12-12 00:43:54,036 [using logback-test.xml] DEBUG emissary.config.ConfigUtil -   - Loading config for (string) emissary.directory.MyDirectoryPlace-CLUSTER.cfg
2023-12-12 00:43:54,036 [using logback-test.xml] DEBUG emissary.config.ConfigUtil -   - No file config found using new style emissary.directory.MyDirectoryPlace-CLUSTER.cfg
2023-12-12 00:43:54,036 [using logback-test.xml] DEBUG emissary.config.ConfigUtil -   - No config data as resource for emissary/util/emissary/directory/MyDirectoryPlace-CLUSTER.cfg
2023-12-12 00:43:54,036 [using logback-test.xml] DEBUG emissary.config.ConfigUtil -   - No config data as resource for emissary/directory/MyDirectoryPlace-CLUSTER.cfg
2023-12-12 00:43:54,036 [using logback-test.xml] DEBUG emissary.config.ConfigUtil -   - No file config found using old style MyDirectoryPlace-CLUSTER.cfg
2023-12-12 00:43:54,036 [using logback-test.xml] DEBUG emissary.config.ConfigUtil -   - Unable to opt import flavor config emissary.directory.MyDirectoryPlace-CLUSTER.cfg
2023-12-12 00:43:54,036 [using logback-test.xml] DEBUG emissary.config.ConfigUtil -   - Configured configDirProperty /Users/connor/Projects/work/emissary/target/config
2023-12-12 00:43:54,039 [using logback-test.xml]  INFO emissary.directory.RoutingAlgorithmTest$MyDirectoryPlace -   - Done shutting down DirectoryPlace
]]></system-out>
  </testcase>
  <testcase name="testVisitedPlaceNoRepeatListForAnalyzeStage" classname="emissary.directory.RoutingAlgorithmTest" time="0.003">
    <system-out><![CDATA[2023-12-12 00:43:54,040 [using logback-test.xml]  INFO emissary.command.BaseCommand -   - PROJECT_BASE is set to /Users/connor/Projects/work/emissary/target 
2023-12-12 00:43:54,040 [using logback-test.xml]  INFO emissary.command.BaseCommand -   - Setting emissary.config.dir to /Users/connor/Projects/work/emissary/target/config 
2023-12-12 00:43:54,040 [using logback-test.xml]  INFO emissary.command.BaseCommand -   - Setting emissary.bin.dir to /Users/connor/Projects/work/emissary/target/bin 
2023-12-12 00:43:54,040 [using logback-test.xml]  INFO emissary.command.BaseCommand -   - Setting emissary.output.root to /Users/connor/Projects/work/emissary/target/localoutput 
2023-12-12 00:43:54,041 [using logback-test.xml]  INFO emissary.command.BaseCommand -   - Emissary error dir set to /Users/connor/Projects/work/emissary/target/localerror 
2023-12-12 00:43:54,041 [using logback-test.xml]  INFO emissary.command.BaseCommand -   - Setting emissary.node.name to localhost 
2023-12-12 00:43:54,041 [using logback-test.xml]  INFO emissary.command.BaseCommand -   - Setting emissary.node.port to 8001 
2023-12-12 00:43:54,041 [using logback-test.xml]  INFO emissary.command.BaseCommand -   - Setting emissary.node.scheme to http 
2023-12-12 00:43:54,041 [using logback-test.xml]  WARN emissary.command.BaseCommand -   - Not using /Users/connor/Projects/work/emissary/target/config/logback.xml, staying with test config file:/Users/connor/Projects/work/emissary/target/test-classes/logback-test.xml
2023-12-12 00:43:54,042 [using logback-test.xml]  INFO emissary.command.BaseCommand -   - Overriding current emissary.config.flavor null to CLUSTER 
2023-12-12 00:43:54,042 [using logback-test.xml]  INFO emissary.command.BaseCommand -   - PROJECT_BASE is set to /Users/connor/Projects/work/emissary/target 
2023-12-12 00:43:54,042 [using logback-test.xml]  INFO emissary.command.BaseCommand -   - Setting emissary.config.dir to /Users/connor/Projects/work/emissary/target/config 
2023-12-12 00:43:54,042 [using logback-test.xml]  INFO emissary.command.BaseCommand -   - Setting emissary.bin.dir to /Users/connor/Projects/work/emissary/target/bin 
2023-12-12 00:43:54,042 [using logback-test.xml]  INFO emissary.command.BaseCommand -   - Setting emissary.output.root to /Users/connor/Projects/work/emissary/target/localoutput 
2023-12-12 00:43:54,042 [using logback-test.xml]  INFO emissary.command.BaseCommand -   - Emissary error dir set to /Users/connor/Projects/work/emissary/target/localerror 
2023-12-12 00:43:54,042 [using logback-test.xml]  INFO emissary.command.BaseCommand -   - Setting emissary.config.flavor to CLUSTER 
2023-12-12 00:43:54,042 [using logback-test.xml]  INFO emissary.command.BaseCommand -   - Setting emissary.node.name to localhost 
2023-12-12 00:43:54,042 [using logback-test.xml]  INFO emissary.command.BaseCommand -   - Setting emissary.node.port to 8001 
2023-12-12 00:43:54,042 [using logback-test.xml]  INFO emissary.command.BaseCommand -   - Setting emissary.node.scheme to http 
2023-12-12 00:43:54,042 [using logback-test.xml]  WARN emissary.command.BaseCommand -   - Not using /Users/connor/Projects/work/emissary/target/config/logback.xml, staying with test config file:/Users/connor/Projects/work/emissary/target/test-classes/logback-test.xml
2023-12-12 00:43:54,043 [using logback-test.xml]  INFO emissary.command.BaseCommand -   - Overriding current emissary.config.flavor CLUSTER to CLUSTER 
2023-12-12 00:43:54,043 [using logback-test.xml] DEBUG emissary.config.ConfigUtil -   - Loading config for (string) emissary.directory.MyDirectoryPlace.cfg
2023-12-12 00:43:54,043 [using logback-test.xml] DEBUG emissary.config.ConfigUtil -   - No file config found using new style emissary.directory.MyDirectoryPlace.cfg
2023-12-12 00:43:54,043 [using logback-test.xml] DEBUG emissary.config.ConfigUtil -   - No config data as resource for emissary/util/emissary/directory/MyDirectoryPlace.cfg
2023-12-12 00:43:54,043 [using logback-test.xml] DEBUG emissary.config.ConfigUtil -   - Found config data as resource file:/Users/connor/Projects/work/emissary/target/test-classes/emissary/directory/MyDirectoryPlace.cfg
2023-12-12 00:43:54,043 [using logback-test.xml] DEBUG emissary.config.ConfigUtil -   - Attempting flavor merge on emissary.directory.MyDirectoryPlace-CLUSTER.cfg
2023-12-12 00:43:54,043 [using logback-test.xml] DEBUG emissary.config.ConfigUtil -   - Loading config for (string) emissary.directory.MyDirectoryPlace-CLUSTER.cfg
2023-12-12 00:43:54,043 [using logback-test.xml] DEBUG emissary.config.ConfigUtil -   - No file config found using new style emissary.directory.MyDirectoryPlace-CLUSTER.cfg
2023-12-12 00:43:54,043 [using logback-test.xml] DEBUG emissary.config.ConfigUtil -   - No config data as resource for emissary/util/emissary/directory/MyDirectoryPlace-CLUSTER.cfg
2023-12-12 00:43:54,043 [using logback-test.xml] DEBUG emissary.config.ConfigUtil -   - No config data as resource for emissary/directory/MyDirectoryPlace-CLUSTER.cfg
2023-12-12 00:43:54,043 [using logback-test.xml] DEBUG emissary.config.ConfigUtil -   - No file config found using old style MyDirectoryPlace-CLUSTER.cfg
2023-12-12 00:43:54,043 [using logback-test.xml] DEBUG emissary.config.ConfigUtil -   - Unable to opt import flavor config emissary.directory.MyDirectoryPlace-CLUSTER.cfg
2023-12-12 00:43:54,044 [using logback-test.xml] DEBUG emissary.config.ConfigUtil -   - Configured configDirProperty /Users/connor/Projects/work/emissary/target/config
2023-12-12 00:43:54,045 [using logback-test.xml]  INFO emissary.directory.RoutingAlgorithmTest$MyDirectoryPlace -   - Done shutting down DirectoryPlace
]]></system-out>
  </testcase>
  <testcase name="testIdsInOrderWithCheaperLastPlace" classname="emissary.directory.RoutingAlgorithmTest" time="0.002">
    <system-out><![CDATA[2023-12-12 00:43:54,047 [using logback-test.xml]  INFO emissary.command.BaseCommand -   - PROJECT_BASE is set to /Users/connor/Projects/work/emissary/target 
2023-12-12 00:43:54,047 [using logback-test.xml]  INFO emissary.command.BaseCommand -   - Setting emissary.config.dir to /Users/connor/Projects/work/emissary/target/config 
2023-12-12 00:43:54,047 [using logback-test.xml]  INFO emissary.command.BaseCommand -   - Setting emissary.bin.dir to /Users/connor/Projects/work/emissary/target/bin 
2023-12-12 00:43:54,047 [using logback-test.xml]  INFO emissary.command.BaseCommand -   - Setting emissary.output.root to /Users/connor/Projects/work/emissary/target/localoutput 
2023-12-12 00:43:54,047 [using logback-test.xml]  INFO emissary.command.BaseCommand -   - Emissary error dir set to /Users/connor/Projects/work/emissary/target/localerror 
2023-12-12 00:43:54,047 [using logback-test.xml]  INFO emissary.command.BaseCommand -   - Setting emissary.node.name to localhost 
2023-12-12 00:43:54,047 [using logback-test.xml]  INFO emissary.command.BaseCommand -   - Setting emissary.node.port to 8001 
2023-12-12 00:43:54,047 [using logback-test.xml]  INFO emissary.command.BaseCommand -   - Setting emissary.node.scheme to http 
2023-12-12 00:43:54,047 [using logback-test.xml]  WARN emissary.command.BaseCommand -   - Not using /Users/connor/Projects/work/emissary/target/config/logback.xml, staying with test config file:/Users/connor/Projects/work/emissary/target/test-classes/logback-test.xml
2023-12-12 00:43:54,048 [using logback-test.xml]  INFO emissary.command.BaseCommand -   - Overriding current emissary.config.flavor null to CLUSTER 
[...]
2023-12-12 00:43:54,113 [using logback-test.xml] DEBUG emissary.config.ConfigUtil -   - Configured configDirProperty /Users/connor/Projects/work/emissary/target/config
2023-12-12 00:43:54,116 [using logback-test.xml]  INFO emissary.directory.RoutingAlgorithmTest$MyDirectoryPlace -   - Done shutting down DirectoryPlace
]]></system-out>
  </testcase>
  <testcase name="testCompleteKeyRouting" classname="emissary.directory.RoutingAlgorithmTest" time="0.003">
    <system-out><![CDATA[2023-12-12 00:43:54,117 [using logback-test.xml]  INFO emissary.command.BaseCommand -   - PROJECT_BASE is set to /Users/connor/Projects/work/emissary/target 
2023-12-12 00:43:54,117 [using logback-test.xml]  INFO emissary.command.BaseCommand -   - Setting emissary.config.dir to /Users/connor/Projects/work/emissary/target/config 
2023-12-12 00:43:54,117 [using logback-test.xml]  INFO emissary.command.BaseCommand -   - Setting emissary.bin.dir to /Users/connor/Projects/work/emissary/target/bin 
2023-12-12 00:43:54,117 [using logback-test.xml]  INFO emissary.command.BaseCommand -   - Setting emissary.output.root to /Users/connor/Projects/work/emissary/target/localoutput 
2023-12-12 00:43:54,117 [using logback-test.xml]  INFO emissary.command.BaseCommand -   - Emissary error dir set to /Users/connor/Projects/work/emissary/target/localerror 
2023-12-12 00:43:54,117 [using logback-test.xml]  INFO emissary.command.BaseCommand -   - Setting emissary.node.name to localhost 
2023-12-12 00:43:54,117 [using logback-test.xml]  INFO emissary.command.BaseCommand -   - Setting emissary.node.port to 8001 
2023-12-12 00:43:54,117 [using logback-test.xml]  INFO emissary.command.BaseCommand -   - Setting emissary.node.scheme to http 
2023-12-12 00:43:54,117 [using logback-test.xml]  WARN emissary.command.BaseCommand -   - Not using /Users/connor/Projects/work/emissary/target/config/logback.xml, staying with test config file:/Users/connor/Projects/work/emissary/target/test-classes/logback-test.xml
2023-12-12 00:43:54,118 [using logback-test.xml]  INFO emissary.command.BaseCommand -   - Overriding current emissary.config.flavor null to CLUSTER 
2023-12-12 00:43:54,118 [using logback-test.xml]  INFO emissary.command.BaseCommand -   - PROJECT_BASE is set to /Users/connor/Projects/work/emissary/target 
2023-12-12 00:43:54,118 [using logback-test.xml]  INFO emissary.command.BaseCommand -   - Setting emissary.config.dir to /Users/connor/Projects/work/emissary/target/config 
2023-12-12 00:43:54,118 [using logback-test.xml]  INFO emissary.command.BaseCommand -   - Setting emissary.bin.dir to /Users/connor/Projects/work/emissary/target/bin 
2023-12-12 00:43:54,118 [using logback-test.xml]  INFO emissary.command.BaseCommand -   - Setting emissary.output.root to /Users/connor/Projects/work/emissary/target/localoutput 
2023-12-12 00:43:54,118 [using logback-test.xml]  INFO emissary.command.BaseCommand -   - Emissary error dir set to /Users/connor/Projects/work/emissary/target/localerror 
2023-12-12 00:43:54,118 [using logback-test.xml]  INFO emissary.command.BaseCommand -   - Setting emissary.config.flavor to CLUSTER 
2023-12-12 00:43:54,118 [using logback-test.xml]  INFO emissary.command.BaseCommand -   - Setting emissary.node.name to localhost 
2023-12-12 00:43:54,118 [using logback-test.xml]  INFO emissary.command.BaseCommand -   - Setting emissary.node.port to 8001 
2023-12-12 00:43:54,118 [using logback-test.xml]  INFO emissary.command.BaseCommand -   - Setting emissary.node.scheme to http 
2023-12-12 00:43:54,118 [using logback-test.xml]  WARN emissary.command.BaseCommand -   - Not using /Users/connor/Projects/work/emissary/target/config/logback.xml, staying with test config file:/Users/connor/Projects/work/emissary/target/test-classes/logback-test.xml
2023-12-12 00:43:54,119 [using logback-test.xml]  INFO emissary.command.BaseCommand -   - Overriding current emissary.config.flavor CLUSTER to CLUSTER 
2023-12-12 00:43:54,119 [using logback-test.xml] DEBUG emissary.config.ConfigUtil -   - Loading config for (string) emissary.directory.MyDirectoryPlace.cfg
2023-12-12 00:43:54,119 [using logback-test.xml] DEBUG emissary.config.ConfigUtil -   - No file config found using new style emissary.directory.MyDirectoryPlace.cfg
2023-12-12 00:43:54,119 [using logback-test.xml] DEBUG emissary.config.ConfigUtil -   - No config data as resource for emissary/util/emissary/directory/MyDirectoryPlace.cfg
2023-12-12 00:43:54,119 [using logback-test.xml] DEBUG emissary.config.ConfigUtil -   - Found config data as resource file:/Users/connor/Projects/work/emissary/target/test-classes/emissary/directory/MyDirectoryPlace.cfg
2023-12-12 00:43:54,119 [using logback-test.xml] DEBUG emissary.config.ConfigUtil -   - Attempting flavor merge on emissary.directory.MyDirectoryPlace-CLUSTER.cfg
2023-12-12 00:43:54,119 [using logback-test.xml] DEBUG emissary.config.ConfigUtil -   - Loading config for (string) emissary.directory.MyDirectoryPlace-CLUSTER.cfg
2023-12-12 00:43:54,119 [using logback-test.xml] DEBUG emissary.config.ConfigUtil -   - No file config found using new style emissary.directory.MyDirectoryPlace-CLUSTER.cfg
2023-12-12 00:43:54,119 [using logback-test.xml] DEBUG emissary.config.ConfigUtil -   - No config data as resource for emissary/util/emissary/directory/MyDirectoryPlace-CLUSTER.cfg
2023-12-12 00:43:54,119 [using logback-test.xml] DEBUG emissary.config.ConfigUtil -   - No config data as resource for emissary/directory/MyDirectoryPlace-CLUSTER.cfg
2023-12-12 00:43:54,119 [using logback-test.xml] DEBUG emissary.config.ConfigUtil -   - No file config found using old style MyDirectoryPlace-CLUSTER.cfg
2023-12-12 00:43:54,119 [using logback-test.xml] DEBUG emissary.config.ConfigUtil -   - Unable to opt import flavor config emissary.directory.MyDirectoryPlace-CLUSTER.cfg
2023-12-12 00:43:54,120 [using logback-test.xml] ERROR emissary.core.BaseDataObject -   - INVALID FORM: The form can only contain a-z, A-Z, 0-9, '-', '_', '()', '/', '+'. Given form: FOO.s3.TRANSFORM.http://example.com:9999/T
2023-12-12 00:43:54,120 [using logback-test.xml] DEBUG emissary.config.ConfigUtil -   - Configured configDirProperty /Users/connor/Projects/work/emissary/target/config
2023-12-12 00:43:54,122 [using logback-test.xml]  INFO emissary.directory.RoutingAlgorithmTest$MyDirectoryPlace -   - Done shutting down DirectoryPlace
]]></system-out>
  </testcase>
  <testcase name="testWildCardProxyWithDeniedEntry" classname="emissary.directory.RoutingAlgorithmTest" time="0.005">
    <system-out><![CDATA[2023-12-12 00:43:54,123 [using logback-test.xml]  INFO emissary.command.BaseCommand -   - PROJECT_BASE is set to /Users/connor/Projects/work/emissary/target 
2023-12-12 00:43:54,123 [using logback-test.xml]  INFO emissary.command.BaseCommand -   - Setting emissary.config.dir to /Users/connor/Projects/work/emissary/target/config 
2023-12-12 00:43:54,123 [using logback-test.xml]  INFO emissary.command.BaseCommand -   - Setting emissary.bin.dir to /Users/connor/Projects/work/emissary/target/bin 
2023-12-12 00:43:54,123 [using logback-test.xml]  INFO emissary.command.BaseCommand -   - Setting emissary.output.root to /Users/connor/Projects/work/emissary/target/localoutput 
2023-12-12 00:43:54,123 [using logback-test.xml]  INFO emissary.command.BaseCommand -   - Emissary error dir set to /Users/connor/Projects/work/emissary/target/localerror 
2023-12-12 00:43:54,123 [using logback-test.xml]  INFO emissary.command.BaseCommand -   - Setting emissary.node.name to localhost 
2023-12-12 00:43:54,123 [using logback-test.xml]  INFO emissary.command.BaseCommand -   - Setting emissary.node.port to 8001 
2023-12-12 00:43:54,123 [using logback-test.xml]  INFO emissary.command.BaseCommand -   - Setting emissary.node.scheme to http 
2023-12-12 00:43:54,123 [using logback-test.xml]  WARN emissary.command.BaseCommand -   - Not using /Users/connor/Projects/work/emissary/target/config/logback.xml, staying with test config file:/Users/connor/Projects/work/emissary/target/test-classes/logback-test.xml
2023-12-12 00:43:54,124 [using logback-test.xml]  INFO emissary.command.BaseCommand -   - Overriding current emissary.config.flavor null to CLUSTER 
2023-12-12 00:43:54,124 [using logback-test.xml]  INFO emissary.command.BaseCommand -   - PROJECT_BASE is set to /Users/connor/Projects/work/emissary/target 
2023-12-12 00:43:54,124 [using logback-test.xml]  INFO emissary.command.BaseCommand -   - Setting emissary.config.dir to /Users/connor/Projects/work/emissary/target/config 
2023-12-12 00:43:54,124 [using logback-test.xml]  INFO emissary.command.BaseCommand -   - Setting emissary.bin.dir to /Users/connor/Projects/work/emissary/target/bin 
2023-12-12 00:43:54,124 [using logback-test.xml]  INFO emissary.command.BaseCommand -   - Setting emissary.output.root to /Users/connor/Projects/work/emissary/target/localoutput 
2023-12-12 00:43:54,124 [using logback-test.xml]  INFO emissary.command.BaseCommand -   - Emissary error dir set to /Users/connor/Projects/work/emissary/target/localerror 
2023-12-12 00:43:54,124 [using logback-test.xml]  INFO emissary.command.BaseCommand -   - Setting emissary.config.flavor to CLUSTER 
2023-12-12 00:43:54,124 [using logback-test.xml]  INFO emissary.command.BaseCommand -   - Setting emissary.node.name to localhost 
2023-12-12 00:43:54,124 [using logback-test.xml]  INFO emissary.command.BaseCommand -   - Setting emissary.node.port to 8001 
2023-12-12 00:43:54,124 [using logback-test.xml]  INFO emissary.command.BaseCommand -   - Setting emissary.node.scheme to http 
2023-12-12 00:43:54,124 [using logback-test.xml]  WARN emissary.command.BaseCommand -   - Not using /Users/connor/Projects/work/emissary/target/config/logback.xml, staying with test config file:/Users/connor/Projects/work/emissary/target/test-classes/logback-test.xml
2023-12-12 00:43:54,125 [using logback-test.xml]  INFO emissary.command.BaseCommand -   - Overriding current emissary.config.flavor CLUSTER to CLUSTER 
2023-12-12 00:43:54,125 [using logback-test.xml] DEBUG emissary.config.ConfigUtil -   - Loading config for (string) emissary.directory.MyDirectoryPlace.cfg
2023-12-12 00:43:54,125 [using logback-test.xml] DEBUG emissary.config.ConfigUtil -   - No file config found using new style emissary.directory.MyDirectoryPlace.cfg
2023-12-12 00:43:54,125 [using logback-test.xml] DEBUG emissary.config.ConfigUtil -   - No config data as resource for emissary/util/emissary/directory/MyDirectoryPlace.cfg
2023-12-12 00:43:54,125 [using logback-test.xml] DEBUG emissary.config.ConfigUtil -   - Found config data as resource file:/Users/connor/Projects/work/emissary/target/test-classes/emissary/directory/MyDirectoryPlace.cfg
2023-12-12 00:43:54,126 [using logback-test.xml] DEBUG emissary.config.ConfigUtil -   - Attempting flavor merge on emissary.directory.MyDirectoryPlace-CLUSTER.cfg
2023-12-12 00:43:54,126 [using logback-test.xml] DEBUG emissary.config.ConfigUtil -   - Loading config for (string) emissary.directory.MyDirectoryPlace-CLUSTER.cfg
2023-12-12 00:43:54,126 [using logback-test.xml] DEBUG emissary.config.ConfigUtil -   - No file config found using new style emissary.directory.MyDirectoryPlace-CLUSTER.cfg
2023-12-12 00:43:54,126 [using logback-test.xml] DEBUG emissary.config.ConfigUtil -   - No config data as resource for emissary/util/emissary/directory/MyDirectoryPlace-CLUSTER.cfg
2023-12-12 00:43:54,126 [using logback-test.xml] DEBUG emissary.config.ConfigUtil -   - No config data as resource for emissary/directory/MyDirectoryPlace-CLUSTER.cfg
2023-12-12 00:43:54,126 [using logback-test.xml] DEBUG emissary.config.ConfigUtil -   - No file config found using old style MyDirectoryPlace-CLUSTER.cfg
2023-12-12 00:43:54,126 [using logback-test.xml] DEBUG emissary.config.ConfigUtil -   - Unable to opt import flavor config emissary.directory.MyDirectoryPlace-CLUSTER.cfg
2023-12-12 00:43:54,126 [using logback-test.xml] DEBUG emissary.config.ConfigUtil -   - Loading config for (string) emissary/place/sample/DelayPlace.cfg
2023-12-12 00:43:54,126 [using logback-test.xml] DEBUG emissary.config.ConfigUtil -   - No file config found using new style DelayPlace.cfg
2023-12-12 00:43:54,126 [using logback-test.xml] DEBUG emissary.config.ConfigUtil -   - No config data as resource for emissary/util/emissary/place/sample/DelayPlace.cfg
2023-12-12 00:43:54,126 [using logback-test.xml] DEBUG emissary.config.ConfigUtil -   - Found config data as resource file:/Users/connor/Projects/work/emissary/target/classes/emissary/place/sample/DelayPlace.cfg
2023-12-12 00:43:54,126 [using logback-test.xml] DEBUG emissary.config.ConfigUtil -   - Attempting flavor merge on emissary/place/sample/DelayPlace-CLUSTER.cfg
2023-12-12 00:43:54,126 [using logback-test.xml] DEBUG emissary.config.ConfigUtil -   - Loading config for (string) emissary/place/sample/DelayPlace-CLUSTER.cfg
2023-12-12 00:43:54,126 [using logback-test.xml] DEBUG emissary.config.ConfigUtil -   - No file config found using new style DelayPlace-CLUSTER.cfg
2023-12-12 00:43:54,126 [using logback-test.xml] DEBUG emissary.config.ConfigUtil -   - No config data as resource for emissary/util/emissary/place/sample/DelayPlace-CLUSTER.cfg
2023-12-12 00:43:54,126 [using logback-test.xml] DEBUG emissary.config.ConfigUtil -   - No config data as resource for emissary/place/sample/DelayPlace-CLUSTER.cfg
2023-12-12 00:43:54,126 [using logback-test.xml] DEBUG emissary.config.ConfigUtil -   - No file config found using old style DelayPlace-CLUSTER.cfg
2023-12-12 00:43:54,126 [using logback-test.xml] DEBUG emissary.config.ConfigUtil -   - Unable to opt import flavor config emissary/place/sample/DelayPlace-CLUSTER.cfg
2023-12-12 00:43:54,127 [using logback-test.xml] DEBUG emissary.config.ConfigUtil -   - Configured configDirProperty /Users/connor/Projects/work/emissary/target/config
2023-12-12 00:43:54,130 [using logback-test.xml]  INFO emissary.directory.RoutingAlgorithmTest$MyDirectoryPlace -   - Done shutting down DirectoryPlace
]]></system-out>
  </testcase>
  <testcase name="testContractWithNextKeysPayload" classname="emissary.directory.RoutingAlgorithmTest" time="0.002">
    <system-out><![CDATA[2023-12-12 00:43:54,131 [using logback-test.xml]  INFO emissary.command.BaseCommand -   - PROJECT_BASE is set to /Users/connor/Projects/work/emissary/target 
2023-12-12 00:43:54,131 [using logback-test.xml]  INFO emissary.command.BaseCommand -   - Setting emissary.config.dir to /Users/connor/Projects/work/emissary/target/config 
2023-12-12 00:43:54,131 [using logback-test.xml]  INFO emissary.command.BaseCommand -   - Setting emissary.bin.dir to /Users/connor/Projects/work/emissary/target/bin 
2023-12-12 00:43:54,131 [using logback-test.xml]  INFO emissary.command.BaseCommand -   - Setting emissary.output.root to /Users/connor/Projects/work/emissary/target/localoutput 
2023-12-12 00:43:54,131 [using logback-test.xml]  INFO emissary.command.BaseCommand -   - Emissary error dir set to /Users/connor/Projects/work/emissary/target/localerror 
2023-12-12 00:43:54,131 [using logback-test.xml]  INFO emissary.command.BaseCommand -   - Setting emissary.node.name to localhost 
2023-12-12 00:43:54,131 [using logback-test.xml]  INFO emissary.command.BaseCommand -   - Setting emissary.node.port to 8001 
2023-12-12 00:43:54,131 [using logback-test.xml]  INFO emissary.command.BaseCommand -   - Setting emissary.node.scheme to http 
2023-12-12 00:43:54,131 [using logback-test.xml]  WARN emissary.command.BaseCommand -   - Not using /Users/connor/Projects/work/emissary/target/config/logback.xml, staying with test config file:/Users/connor/Projects/work/emissary/target/test-classes/logback-test.xml
2023-12-12 00:43:54,133 [using logback-test.xml]  INFO emissary.command.BaseCommand -   - Overriding current emissary.config.flavor null to CLUSTER 
2023-12-12 00:43:54,133 [using logback-test.xml]  INFO emissary.command.BaseCommand -   - PROJECT_BASE is set to /Users/connor/Projects/work/emissary/target 
2023-12-12 00:43:54,133 [using logback-test.xml]  INFO emissary.command.BaseCommand -   - Setting emissary.config.dir to /Users/connor/Projects/work/emissary/target/config 
2023-12-12 00:43:54,133 [using logback-test.xml]  INFO emissary.command.BaseCommand -   - Setting emissary.bin.dir to /Users/connor/Projects/work/emissary/target/bin 
2023-12-12 00:43:54,133 [using logback-test.xml]  INFO emissary.command.BaseCommand -   - Setting emissary.output.root to /Users/connor/Projects/work/emissary/target/localoutput 
2023-12-12 00:43:54,133 [using logback-test.xml]  INFO emissary.command.BaseCommand -   - Emissary error dir set to /Users/connor/Projects/work/emissary/target/localerror 
2023-12-12 00:43:54,133 [using logback-test.xml]  INFO emissary.command.BaseCommand -   - Setting emissary.config.flavor to CLUSTER 
2023-12-12 00:43:54,133 [using logback-test.xml]  INFO emissary.command.BaseCommand -   - Setting emissary.node.name to localhost 
2023-12-12 00:43:54,133 [using logback-test.xml]  INFO emissary.command.BaseCommand -   - Setting emissary.node.port to 8001 
2023-12-12 00:43:54,133 [using logback-test.xml]  INFO emissary.command.BaseCommand -   - Setting emissary.node.scheme to http 
2023-12-12 00:43:54,133 [using logback-test.xml]  WARN emissary.command.BaseCommand -   - Not using /Users/connor/Projects/work/emissary/target/config/logback.xml, staying with test config file:/Users/connor/Projects/work/emissary/target/test-classes/logback-test.xml
2023-12-12 00:43:54,133 [using logback-test.xml]  INFO emissary.command.BaseCommand -   - Overriding current emissary.config.flavor CLUSTER to CLUSTER 
2023-12-12 00:43:54,134 [using logback-test.xml] DEBUG emissary.config.ConfigUtil -   - Loading config for (string) emissary.directory.MyDirectoryPlace.cfg
2023-12-12 00:43:54,134 [using logback-test.xml] DEBUG emissary.config.ConfigUtil -   - No file config found using new style emissary.directory.MyDirectoryPlace.cfg
2023-12-12 00:43:54,134 [using logback-test.xml] DEBUG emissary.config.ConfigUtil -   - No config data as resource for emissary/util/emissary/directory/MyDirectoryPlace.cfg
2023-12-12 00:43:54,134 [using logback-test.xml] DEBUG emissary.config.ConfigUtil -   - Found config data as resource file:/Users/connor/Projects/work/emissary/target/test-classes/emissary/directory/MyDirectoryPlace.cfg
2023-12-12 00:43:54,134 [using logback-test.xml] DEBUG emissary.config.ConfigUtil -   - Attempting flavor merge on emissary.directory.MyDirectoryPlace-CLUSTER.cfg
2023-12-12 00:43:54,134 [using logback-test.xml] DEBUG emissary.config.ConfigUtil -   - Loading config for (string) emissary.directory.MyDirectoryPlace-CLUSTER.cfg
2023-12-12 00:43:54,134 [using logback-test.xml] DEBUG emissary.config.ConfigUtil -   - No file config found using new style emissary.directory.MyDirectoryPlace-CLUSTER.cfg
2023-12-12 00:43:54,134 [using logback-test.xml] DEBUG emissary.config.ConfigUtil -   - No config data as resource for emissary/util/emissary/directory/MyDirectoryPlace-CLUSTER.cfg
2023-12-12 00:43:54,134 [using logback-test.xml] DEBUG emissary.config.ConfigUtil -   - No config data as resource for emissary/directory/MyDirectoryPlace-CLUSTER.cfg
2023-12-12 00:43:54,134 [using logback-test.xml] DEBUG emissary.config.ConfigUtil -   - No file config found using old style MyDirectoryPlace-CLUSTER.cfg
2023-12-12 00:43:54,134 [using logback-test.xml] DEBUG emissary.config.ConfigUtil -   - Unable to opt import flavor config emissary.directory.MyDirectoryPlace-CLUSTER.cfg
2023-12-12 00:43:54,134 [using logback-test.xml]  WARN emissary.core.MobileAgent -   - Null payload or placein getNextKey
2023-12-12 00:43:54,135 [using logback-test.xml] DEBUG emissary.config.ConfigUtil -   - Configured configDirProperty /Users/connor/Projects/work/emissary/target/config
2023-12-12 00:43:54,136 [using logback-test.xml]  INFO emissary.directory.RoutingAlgorithmTest$MyDirectoryPlace -   - Done shutting down DirectoryPlace
]]></system-out>
  </testcase>
</testsuite>